WARNING: 158 /home/sjoerd/histograms-data/histograms-rebased/4QQB/2-UUU does not exist
WARNING: 166 /home/sjoerd/histograms-data/histograms-rebased/4QQB/11-CAC does not exist
WARNING: 190 /home/sjoerd/histograms-data/histograms-rebased/6ASO/13-GAU does not exist
SKIP 25 1 25 43
SKIP 25 1 25 44
SKIP 25 1 25 45
SKIP 25 1 26 43
SKIP 25 1 26 44
SKIP 25 1 26 45
SKIP 25 2 7 43
SKIP 25 2 7 44
SKIP 25 2 7 45
SKIP 50 1 25 43
SKIP 50 1 25 44
SKIP 50 1 25 45
SKIP 50 1 26 43
SKIP 50 1 26 44
SKIP 50 1 26 45
SKIP 50 2 7 43
SKIP 50 2 7 44
SKIP 50 2 7 45
SKIP 75 1 25 43
SKIP 75 1 25 44
SKIP 75 1 25 45
SKIP 75 1 26 43
SKIP 75 1 26 44
SKIP 75 1 26 45
SKIP 75 2 7 43
SKIP 75 2 7 44
SKIP 75 2 7 45
SKIP 100 1 25 43
SKIP 100 1 25 44
SKIP 100 1 25 45
SKIP 100 1 26 43
SKIP 100 1 26 44
SKIP 100 1 26 45
SKIP 100 2 7 43
SKIP 100 2 7 44
SKIP 100 2 7 45
