1 100 189 (52.91)
2 91 197 (46.19)
3 106 184 (57.61)
4 107 205 (52.20)
5 109 210 (51.90)
6 108 213 (50.70)
7 117 213 (54.93)
8 103 201 (51.24)
9 104 211 (49.29)
10 101 202 (50.00)
11 100 204 (49.02)
12 107 210 (50.95)
13 105 213 (49.30)
14 103 206 (50.00)
15 107 214 (50.00)
16 106 215 (49.30)
17 104 213 (48.83)
18 108 216 (50.00)
19 107 215 (49.77)
20 108 216 (50.00)
21 106 214 (49.53)
22 106 214 (49.53)
23 109 213 (51.17)
24 107 216 (49.54)
25 107 214 (50.00)
26 100 215 (46.51)
27 111 214 (51.87)
28 104 215 (48.37)
29 108 214 (50.47)
Successes: 3059
