
Success on full set (no train vs test): 129

# Selection
#1 1M5K 4 GCA
#2 4N0T 10 AGA
#3 5MPG 1 UAG
#4 6DCL 5 UUA

# Partition
# complex fragnr frag best_partition pct_best_partition
1A9N 2 AUU 4 100.0 [  0.    0.1   0.  100. ]
1A9N 3 UUG 4 100.0 [  0.6   0.    0.  100. ]
1A9N 4 UGC 4 77.1 [71.5  0.   0.  77.1]
1A9N 5 GCA 1 100.0 [100.    0.    6.2   0.2]
1A9N 6 CAG 1 98.4 [98.4  0.  41.2  0. ]
1A9N 7 AGU 1 88.6 [88.6  0.  29.3  0. ]
1B7F 1 UGU 1 0.0 [0. 0. 0. 0.]
1B7F 2 GUU 1 0.0 [0. 0. 0. 0.]
1B7F 3 UUU 2 0.2 [0.  0.2 0.  0. ]
1B7F 4 UUU 1 2.2 [2.2 0.5 0.9 0. ]
1B7F 5 UUU 1 18.9 [18.9  7.7 13.9  0. ]
1B7F 6 UUU 3 69.2 [32.5 47.7 69.2  0. ]
1B7F 7 UUU 2 59.5 [ 2.4 59.5 45.3  0. ]
1B7F 8 UUU 2 29.0 [ 0. 29.  0.  0.]
1CVJ 1 AAA 3 48.2 [ 0.3  1.4 48.2 12.9]
1CVJ 2 AAA 3 82.8 [34.3  0.  82.8  0.1]
1CVJ 3 AAA 1 69.9 [69.9  0.1 32.8  0. ]
1CVJ 4 AAA 2 10.6 [ 3.  10.6  0.   0. ]
1CVJ 5 AAA 2 28.5 [ 0.  28.5  0.   0. ]
1CVJ 6 AAA 2 19.8 [ 0.  19.8  0.   0. ]
1DRZ 1 AUU 1 0.0 [0. 0. 0. 0.]
1DRZ 2 UUG 1 23.4 [23.4  0.3  0.   0. ]
1DRZ 3 UGC 1 96.0 [96.   0.2  0.   0. ]
1DRZ 4 GCA 1 100.0 [100.    0.1  21.8   0. ]
1DRZ 5 CAC 1 98.3 [98.3  0.  51.8  0. ]
1DRZ 6 ACU 1 94.5 [94.5  0.   0.6  0. ]
1DRZ 7 CUC 1 0.0 [0. 0. 0. 0.]
1FJE 1 AAU 2 29.7 [ 0.  29.7  0.   0. ]
1FJE 2 AUC 1 20.5 [20.5  9.7  0.   0. ]
1FJE 3 UCC 1 88.0 [88.  25.7  0.   0. ]
1FJE 4 CCC 1 90.4 [90.4 53.9 41.4  0. ]
1FJE 5 CCG 1 72.1 [72.1 52.  13.2  0. ]
1FJE 7 GAA 2 43.4 [ 0.  43.4  0.   0.2]
1FJE 8 AAG 4 0.2 [0.  0.1 0.  0.2]
1FXL 1 UUU 1 1.4 [1.4 0.  0.  0. ]
1FXL 2 UUU 1 11.1 [11.1  0.   0.   0. ]
1FXL 3 UUA 1 16.3 [16.3  0.   0.   0. ]
1FXL 4 UAU 1 4.7 [4.7 0.6 4.2 0. ]
1FXL 5 AUU 3 68.8 [ 1.  16.5 68.8  0. ]
1FXL 6 UUU 2 74.9 [ 0.  74.9 24.9  0.2]
1G2E 1 UAU 4 9.6 [0.  0.  0.  9.6]
1G2E 2 AUU 3 0.1 [0.  0.  0.1 0. ]
1M5K 3 UGC 1 99.4 [99.4  0.5  2.5  0. ]
1M5K 4 GCA 1 100.0 [100.    0.   38.8   0. ]
1M5K 5 CAC 1 100.0 [100.    0.   62.6   0. ]
1M5K 6 ACU 1 98.4 [98.4  0.  19.   0. ]
1RKJ 1 UCC 1 94.3 [94.3  5.8  0.9  0. ]
1RKJ 2 CCC 1 60.6 [60.6  6.4 11.8  0. ]
1RKJ 3 CCG 3 90.4 [46.1 30.7 90.4  0. ]
1RKJ 5 GAG 1 0.0 [0. 0. 0. 0.]
1URN 3 UGC 1 98.7 [98.7  1.2  4.4  0. ]
1URN 4 GCA 1 100.0 [100.   0.  37.   0.]
1URN 5 CAC 1 99.2 [99.2  0.  43.2  0. ]
1ZH5 4 GUU 4 0.6 [0.  0.  0.  0.6]
1ZH5 5 UUU 2 0.9 [0.1 0.9 0.4 0. ]
2CJK 1 AUA 2 56.7 [ 0.  56.7  0.   0. ]
2CJK 2 UAU 2 95.4 [ 2.6 95.4  4.1  0. ]
2CJK 3 AUA 3 94.1 [43.1 18.  94.1  0. ]
2CJK 4 UAU 3 73.9 [68.7  1.  73.9  0.1]
2CJK 5 AUA 2 6.4 [0.  6.4 0.  0. ]
2G4B 1 UUU 4 91.4 [ 0.  11.1 85.8 91.4]
2G4B 2 UUU 3 91.5 [ 0.  78.9 91.5  9. ]
2G4B 3 UUU 3 83.5 [ 0.  72.3 83.5  0.2]
2HYI 1 UUU 2 79.9 [ 0.  79.9  7.5  1.9]
2HYI 2 UUU 4 78.2 [ 0.  32.   1.3 78.2]
2HYI 3 UUU 4 100.0 [  0.    0.6   0.  100. ]
2J0S 1 UUU 2 77.9 [ 0.8 77.9  4.4  0. ]
2KG0 1 GGG 2 96.7 [ 5.2 96.7  0.   0.6]
2KG0 2 GGA 2 83.0 [ 0.  83.   0.   4.8]
2KG0 3 GAU 2 48.4 [ 0.  48.4  0.1  0.6]
2KM8 1 UAU 4 84.3 [ 5.3  0.  31.8 84.3]
2KM8 2 AUA 3 71.1 [26.4  0.2 71.1  6.2]
2KM8 3 UAU 3 84.8 [67.4  1.2 84.8  0.4]
2KM8 4 AUA 3 96.4 [55.4  0.2 96.4  8.3]
2KM8 5 UAU 3 56.8 [ 9.2  3.9 56.8 26.3]
2KM8 6 AUA 2 21.8 [ 0.3 21.8  0.   1.8]
2KM8 7 UAA 2 78.5 [ 0.2 78.5  0.   0. ]
2KM8 8 AAU 2 67.9 [ 0.1 67.9  0.   0. ]
2KM8 9 AUA 2 5.8 [0.  5.8 0.  0. ]
2KM8 10 UAA 1 0.0 [0. 0. 0. 0.]
2KXN 1 AGA 3 76.4 [26.8 52.2 76.4  3.1]
2KXN 2 GAA 3 75.4 [60.4 26.1 75.4  0.2]
2KXN 3 AAC 1 60.5 [60.5  0.   2.1  0. ]
2M8D 2 AAG 2 97.6 [ 0.  97.6  1.2  0. ]
2M8D 3 AGG 2 87.8 [ 6.  87.8  9.2  0. ]
2M8D 4 GGA 2 57.5 [ 0.2 57.5  6.4  0. ]
2M8D 5 GAC 2 2.5 [0.  2.5 0.5 0. ]
2MGZ 1 GCA 4 100.0 [  0.   0.   0. 100.]
2MGZ 2 CAU 4 98.2 [ 0.   0.   0.  98.2]
2MGZ 3 AUG 4 79.6 [ 0.   2.6  8.  79.6]
2MGZ 4 UGG 4 43.2 [ 6.4 33.1 32.3 43.2]
2MGZ 5 GGU 3 84.5 [ 6.2 40.1 84.5 17.9]
2MGZ 6 GUG 3 89.6 [73.4 79.9 89.6  0.3]
2MGZ 7 UGU 3 53.2 [40.7 17.7 53.2  0. ]
2MGZ 8 GUG 3 43.1 [23.6 26.5 43.1  0. ]
2MGZ 9 UGC 3 4.2 [0.  1.9 4.2 0. ]
2MKI 1 UUU 3 36.3 [ 0.1  3.  36.3  0. ]
2MKI 2 UUA 3 51.6 [ 0.2  9.5 51.6  0. ]
2MQO 1 ACA 1 69.5 [69.5  0.  31.1  0. ]
2MQO 2 CAC 1 37.1 [37.1  0.  25.3  0. ]
2MQO 3 ACA 2 2.4 [0.  2.4 0.1 0. ]
2MQP 1 CAC 1 59.2 [59.2  3.3 28.6  0.1]
2MQP 2 ACA 3 75.8 [59.6  5.3 75.8  4.4]
2MQP 3 CAC 3 91.8 [31.3 11.2 91.8  6.2]
2MXY 1 UUU 3 71.5 [20.6  3.2 71.5  6.1]
2MXY 2 UUU 3 90.9 [61.  52.  90.9 15.1]
2MXY 3 UUU 1 30.8 [30.8  7.9 19.9  0.4]
2MXY 4 UUC 1 0.0 [0. 0. 0. 0.]
2N3O 1 UCU 2 70.6 [22.  70.6  1.9  0. ]
2N3O 2 CUU 2 68.4 [22.  68.4  0.   0. ]
2N3O 3 UUU 2 10.3 [ 1.8 10.3  0.   0. ]
2RRA 1 AAG 2 64.2 [ 0.  64.2 15.  33.7]
2RRA 2 AGA 3 95.9 [46.6 43.2 95.9 36.2]
2RRA 3 GAA 1 96.5 [96.5 22.9 92.7  7.5]
2VOD 4 UUU 1 35.3 [35.3 29.5 15.9  0. ]
2VON 3 AUU 2 13.6 [ 0.  13.6 10.1  1.5]
2XS7 1 GUU 1 81.6 [81.6 44.9 57.4  0. ]
3MOJ 1 GUU 4 92.0 [ 0.   0.6 32.5 92. ]
3MOJ 2 UUC 4 55.8 [ 0.   0.   0.6 55.8]
3NNH 2 UGU 4 100.0 [  2.9   1.   16.7 100. ]
3NNH 3 GUU 4 100.0 [  9.6   7.1  25.4 100. ]
3NNH 4 UUU 4 59.3 [ 0.1  6.8 24.3 59.3]
3NNH 5 UUU 3 13.0 [ 0.   0.  13.   5.6]
3NNH 6 UUG 3 23.9 [17.9  2.4 23.9  1.6]
3NNH 7 UGU 3 67.4 [40.3 11.5 67.4 31.8]
3NNH 8 GUU 3 90.1 [77.8 42.8 90.1 48.8]
3RW6 1 AAG 2 45.5 [ 0.  45.5  0.   0. ]
3RW6 2 AGA 2 2.3 [1.1 2.3 0.  0. ]
3RW6 3 GAC 2 0.1 [0.  0.1 0.  0. ]
4BS2 2 GUG 2 96.0 [ 6.6 96.  28.6  0. ]
4BS2 3 UGA 2 84.5 [ 1.2 84.5 61.5  0. ]
4BS2 4 GAA 2 61.5 [ 0.  61.5 33.6 36.5]
4BS2 5 AAU 4 77.7 [ 0.  14.4  0.8 77.7]
4CIO 1 GUG 2 76.5 [45.3 76.5  1.   0. ]
4CIO 2 UGU 1 65.0 [65.  33.  45.5  0. ]
4CIO 3 GUG 3 93.6 [82.3 66.9 93.6  0. ]
4CIO 4 UGC 3 77.7 [ 1.5 27.5 77.7  0. ]
4ED5 1 UUU 1 0.3 [0.3 0.  0.  0. ]
4ED5 2 UUU 1 10.6 [10.6  0.   0.   0. ]
4ED5 3 UUA 1 12.6 [12.6  0.   0.   0. ]
4ED5 4 UAU 2 24.7 [ 3.7 24.7  4.4  0. ]
4ED5 5 AUU 3 64.6 [ 4.8 50.3 64.6  0. ]
4F02 6 AAA 2 17.8 [ 0.  17.8  0.   0. ]
4N0T 3 ACA 4 1.4 [0.7 0.  0.7 1.4]
4N0T 5 AAU 1 0.0 [0. 0. 0. 0.]
4N0T 6 AUA 1 0.0 [0. 0. 0. 0.]
4N0T 7 UAC 1 0.5 [0.5 0.  0.1 0. ]
4N0T 8 ACA 2 12.1 [ 0.  12.1  0.   0. ]
4N0T 10 AGA 2 99.9 [ 0.  99.9  0.5  0. ]
4N0T 11 GAG 2 85.3 [ 0.  85.3  0.   1.8]
4N0T 12 AGA 2 61.6 [ 0.  61.6  0.   2.6]
4N0T 13 GAU 2 53.3 [ 0.  53.3  0.   4.3]
4N0T 14 AUG 4 8.7 [0.  0.  0.  8.7]
4N0T 17 AUC 4 83.0 [ 0.  0.  0. 83.]
4QQB 1 UUU 1 0.9 [0.9 0.  0.  0. ]
4QQB 2 UUU 1 10.9 [10.9  0.   0.   0. ]
4QQB 3 UUU 1 21.5 [21.5  0.   2.2  0. ]
4QQB 4 UUU 1 39.0 [39.   0.6 23.5  0. ]
4QQB 5 UUU 3 93.1 [56.9 33.9 93.1  0. ]
4QQB 6 UUG 3 83.4 [ 0.1 19.  83.4  0. ]
4QQB 7 UGA 2 18.3 [ 0.  18.3  0.3  0. ]
4QQB 8 GAG 2 35.7 [ 0.  35.7  0.   0. ]
4QQB 10 GCA 2 9.9 [0.  9.9 5.3 0. ]
4QQB 12 ACG 2 40.5 [ 0.  40.5  0.   0. ]
4QQB 13 CGU 2 7.0 [0.  7.  0.  0.2]
4QQB 14 GUG 2 1.3 [0.  1.3 0.  0.5]
4YB1 1 CAC 1 0.0 [0. 0. 0. 0.]
5DET 1 UCA 1 88.4 [88.4  0.   0.  55.1]
5DET 2 CAC 4 95.4 [86.7  0.   0.1 95.4]
5HO4 1 AGG 3 100.0 [ 16.6   1.1 100.   80.6]
5HO4 2 GGA 3 76.7 [ 0.   5.4 76.7  5.3]
5MPG 1 UAG 3 100.0 [ 51.8  50.6 100.   65. ]
5MPG 2 AGG 3 100.0 [ 93.8  50.9 100.    3.6]
5MPG 3 GGU 1 93.7 [93.7 50.7 85.7  0. ]
5MPG 4 GUC 2 20.5 [19.5 20.5  1.6  0. ]
5MPL 1 CAG 3 100.0 [ 92.6  59.7 100.   92. ]
5MPL 2 AGU 4 89.6 [84.  34.8 89.1 89.6]
5MPL 3 GUU 2 9.5 [4.8 9.5 0.  4.8]
5O1Y 1 UAA 3 65.9 [59.4  0.  65.9  0.1]
5TF6 11 GAG 2 99.2 [ 0.  99.2  0.   0. ]
5TF6 12 AGA 2 81.7 [ 0.  81.7  0.   0. ]
5TF6 13 GAU 2 73.4 [ 0.  73.4  0.   1.7]
5WWE 1 GGG 3 87.1 [ 0.3  0.6 87.1 20.3]
5WWE 2 GGA 3 28.5 [ 0.   0.  28.5  0.7]
5WWG 1 AGG 3 99.8 [22.9 18.9 99.8 49.1]
5WWG 2 GGA 2 59.1 [ 0.  59.1 53.7 17.7]
6ASO 13 GAU 2 97.9 [ 0.  97.9  0.  14.6]
6ASO 14 AUG 4 49.0 [ 0. 33.  0. 49.]
6DCL 1 UAG 3 100.0 [  0.   88.1 100.   17.5]
6DCL 2 AGA 3 99.7 [ 0.  72.4 99.7  0. ]
6DCL 3 GAU 3 72.6 [ 0.  43.7 72.6  4. ]
6DCL 4 AUU 4 65.0 [ 0.   0.   4.1 65. ]
6DCL 5 UUA 4 100.0 [  0.   12.6  53.6 100. ]
6DCL 6 UAG 4 100.0 [  0.   16.1  70.2 100. ]
6DCL 7 AGC 4 99.6 [ 0.  20.  50.9 99.6]
6F4G 2 UUG 1 0.6 [0.6 0.  0.  0.2]
6F4G 3 UGC 1 63.6 [63.6  0.   0.   0. ]
6F4G 4 GCA 1 98.5 [98.5  0.   0.   0. ]
6F4G 5 CAG 1 69.3 [69.3  0.   0.   0. ]
6F4G 6 AGU 1 63.7 [63.7  0.   0.1  0. ]
6F4H 5 CAC 1 96.7 [96.7  1.6 58.7  0. ]
6F4H 6 ACC 3 69.6 [55.3  0.3 69.6  0. ]
6G2K 1 UUU 1 18.9 [18.9  0.5  0.   0. ]
6G2K 2 UUU 1 52.8 [52.8 25.1 18.3  0. ]
6G2K 3 UUU 2 56.7 [34.1 56.7 37.6  0. ]
6G2K 4 UUU 2 52.8 [ 1.  52.8  5.4  8.2]
6GBM 1 AUU 2 13.7 [ 2.4 13.7  1.1  0. ]
6GBM 2 UUC 2 65.3 [48.1 65.3 44.   0. ]
6GC5 3 UUU 4 38.5 [ 0.   0.3 12.  38.5]
6GD2 2 UUA 3 4.8 [2.3 1.2 4.8 0. ]
6GD2 3 UAU 3 23.1 [ 8.4  6.4 23.1  0. ]
6GD2 4 AUU 3 20.0 [ 6.6  8.7 20.   0. ]
6GD3 1 UAU 3 16.5 [ 4.3  4.7 16.5  0.4]
6GD3 2 AUU 3 36.7 [20.9  5.5 36.7  1.1]
6GD3 3 UUU 2 52.5 [27.5 52.5 42.9  1.7]
6GD3 4 UUA 2 59.3 [ 1.3 59.3 19.  36.8]
6GX6 1 CAC 2 0.1 [0.  0.1 0.  0. ]
