1A9N 2 AUU 100.0
1A9N 3 UUG 100.0
1A9N 4 UGC 77.1
1A9N 5 GCA 100.0
1A9N 6 CAG 98.4
1A9N 7 AGU 88.6
1B7F 1 UGU 0.0
1B7F 2 GUU 0.0
1B7F 3 UUU 0.2
1B7F 4 UUU 2.2
1B7F 5 UUU 18.9
1B7F 6 UUU 69.2
1B7F 7 UUU 59.5
1B7F 8 UUU 29.0
1CVJ 1 AAA 48.2
1CVJ 2 AAA 82.8
1CVJ 3 AAA 69.9
1CVJ 4 AAA 10.6
1CVJ 5 AAA 28.5
1CVJ 6 AAA 19.8
1DRZ 1 AUU 0.0
1DRZ 2 UUG 23.4
1DRZ 3 UGC 96.0
1DRZ 4 GCA 100.0
1DRZ 5 CAC 98.3
1DRZ 6 ACU 94.5
1DRZ 7 CUC 0.0
1FJE 1 AAU 29.7
1FJE 2 AUC 20.5
1FJE 3 UCC 88.0
1FJE 4 CCC 90.4
1FJE 5 CCG 72.1
1FJE 7 GAA 43.4
1FJE 8 AAG 0.2
1FXL 1 UUU 1.4
1FXL 2 UUU 11.1
1FXL 3 UUA 16.3
1FXL 4 UAU 4.7
1FXL 5 AUU 68.8
1FXL 6 UUU 74.9
1G2E 1 UAU 9.6
1G2E 2 AUU 0.1
1M5K 3 UGC 99.4
1M5K 4 GCA 100.0
1M5K 5 CAC 100.0
1M5K 6 ACU 98.4
1RKJ 1 UCC 94.3
1RKJ 2 CCC 60.6
1RKJ 3 CCG 90.4
1RKJ 5 GAG 0.0
1URN 3 UGC 98.7
1URN 4 GCA 100.0
1URN 5 CAC 99.2
1ZH5 4 GUU 0.6
1ZH5 5 UUU 0.9
2CJK 1 AUA 56.7
2CJK 2 UAU 95.4
2CJK 3 AUA 94.1
2CJK 4 UAU 73.9
2CJK 5 AUA 6.4
2G4B 1 UUU 91.4
2G4B 2 UUU 91.5
2G4B 3 UUU 83.5
2HYI 1 UUU 79.9
2HYI 2 UUU 78.2
2HYI 3 UUU 100.0
2J0S 1 UUU 77.9
2KG0 1 GGG 96.7
2KG0 2 GGA 83.0
2KG0 3 GAU 48.4
2KM8 1 UAU 84.3
2KM8 2 AUA 71.1
2KM8 3 UAU 84.8
2KM8 4 AUA 96.4
2KM8 5 UAU 56.8
2KM8 6 AUA 21.8
2KM8 7 UAA 78.5
2KM8 8 AAU 67.9
2KM8 9 AUA 5.8
2KM8 10 UAA 0.0
2KXN 1 AGA 76.4
2KXN 2 GAA 75.4
2KXN 3 AAC 60.5
2M8D 2 AAG 97.6
2M8D 3 AGG 87.8
2M8D 4 GGA 57.5
2M8D 5 GAC 2.5
2MGZ 1 GCA 100.0
2MGZ 2 CAU 98.2
2MGZ 3 AUG 79.6
2MGZ 4 UGG 43.2
2MGZ 5 GGU 84.5
2MGZ 6 GUG 89.6
2MGZ 7 UGU 53.2
2MGZ 8 GUG 43.1
2MGZ 9 UGC 4.2
2MKI 1 UUU 36.3
2MKI 2 UUA 51.6
2MQO 1 ACA 69.5
2MQO 2 CAC 37.1
2MQO 3 ACA 2.4
2MQP 1 CAC 59.2
2MQP 2 ACA 75.8
2MQP 3 CAC 91.8
2MXY 1 UUU 71.5
2MXY 2 UUU 90.9
2MXY 3 UUU 30.8
2MXY 4 UUC 0.0
2N3O 1 UCU 70.6
2N3O 2 CUU 68.4
2N3O 3 UUU 10.3
2RRA 1 AAG 64.2
2RRA 2 AGA 95.9
2RRA 3 GAA 96.5
2VOD 4 UUU 35.3
2VON 3 AUU 13.6
2XS7 1 GUU 81.6
3MOJ 1 GUU 92.0
3MOJ 2 UUC 55.8
3NNH 2 UGU 100.0
3NNH 3 GUU 100.0
3NNH 4 UUU 59.3
3NNH 5 UUU 13.0
3NNH 6 UUG 23.9
3NNH 7 UGU 67.4
3NNH 8 GUU 90.1
3RW6 1 AAG 45.5
3RW6 2 AGA 2.3
3RW6 3 GAC 0.1
4BS2 2 GUG 96.0
4BS2 3 UGA 84.5
4BS2 4 GAA 61.5
4BS2 5 AAU 77.7
4CIO 1 GUG 76.5
4CIO 2 UGU 65.0
4CIO 3 GUG 93.6
4CIO 4 UGC 77.7
4ED5 1 UUU 0.3
4ED5 2 UUU 10.6
4ED5 3 UUA 12.6
4ED5 4 UAU 24.7
4ED5 5 AUU 64.6
4F02 6 AAA 17.8
4N0T 3 ACA 1.4
4N0T 5 AAU 0.0
4N0T 6 AUA 0.0
4N0T 7 UAC 0.5
4N0T 8 ACA 12.1
4N0T 10 AGA 99.9
4N0T 11 GAG 85.3
4N0T 12 AGA 61.6
4N0T 13 GAU 53.3
4N0T 14 AUG 8.7
4N0T 17 AUC 83.0
4QQB 1 UUU 0.9
4QQB 2 UUU 10.9
4QQB 3 UUU 21.5
4QQB 4 UUU 39.0
4QQB 5 UUU 93.1
4QQB 6 UUG 83.4
4QQB 7 UGA 18.3
4QQB 8 GAG 35.7
4QQB 10 GCA 9.9
4QQB 12 ACG 40.5
4QQB 13 CGU 7.0
4QQB 14 GUG 1.3
4YB1 1 CAC 0.0
5DET 1 UCA 88.4
5DET 2 CAC 95.4
5HO4 1 AGG 100.0
5HO4 2 GGA 76.7
5MPG 1 UAG 100.0
5MPG 2 AGG 100.0
5MPG 3 GGU 93.7
5MPG 4 GUC 20.5
5MPL 1 CAG 100.0
5MPL 2 AGU 89.6
5MPL 3 GUU 9.5
5O1Y 1 UAA 65.9
5TF6 11 GAG 99.2
5TF6 12 AGA 81.7
5TF6 13 GAU 73.4
5WWE 1 GGG 87.1
5WWE 2 GGA 28.5
5WWG 1 AGG 99.8
5WWG 2 GGA 59.1
6ASO 13 GAU 97.9
6ASO 14 AUG 49.0
6DCL 1 UAG 100.0
6DCL 2 AGA 99.7
6DCL 3 GAU 72.6
6DCL 4 AUU 65.0
6DCL 5 UUA 100.0
6DCL 6 UAG 100.0
6DCL 7 AGC 99.6
6F4G 2 UUG 0.6
6F4G 3 UGC 63.6
6F4G 4 GCA 98.5
6F4G 5 CAG 69.3
6F4G 6 AGU 63.7
6F4H 5 CAC 96.7
6F4H 6 ACC 69.6
6G2K 1 UUU 18.9
6G2K 2 UUU 52.8
6G2K 3 UUU 56.7
6G2K 4 UUU 52.8
6GBM 1 AUU 13.7
6GBM 2 UUC 65.3
6GC5 3 UUU 38.5
6GD2 2 UUA 4.8
6GD2 3 UAU 23.1
6GD2 4 AUU 20.0
6GD3 1 UAU 16.5
6GD3 2 AUU 36.7
6GD3 3 UUU 52.5
6GD3 4 UUA 59.3
6GX6 1 CAC 0.1
1A9N 100.0
1B7F 69.2
1CVJ 82.8
1DRZ 100.0
1FJE 90.4
1FXL 74.9
1G2E 9.6
1M5K 100.0
1RKJ 94.3
1URN 100.0
1ZH5 0.9
2CJK 95.4
2G4B 91.5
2HYI 100.0
2J0S 77.9
2KG0 96.7
2KM8 96.4
2KXN 76.4
2M8D 97.6
2MGZ 100.0
2MKI 51.6
2MQO 69.5
2MQP 91.8
2MXY 90.9
2N3O 70.6
2RRA 96.5
2VOD 35.3
2VON 13.6
2XS7 81.6
3MOJ 92.0
3NNH 100.0
3RW6 45.5
4BS2 96.0
4CIO 93.6
4ED5 64.6
4F02 17.8
4N0T 99.9
4QQB 93.1
4YB1 0.0
5DET 95.4
5HO4 100.0
5MPG 100.0
5MPL 100.0
5O1Y 65.9
5TF6 99.2
5WWE 87.1
5WWG 99.8
6ASO 97.9
6DCL 100.0
6F4G 98.5
6F4H 96.7
6G2K 56.7
6GBM 65.3
6GC5 38.5
6GD2 23.1
6GD3 59.3
6GX6 0.1
