1 106 189 (56.08)
2 108 197 (54.82)
3 123 184 (66.85)
4 125 205 (60.98)
5 124 210 (59.05)
6 129 213 (60.56)
7 125 213 (58.69)
8 118 201 (58.71)
9 123 211 (58.29)
10 119 202 (58.91)
11 118 204 (57.84)
12 127 210 (60.48)
13 127 213 (59.62)
14 123 206 (59.71)
15 127 214 (59.35)
16 128 215 (59.53)
17 125 213 (58.69)
18 128 216 (59.26)
19 129 215 (60.00)
20 129 216 (59.72)
21 128 214 (59.81)
22 126 214 (58.88)
23 127 213 (59.62)
24 128 216 (59.26)
25 127 214 (59.35)
26 127 215 (59.07)
27 126 214 (58.88)
28 128 215 (59.53)
29 129 214 (60.28)
Successes: 3607
