# Training set #1, partition #1
# Selected potential: 64 => 2G4B 3 UUU
# Members: 9 16 62 63 64 89 90 91 96 156 209 212 219 220

# Training set #1, partition #2
# Selected potential: 72 => 2KM8 1 UAU
# Members: 8 36 42 43 72 73 74 103 104 106 121 122 127 140 146 157 171 172 197 198

# Training set #1, partition #3
# Selected potential: 95 => 2MGZ 7 UGU
# Members: 40 59 79 82 83 95 99 107 113 114 118 134 137 144 150 161 162 215 218

# Training set #1, partition #4
# Selected potential: 120 => 3MOJ 2 UUC
# Members: 33 66 67 105 119 120 135 165 167 190 191 211

# Training set #1, partition #5
# Selected potential: 151 => 4N0T 10 AGA
# Members: 41 58 65 68 69 70 78 85 86 110 111 132 133 136 151 152 153 183 184 185

# Training set #1, partition #6
# Selected potential: 188 => 5WWG 1 AGG
# Members: 14 17 18 50 60 75 76 92 93 94 115 138 139 173 174 175 176 177 178 179 180 182 186 187 188 189 192 193 194

# COMBINE 1A9N 2 AUU 0.0 0.2
# COMBINE 1A9N 3 UUG 0.0 0.0
# COMBINE 1A9N 4 UGC 0.0 0.0
# COMBINE 1A9N 5 GCA 16.4 29.1
# COMBINE 1A9N 6 CAG 42.8 61.0
# COMBINE 1A9N 7 AGU 35.1 55.0
# COMBINE 1DRZ 1 AUU 13.7 26.3
# COMBINE 1DRZ 2 UUG 1.4 3.3
# COMBINE 1DRZ 3 UGC 16.7 25.0
# COMBINE 1DRZ 4 GCA 36.9 64.7
# COMBINE 1DRZ 5 CAC 26.2 45.2
# COMBINE 1DRZ 6 ACU 4.4 13.9
# COMBINE 1DRZ 7 CUC 0.0 0.0
# COMBINE 1M5K 3 UGC 28.4 40.9
# COMBINE 1M5K 4 GCA 57.7 101.9
# COMBINE 1M5K 5 CAC 67.5 105.5
# COMBINE 1M5K 6 ACU 49.0 87.1
# COMBINE 1URN 3 UGC 27.6 42.9
# COMBINE 1URN 4 GCA 55.7 96.0
# COMBINE 1URN 5 CAC 46.0 75.1
# COMBINE 4YB1 1 CAC 0.0 0.0
# COMBINE 6F4G 2 UUG 8.2 11.3
# COMBINE 6F4G 3 UGC 4.0 6.8
# COMBINE 6F4G 4 GCA 7.8 11.6
# COMBINE 6F4G 5 CAG 0.2 0.7
# COMBINE 6F4G 6 AGU 0.1 0.1
# COMBINE 6F4H 5 CAC 50.9 60.5
# COMBINE 6F4H 6 ACC 51.2 63.1
1 3 1 28 [ 63  71  94 119 150 187] ['2G4B 3 UUU', '2KM8 1 UAU', '2MGZ 7 UGU', '3MOJ 2 UUC', '4N0T 10 AGA', '5WWG 1 AGG']
**************************************************

# Training set #2, partition #1
# Selected potential: 24 => 1DRZ 3 UGC
# Members: 3 19 20 22 23 24 25 31 32 33 38 44 45 49 52 53 70 71 118 199 200

# Training set #2, partition #2
# Selected potential: 72 => 2KM8 1 UAU
# Members: 8 36 42 43 72 73 74 92 106 140 146 157 171

# Training set #2, partition #3
# Selected potential: 100 => 2MQO 1 ACA
# Members: 5 6 18 26 27 46 47 48 54 65 75 83 84 100 101 103 104 110 115 150 165 172 182 204

# Training set #2, partition #4
# Selected potential: 122 => 3NNH 3 GUU
# Members: 4 82 89 96 97 114 119 120 121 122 123 127 134 139 201 202 203 209 212 219

# Training set #2, partition #5
# Selected potential: 151 => 4N0T 10 AGA
# Members: 41 58 64 68 69 78 79 85 86 94 113 132 133 136 151 152 153 183 184 185 190 211

# Training set #2, partition #6
# Selected potential: 218 => 6GD3 3 UUU
# Members: 17 40 50 59 62 63 99 105 107 111 112 126 138 144 161 162 215 218

# COMBINE 5HO4 1 AGG 53.2 126.0
# COMBINE 5HO4 2 GGA 5.0 15.4
# COMBINE 5MPG 1 UAG 92.6 254.9
# COMBINE 5MPG 2 AGG 84.2 217.2
# COMBINE 5MPG 3 GGU 86.6 151.7
# COMBINE 5MPG 4 GUC 16.3 29.4
# COMBINE 5MPL 1 CAG 96.8 279.4
# COMBINE 5MPL 2 AGU 76.9 134.6
# COMBINE 5MPL 3 GUU 5.8 10.6
# COMBINE 5WWE 1 GGG 8.0 15.0
# COMBINE 5WWE 2 GGA 0.0 0.0
# COMBINE 5WWG 1 AGG 48.2 121.8
# COMBINE 5WWG 2 GGA 33.2 64.9
# COMBINE 6DCL 1 UAG 94.6 290.1
# COMBINE 6DCL 2 AGA 68.2 145.6
# COMBINE 6DCL 3 GAU 30.7 47.6
# COMBINE 6DCL 4 AUU 0.1 1.2
# COMBINE 6DCL 5 UUA 42.0 62.2
# COMBINE 6DCL 6 UAG 89.5 154.6
# COMBINE 6DCL 7 AGC 96.7 195.5
2 8 9 20 [ 23  71  99 121 150 217] ['1DRZ 3 UGC', '2KM8 1 UAU', '2MQO 1 ACA', '3NNH 3 GUU', '4N0T 10 AGA', '6GD3 3 UUU']
**************************************************

# Training set #3, partition #1
# Selected potential: 45 => 1M5K 4 GCA
# Members: 4 5 6 18 24 25 26 27 31 32 33 44 45 46 47 48 49 52 53 54 74 84 100 115 118 137 171 200 201 202 203 204

# Training set #3, partition #2
# Selected potential: 151 => 4N0T 10 AGA
# Members: 58 68 69 70 78 79 85 86 110 111 113 132 136 151 152 153 183 184 185 190 211

# Training set #3, partition #3
# Selected potential: 177 => 5MPG 3 GGU
# Members: 28 65 82 83 105 133 134 146 174 177 178 186 187 189 194 205

# Training set #3, partition #4
# Selected potential: 192 => 6DCL 1 UAG
# Members: 17 50 59 60 64 73 75 76 92 93 94 95 96 103 104 107 114 139 173 175 176 179 180 188 192 193

# Training set #3, partition #5
# Selected potential: 196 => 6DCL 5 UUA
# Members: 1 2 3 62 66 67 72 89 90 91 119 121 122 135 156 172 195 196 197 198

# Training set #3, partition #6
# Selected potential: 216 => 6GD3 1 UAU
# Members: 30 63 97 99 106 126 127 138 150 182 206 216 217 219

# COMBINE 1B7F 1 UGU 0.0 0.0
# COMBINE 1B7F 2 GUU 1.4 2.7
# COMBINE 1B7F 3 UUU 4.1 7.1
# COMBINE 1B7F 4 UUU 21.2 35.4
# COMBINE 1B7F 5 UUU 51.8 93.8
# COMBINE 1B7F 6 UUU 74.9 166.6
# COMBINE 1B7F 7 UUU 74.7 135.5
# COMBINE 1B7F 8 UUU 21.5 33.8
# COMBINE 1FXL 1 UUU 21.8 29.4
# COMBINE 1FXL 2 UUU 22.0 40.4
# COMBINE 1FXL 3 UUA 16.8 28.1
# COMBINE 1FXL 4 UAU 21.0 35.4
# COMBINE 1FXL 5 AUU 39.5 69.4
# COMBINE 1FXL 6 UUU 89.7 162.9
# COMBINE 1G2E 1 UAU 1.3 11.9
# COMBINE 1G2E 2 AUU 12.7 17.1
# COMBINE 4ED5 1 UUU 21.9 30.1
# COMBINE 4ED5 2 UUU 29.8 48.9
# COMBINE 4ED5 3 UUA 19.8 31.7
# COMBINE 4ED5 4 UAU 27.5 48.5
# COMBINE 4ED5 5 AUU 49.6 72.5
# COMBINE 4QQB 1 UUU 4.0 7.8
# COMBINE 4QQB 2 UUU 11.2 23.8
# COMBINE 4QQB 3 UUU 32.3 50.6
# COMBINE 4QQB 4 UUU 47.2 77.1
# COMBINE 4QQB 5 UUU 72.2 158.0
# COMBINE 4QQB 6 UUG 15.9 47.5
# COMBINE 4QQB 7 UGA 14.6 26.7
# COMBINE 4QQB 8 GAG 30.2 65.0
# COMBINE 4QQB 10 GCA 67.5 105.4
# COMBINE 4QQB 12 ACG 31.0 62.8
# COMBINE 4QQB 13 CGU 2.3 7.4
# COMBINE 4QQB 14 GUG 0.6 1.8
3 4 5 33 [ 44 150 176 191 195 215] ['1M5K 4 GCA', '4N0T 10 AGA', '5MPG 3 GGU', '6DCL 1 UAG', '6DCL 5 UUA', '6GD3 1 UAU']
**************************************************

# Training set #4, partition #1
# Selected potential: 45 => 1M5K 4 GCA
# Members: 4 5 6 18 24 25 26 27 31 32 33 44 45 46 47 48 49 52 53 54 84 100 115 118 137 171 177 200 201 202 203 204

# Training set #4, partition #2
# Selected potential: 97 => 2MGZ 9 UGC
# Members: 42 96 97 139 145 178 181 187 189

# Training set #4, partition #3
# Selected potential: 151 => 4N0T 10 AGA
# Members: 41 58 65 68 69 70 78 79 85 86 110 111 113 132 133 134 136 151 152 153 183 184 185 190 211

# Training set #4, partition #4
# Selected potential: 157 => 4QQB 1 UUU
# Members: 8 9 22 23 36 43 140 157 158

# Training set #4, partition #5
# Selected potential: 175 => 5MPG 1 UAG
# Members: 13 17 40 50 59 60 63 64 73 74 75 82 83 93 94 104 105 106 107 114 126 127 138 144 161 162 173 174 175 176 179 182 186 188 192 193 194 205

# Training set #4, partition #6
# Selected potential: 196 => 6DCL 5 UUA
# Members: 1 2 3 62 66 67 72 89 90 91 119 121 122 135 156 172 180 195 196 197 198

# COMBINE 6G2K 1 UUU 36.5 59.3
# COMBINE 6G2K 2 UUU 54.9 106.6
# COMBINE 6G2K 3 UUU 63.5 131.9
# COMBINE 6G2K 4 UUU 55.9 84.1
# COMBINE 6GC5 3 UUU 50.1 83.6
# COMBINE 6GD2 2 UUA 12.2 28.7
# COMBINE 6GD2 3 UAU 25.7 46.7
# COMBINE 6GD2 4 AUU 34.3 61.2
# COMBINE 6GD3 1 UAU 19.8 44.9
# COMBINE 6GD3 2 AUU 38.9 80.4
# COMBINE 6GD3 3 UUU 72.0 147.5
# COMBINE 6GD3 4 UUA 81.0 193.6
4 1 3 12 [ 44  96 150 156 174 195] ['1M5K 4 GCA', '2MGZ 9 UGC', '4N0T 10 AGA', '4QQB 1 UUU', '5MPG 1 UAG', '6DCL 5 UUA']
**************************************************

# Training set #5, partition #1
# Selected potential: 45 => 1M5K 4 GCA
# Members: 4 5 6 18 24 25 26 27 31 32 33 44 45 46 47 48 49 52 53 54 84 100 115 118 137 171 177 200 201 202 203 204

# Training set #5, partition #2
# Selected potential: 97 => 2MGZ 9 UGC
# Members: 42 96 97 139 145 178 181 187 189 219

# Training set #5, partition #3
# Selected potential: 151 => 4N0T 10 AGA
# Members: 41 58 65 68 69 70 78 79 85 86 110 111 113 132 133 134 136 151 152 153 183 184 185 190 211

# Training set #5, partition #4
# Selected potential: 157 => 4QQB 1 UUU
# Members: 8 9 22 23 36 43 140 157 158

# Training set #5, partition #5
# Selected potential: 175 => 5MPG 1 UAG
# Members: 13 17 40 50 59 60 63 64 73 74 75 82 83 93 94 104 105 106 107 114 138 144 161 162 173 174 175 176 179 182 186 188 192 193 194 205

# Training set #5, partition #6
# Selected potential: 196 => 6DCL 5 UUA
# Members: 1 2 3 62 66 67 72 89 90 91 119 135 156 172 180 195 196 197 198

# COMBINE 3NNH 2 UGU 99.0 183.3
# COMBINE 3NNH 3 GUU 100.0 215.7
# COMBINE 3NNH 4 UUU 57.2 144.6
# COMBINE 3NNH 5 UUU 11.8 22.8
# COMBINE 3NNH 6 UUG 24.0 47.3
# COMBINE 3NNH 7 UGU 74.1 181.7
# COMBINE 3NNH 8 GUU 96.9 374.1
5 4 4 7 [ 44  96 150 156 174 195] ['1M5K 4 GCA', '2MGZ 9 UGC', '4N0T 10 AGA', '4QQB 1 UUU', '5MPG 1 UAG', '6DCL 5 UUA']
**************************************************

# Training set #6, partition #1
# Selected potential: 45 => 1M5K 4 GCA
# Members: 4 5 6 18 24 25 26 27 31 32 33 44 45 46 47 48 49 52 53 54 84 100 115 118 137 171 177 200 201 202 203 204

# Training set #6, partition #2
# Selected potential: 97 => 2MGZ 9 UGC
# Members: 42 96 97 139 145 178 181 187 189 219

# Training set #6, partition #3
# Selected potential: 151 => 4N0T 10 AGA
# Members: 41 58 65 68 69 70 78 79 85 86 110 111 113 132 133 134 136 151 152 153 183 184 185 190 211

# Training set #6, partition #4
# Selected potential: 157 => 4QQB 1 UUU
# Members: 8 9 22 23 36 43 140 157 158

# Training set #6, partition #5
# Selected potential: 175 => 5MPG 1 UAG
# Members: 13 17 40 50 59 60 63 64 73 74 75 82 83 93 94 104 105 106 107 114 126 127 138 144 161 162 173 174 175 176 179 182 186 188 192 193 194 205

# Training set #6, partition #6
# Selected potential: 196 => 6DCL 5 UUA
# Members: 1 2 3 62 66 67 72 89 90 91 119 121 122 135 156 172 180 195 196 197 198

# COMBINE 1ZH5 4 GUU 1.9 5.6
# COMBINE 1ZH5 5 UUU 4.1 7.9
# COMBINE 2VOD 4 UUU 35.9 80.9
# COMBINE 2VON 3 AUU 15.3 29.4
6 0 0 4 [ 44  96 150 156 174 195] ['1M5K 4 GCA', '2MGZ 9 UGC', '4N0T 10 AGA', '4QQB 1 UUU', '5MPG 1 UAG', '6DCL 5 UUA']
**************************************************

# Training set #7, partition #1
# Selected potential: 24 => 1DRZ 3 UGC
# Members: 3 19 20 22 23 24 25 31 32 33 38 44 45 48 49 52 53 70 71 118 199 200

# Training set #7, partition #2
# Selected potential: 72 => 2KM8 1 UAU
# Members: 8 36 42 43 72 73 74 103 104 106 140 146 157 171 197 198

# Training set #7, partition #3
# Selected potential: 122 => 3NNH 3 GUU
# Members: 4 5 6 82 89 96 97 119 120 121 122 123 127 134 201 202 203 209 212 219

# Training set #7, partition #4
# Selected potential: 151 => 4N0T 10 AGA
# Members: 41 58 64 69 78 79 85 86 110 113 132 133 136 151 152 153 183 184 185 190 211

# Training set #7, partition #5
# Selected potential: 188 => 5WWG 1 AGG
# Members: 14 17 18 47 50 60 76 83 92 93 94 114 115 138 139 173 174 175 176 177 178 179 180 182 186 187 188 189 192 193 194 205

# Training set #7, partition #6
# Selected potential: 218 => 6GD3 3 UUU
# Members: 26 40 46 54 59 62 63 75 99 105 107 111 112 126 144 161 162 172 204 215 218

# COMBINE 2HYI 1 UUU 83.1 180.3
# COMBINE 2HYI 2 UUU 45.4 99.7
# COMBINE 2HYI 3 UUU 2.7 4.2
# COMBINE 2J0S 1 UUU 73.6 158.6
7 2 2 4 [ 23  71 121 150 187 217] ['1DRZ 3 UGC', '2KM8 1 UAU', '3NNH 3 GUU', '4N0T 10 AGA', '5WWG 1 AGG', '6GD3 3 UUU']
**************************************************

# Training set #8, partition #1
# Selected potential: 24 => 1DRZ 3 UGC
# Members: 3 19 20 22 23 24 25 31 32 33 38 44 45 49 52 53 69 70 71 85 136 199 200

# Training set #8, partition #2
# Selected potential: 95 => 2MGZ 7 UGU
# Members: 40 59 63 64 79 82 95 99 107 113 114 118 134 137 144 161 162 211 215 218

# Training set #8, partition #3
# Selected potential: 100 => 2MQO 1 ACA
# Members: 5 6 18 26 27 46 47 48 54 65 68 74 75 83 84 100 101 103 104 105 110 111 165 171 182 204

# Training set #8, partition #4
# Selected potential: 122 => 3NNH 3 GUU
# Members: 4 96 97 106 120 121 122 123 126 127 132 133 201 202 203 209 212 219

# Training set #8, partition #5
# Selected potential: 188 => 5WWG 1 AGG
# Members: 14 17 41 50 60 76 92 93 94 115 138 139 173 174 175 176 177 178 179 180 186 187 188 189 192 193 194 205

# Training set #8, partition #6
# Selected potential: 196 => 6DCL 5 UUA
# Members: 1 2 62 66 67 72 89 90 91 119 135 172 195 196 197 198

# COMBINE 4N0T 3 ACA 13.9 25.7
# COMBINE 4N0T 5 AAU 0.0 0.0
# COMBINE 4N0T 6 AUA 6.6 15.9
# COMBINE 4N0T 7 UAC 49.8 85.8
# COMBINE 4N0T 8 ACA 86.7 168.0
# COMBINE 4N0T 10 AGA 32.3 45.2
# COMBINE 4N0T 11 GAG 7.4 18.4
# COMBINE 4N0T 12 AGA 14.1 22.1
# COMBINE 4N0T 13 GAU 5.5 10.5
# COMBINE 4N0T 14 AUG 8.3 19.0
# COMBINE 4N0T 17 AUC 61.7 136.9
# COMBINE 5TF6 11 GAG 30.2 41.6
# COMBINE 5TF6 12 AGA 26.2 36.9
# COMBINE 5TF6 13 GAU 4.3 7.4
# COMBINE 6ASO 13 GAU 31.2 79.2
# COMBINE 6ASO 14 AUG 31.0 58.0
8 2 2 16 [ 23  94  99 121 187 195] ['1DRZ 3 UGC', '2MGZ 7 UGU', '2MQO 1 ACA', '3NNH 3 GUU', '5WWG 1 AGG', '6DCL 5 UUA']
**************************************************

# Training set #9, partition #1
# Selected potential: 45 => 1M5K 4 GCA
# Members: 4 5 6 18 24 25 26 27 31 32 33 44 45 46 47 48 49 52 53 54 74 100 118 127 137 171 177 200 201 202 203 204

# Training set #9, partition #2
# Selected potential: 151 => 4N0T 10 AGA
# Members: 58 65 68 69 70 78 79 85 86 110 132 133 134 136 151 152 153 183 184 185 190 211

# Training set #9, partition #3
# Selected potential: 157 => 4QQB 1 UUU
# Members: 8 9 22 23 36 43 140 157 158

# Training set #9, partition #4
# Selected potential: 192 => 6DCL 1 UAG
# Members: 13 14 17 41 50 60 64 73 75 76 92 93 94 95 96 104 107 138 139 165 173 175 176 179 180 182 186 188 192 193 194

# Training set #9, partition #5
# Selected potential: 196 => 6DCL 5 UUA
# Members: 1 2 3 62 66 67 72 89 90 91 119 121 122 135 156 172 195 196 197 198

# Training set #9, partition #6
# Selected potential: 218 => 6GD3 3 UUU
# Members: 40 59 63 99 103 105 106 111 112 126 144 161 162 215 218

# COMBINE 2KXN 1 AGA 70.7 156.7
# COMBINE 2KXN 2 GAA 75.0 198.7
# COMBINE 2KXN 3 AAC 44.0 65.9
# COMBINE 2RRA 1 AAG 60.6 107.8
# COMBINE 2RRA 2 AGA 93.9 237.1
# COMBINE 2RRA 3 GAA 98.3 286.0
9 5 5 6 [ 44 150 156 191 195 217] ['1M5K 4 GCA', '4N0T 10 AGA', '4QQB 1 UUU', '6DCL 1 UAG', '6DCL 5 UUA', '6GD3 3 UUU']
**************************************************

# Training set #10, partition #1
# Selected potential: 45 => 1M5K 4 GCA
# Members: 4 5 6 18 24 25 26 27 31 32 33 44 45 46 47 48 49 52 53 54 84 100 115 118 137 171 177 200 201 202 203 204

# Training set #10, partition #2
# Selected potential: 97 => 2MGZ 9 UGC
# Members: 42 96 97 139 145 178 181 187 189 219

# Training set #10, partition #3
# Selected potential: 151 => 4N0T 10 AGA
# Members: 41 65 68 69 70 85 86 110 111 113 132 133 134 136 151 152 153 183 184 185 190 211

# Training set #10, partition #4
# Selected potential: 157 => 4QQB 1 UUU
# Members: 8 9 22 23 36 43 140 157 158

# Training set #10, partition #5
# Selected potential: 175 => 5MPG 1 UAG
# Members: 13 17 40 50 63 64 82 83 93 94 104 105 106 107 114 126 127 138 144 161 162 173 174 175 176 179 182 186 188 192 193 194 205

# Training set #10, partition #6
# Selected potential: 196 => 6DCL 5 UUA
# Members: 1 2 3 62 66 67 89 90 91 119 121 122 135 156 172 180 195 196 197 198

# COMBINE 2CJK 1 AUA 42.5 56.7
# COMBINE 2CJK 2 UAU 94.9 103.6
# COMBINE 2CJK 3 AUA 90.3 155.2
# COMBINE 2CJK 4 UAU 70.3 144.4
# COMBINE 2CJK 5 AUA 2.5 7.7
# COMBINE 2KM8 1 UAU 94.7 192.6
# COMBINE 2KM8 2 AUA 64.2 131.0
# COMBINE 2KM8 3 UAU 81.3 154.3
# COMBINE 2KM8 4 AUA 93.1 160.3
# COMBINE 2KM8 5 UAU 53.1 104.5
# COMBINE 2KM8 6 AUA 18.3 28.8
# COMBINE 2KM8 7 UAA 80.3 102.6
# COMBINE 2KM8 8 AAU 63.9 81.3
# COMBINE 2KM8 9 AUA 10.0 18.4
# COMBINE 2KM8 10 UAA 5.2 10.4
10 9 9 15 [ 44  96 150 156 174 195] ['1M5K 4 GCA', '2MGZ 9 UGC', '4N0T 10 AGA', '4QQB 1 UUU', '5MPG 1 UAG', '6DCL 5 UUA']
**************************************************

# Training set #11, partition #1
# Selected potential: 24 => 1DRZ 3 UGC
# Members: 3 19 20 22 23 24 25 31 32 33 38 44 45 49 52 53 71 79 118 199 200

# Training set #11, partition #2
# Selected potential: 100 => 2MQO 1 ACA
# Members: 4 5 6 18 26 27 46 47 48 54 65 68 83 84 100 101 103 104 110 111 150 165 171 204

# Training set #11, partition #3
# Selected potential: 174 => 5HO4 2 GGA
# Members: 14 21 41 66 67 133 134 156 174 177 178 186 187 189 194 211 212

# Training set #11, partition #4
# Selected potential: 175 => 5MPG 1 UAG
# Members: 13 17 40 50 59 60 62 63 64 73 74 75 82 105 106 107 114 115 126 127 144 161 162 173 175 176 179 182 188 192 193 205

# Training set #11, partition #5
# Selected potential: 183 => 5TF6 11 GAG
# Members: 69 70 85 86 128 132 151 152 153 154 168 183 184 185 190

# Training set #11, partition #6
# Selected potential: 197 => 6DCL 6 UAG
# Members: 1 2 16 42 72 76 121 122 172 180 196 197 198 202 203 219 220

# COMBINE 2MGZ 1 GCA 17.5 26.0
# COMBINE 2MGZ 2 CAU 55.9 75.8
# COMBINE 2MGZ 3 AUG 10.0 22.2
# COMBINE 2MGZ 4 UGG 67.5 145.7
# COMBINE 2MGZ 5 GGU 79.1 192.6
# COMBINE 2MGZ 6 GUG 92.9 291.6
# COMBINE 2MGZ 7 UGU 51.0 107.4
# COMBINE 2MGZ 8 GUG 47.0 111.3
# COMBINE 2MGZ 9 UGC 24.3 49.1
# COMBINE 4CIO 1 GUG 73.4 138.8
# COMBINE 4CIO 2 UGU 65.1 118.0
# COMBINE 4CIO 3 GUG 90.3 201.8
# COMBINE 4CIO 4 UGC 76.1 156.0
11 7 7 13 [ 23  99 173 174 182 196] ['1DRZ 3 UGC', '2MQO 1 ACA', '5HO4 2 GGA', '5MPG 1 UAG', '5TF6 11 GAG', '6DCL 6 UAG']
**************************************************

# Training set #12, partition #1
# Selected potential: 45 => 1M5K 4 GCA
# Members: 4 5 6 24 25 26 27 31 32 33 44 45 46 47 48 49 52 53 54 84 100 115 118 137 171 177 200 201 202 203 204

# Training set #12, partition #2
# Selected potential: 151 => 4N0T 10 AGA
# Members: 41 58 65 68 69 70 78 79 85 86 110 111 113 132 133 134 136 151 152 153 183 184 185 190 211

# Training set #12, partition #3
# Selected potential: 157 => 4QQB 1 UUU
# Members: 8 9 22 23 36 43 140 157 158

# Training set #12, partition #4
# Selected potential: 175 => 5MPG 1 UAG
# Members: 13 40 50 59 60 63 64 73 74 75 82 83 93 94 104 105 106 107 114 127 139 144 161 162 173 174 175 176 179 186 188 192 193 194 205

# Training set #12, partition #5
# Selected potential: 196 => 6DCL 5 UUA
# Members: 1 2 3 62 66 67 72 89 90 91 119 121 122 135 156 172 180 195 196 197 198

# Training set #12, partition #6
# Selected potential: 216 => 6GD3 1 UAU
# Members: 30 96 97 99 126 138 150 182 206 216 217 219

# COMBINE 1CVJ 1 AAA 40.4 76.0
# COMBINE 1CVJ 2 AAA 78.0 147.8
# COMBINE 1CVJ 3 AAA 67.8 119.9
# COMBINE 1CVJ 4 AAA 8.1 13.9
# COMBINE 1CVJ 5 AAA 21.6 28.5
# COMBINE 1CVJ 6 AAA 11.7 19.8
# COMBINE 4F02 6 AAA 7.2 17.8
12 2 2 7 [ 44 150 156 174 195 215] ['1M5K 4 GCA', '4N0T 10 AGA', '4QQB 1 UUU', '5MPG 1 UAG', '6DCL 5 UUA', '6GD3 1 UAU']
**************************************************

# Training set #13, partition #1
# Selected potential: 45 => 1M5K 4 GCA
# Members: 4 5 6 18 24 25 26 27 31 32 33 44 45 46 47 48 49 52 53 54 84 100 115 118 137 171 177 200 201 202 203 204

# Training set #13, partition #2
# Selected potential: 151 => 4N0T 10 AGA
# Members: 41 58 65 68 69 70 78 79 85 86 110 111 113 132 133 134 136 151 152 153 183 184 185 190 211

# Training set #13, partition #3
# Selected potential: 157 => 4QQB 1 UUU
# Members: 8 9 22 23 36 43 140 157 158

# Training set #13, partition #4
# Selected potential: 175 => 5MPG 1 UAG
# Members: 13 17 40 50 59 60 63 64 73 74 75 82 83 93 94 104 105 114 127 139 144 161 162 173 174 175 176 179 186 188 192 193 194 205

# Training set #13, partition #5
# Selected potential: 196 => 6DCL 5 UUA
# Members: 1 2 3 62 66 67 72 89 90 91 119 121 122 135 156 172 180 195 196 197 198

# Training set #13, partition #6
# Selected potential: 216 => 6GD3 1 UAU
# Members: 30 96 97 99 126 138 150 182 206 216 217 219

# COMBINE 2MXY 1 UUU 75.2 181.1
# COMBINE 2MXY 2 UUU 89.7 246.7
# COMBINE 2MXY 3 UUU 33.0 74.5
# COMBINE 2MXY 4 UUC 5.3 12.2
13 2 2 4 [ 44 150 156 174 195 215] ['1M5K 4 GCA', '4N0T 10 AGA', '4QQB 1 UUU', '5MPG 1 UAG', '6DCL 5 UUA', '6GD3 1 UAU']
**************************************************

# Training set #14, partition #1
# Selected potential: 45 => 1M5K 4 GCA
# Members: 4 5 6 18 24 25 26 27 44 45 46 47 52 53 54 84 100 115 118 137 171 177 200 201 202 203 204

# Training set #14, partition #2
# Selected potential: 97 => 2MGZ 9 UGC
# Members: 42 96 97 139 145 178 181 187 189 219

# Training set #14, partition #3
# Selected potential: 151 => 4N0T 10 AGA
# Members: 41 58 65 68 69 70 78 79 85 86 110 111 113 132 133 134 136 151 152 153 183 184 185 190 211

# Training set #14, partition #4
# Selected potential: 157 => 4QQB 1 UUU
# Members: 8 9 22 23 36 43 140 157 158

# Training set #14, partition #5
# Selected potential: 175 => 5MPG 1 UAG
# Members: 13 17 40 59 60 63 64 73 74 75 82 83 93 94 104 105 106 107 114 126 127 138 144 161 162 173 174 175 176 179 182 186 188 192 193 194 205

# Training set #14, partition #6
# Selected potential: 196 => 6DCL 5 UUA
# Members: 1 2 3 62 66 67 72 89 90 91 119 121 122 135 156 172 180 195 196 197 198

# COMBINE 1FJE 1 AAU 36.4 70.6
# COMBINE 1FJE 2 AUC 26.0 49.3
# COMBINE 1FJE 3 UCC 84.0 121.9
# COMBINE 1FJE 4 CCC 90.8 186.8
# COMBINE 1FJE 5 CCG 69.2 137.3
# COMBINE 1FJE 7 GAA 39.5 64.2
# COMBINE 1FJE 8 AAG 0.0 0.3
# COMBINE 1RKJ 1 UCC 87.6 132.9
# COMBINE 1RKJ 2 CCC 51.0 92.1
# COMBINE 1RKJ 3 CCG 88.5 167.2
# COMBINE 1RKJ 5 GAG 0.0 0.1
14 6 5 11 [ 44  96 150 156 174 195] ['1M5K 4 GCA', '2MGZ 9 UGC', '4N0T 10 AGA', '4QQB 1 UUU', '5MPG 1 UAG', '6DCL 5 UUA']
**************************************************

# Training set #15, partition #1
# Selected potential: 45 => 1M5K 4 GCA
# Members: 4 5 6 18 24 25 26 27 31 32 33 44 45 46 47 48 49 52 53 54 84 100 115 118 137 177 200 201 202 203 204

# Training set #15, partition #2
# Selected potential: 72 => 2KM8 1 UAU
# Members: 8 36 42 43 72 73 74 92 103 104 106 127 140 146 157 171

# Training set #15, partition #3
# Selected potential: 151 => 4N0T 10 AGA
# Members: 41 58 65 68 69 70 78 79 85 86 113 132 133 134 136 151 152 153 183 184 185 190 211

# Training set #15, partition #4
# Selected potential: 175 => 5MPG 1 UAG
# Members: 13 17 40 50 59 60 63 64 75 82 83 93 94 105 107 114 139 144 161 162 173 174 175 176 179 186 188 192 193 194 205

# Training set #15, partition #5
# Selected potential: 196 => 6DCL 5 UUA
# Members: 1 2 3 62 66 67 89 90 91 119 121 122 135 156 172 180 195 196 197 198

# Training set #15, partition #6
# Selected potential: 216 => 6GD3 1 UAU
# Members: 30 96 97 99 126 138 150 182 206 216 217 219

# COMBINE 2N3O 1 UCU 62.6 114.4
# COMBINE 2N3O 2 CUU 62.7 127.7
# COMBINE 2N3O 3 UUU 24.9 51.1
15 2 2 3 [ 44  71 150 174 195 215] ['1M5K 4 GCA', '2KM8 1 UAU', '4N0T 10 AGA', '5MPG 1 UAG', '6DCL 5 UUA', '6GD3 1 UAU']
**************************************************

# Training set #16, partition #1
# Selected potential: 45 => 1M5K 4 GCA
# Members: 4 5 6 18 24 25 26 27 31 32 33 44 45 46 47 48 49 52 53 54 84 100 115 118 137 171 177 200 201 202 203 204

# Training set #16, partition #2
# Selected potential: 97 => 2MGZ 9 UGC
# Members: 42 96 97 139 145 178 181 187 189 219

# Training set #16, partition #3
# Selected potential: 151 => 4N0T 10 AGA
# Members: 41 58 65 68 69 70 78 79 85 86 110 111 113 132 133 134 136 151 152 153 183 184 185 190

# Training set #16, partition #4
# Selected potential: 157 => 4QQB 1 UUU
# Members: 8 9 22 23 36 43 140 157 158

# Training set #16, partition #5
# Selected potential: 175 => 5MPG 1 UAG
# Members: 13 17 40 50 59 60 63 64 73 74 75 82 83 93 94 104 105 106 107 114 126 127 138 144 161 162 173 174 175 176 179 182 186 188 192 193 194 205

# Training set #16, partition #6
# Selected potential: 196 => 6DCL 5 UUA
# Members: 1 2 3 62 66 67 72 89 90 91 119 121 122 135 156 172 180 195 196 197 198

# COMBINE 6GBM 1 AUU 13.8 30.8
# COMBINE 6GBM 2 UUC 74.9 157.5
16 1 1 2 [ 44  96 150 156 174 195] ['1M5K 4 GCA', '2MGZ 9 UGC', '4N0T 10 AGA', '4QQB 1 UUU', '5MPG 1 UAG', '6DCL 5 UUA']
**************************************************

# Training set #17, partition #1
# Selected potential: 45 => 1M5K 4 GCA
# Members: 4 5 6 18 24 25 26 27 31 32 33 44 45 46 47 48 49 52 53 54 84 100 115 118 137 171 177 200 201 202 203 204

# Training set #17, partition #2
# Selected potential: 151 => 4N0T 10 AGA
# Members: 41 58 65 68 69 70 78 79 85 86 110 111 113 136 151 152 153 183 184 185 190 211

# Training set #17, partition #3
# Selected potential: 157 => 4QQB 1 UUU
# Members: 8 9 22 23 36 43 140 157 158

# Training set #17, partition #4
# Selected potential: 175 => 5MPG 1 UAG
# Members: 13 17 40 50 59 60 63 64 73 74 75 82 83 93 94 104 105 106 107 114 127 139 144 161 162 173 174 175 176 179 186 188 192 193 194 205

# Training set #17, partition #5
# Selected potential: 196 => 6DCL 5 UUA
# Members: 1 2 3 62 66 67 72 89 90 91 119 121 122 156 172 180 195 196 197 198

# Training set #17, partition #6
# Selected potential: 216 => 6GD3 1 UAU
# Members: 30 96 97 99 126 138 150 182 206 216 217 219

# COMBINE 4BS2 2 GUG 98.1 232.8
# COMBINE 4BS2 3 UGA 92.2 185.8
# COMBINE 4BS2 4 GAA 67.4 132.2
# COMBINE 4BS2 5 AAU 70.4 99.0
17 4 4 4 [ 44 150 156 174 195 215] ['1M5K 4 GCA', '4N0T 10 AGA', '4QQB 1 UUU', '5MPG 1 UAG', '6DCL 5 UUA', '6GD3 1 UAU']
**************************************************

# Training set #18, partition #1
# Selected potential: 45 => 1M5K 4 GCA
# Members: 4 5 6 18 24 25 26 27 31 32 33 44 45 46 47 48 49 52 53 54 84 100 115 118 137 177 200 201 202 203 204

# Training set #18, partition #2
# Selected potential: 72 => 2KM8 1 UAU
# Members: 8 36 42 43 72 73 74 92 103 104 106 127 140 146 157 171

# Training set #18, partition #3
# Selected potential: 151 => 4N0T 10 AGA
# Members: 41 58 65 68 69 70 78 79 85 86 110 111 113 132 133 134 136 151 152 153 183 184 185 190 211

# Training set #18, partition #4
# Selected potential: 175 => 5MPG 1 UAG
# Members: 13 17 40 50 59 60 63 64 75 82 83 93 94 105 107 114 139 144 161 162 173 174 175 176 179 186 188 192 193 194 205

# Training set #18, partition #5
# Selected potential: 196 => 6DCL 5 UUA
# Members: 1 2 3 62 66 67 89 90 91 119 121 122 135 156 172 180 195 196 197 198

# Training set #18, partition #6
# Selected potential: 216 => 6GD3 1 UAU
# Members: 30 96 97 99 126 138 150 206 216 217 219

# COMBINE 5O1Y 1 UAA 85.4 222.5
18 1 1 1 [ 44  71 150 174 195 215] ['1M5K 4 GCA', '2KM8 1 UAU', '4N0T 10 AGA', '5MPG 1 UAG', '6DCL 5 UUA', '6GD3 1 UAU']
**************************************************

# Training set #19, partition #1
# Selected potential: 45 => 1M5K 4 GCA
# Members: 4 5 6 18 24 25 26 27 31 32 33 44 45 46 47 48 49 52 53 54 84 100 115 118 137 171 177 200 201 202 203 204

# Training set #19, partition #2
# Selected potential: 97 => 2MGZ 9 UGC
# Members: 42 96 97 139 145 178 181 187 189 219

# Training set #19, partition #3
# Selected potential: 151 => 4N0T 10 AGA
# Members: 41 58 65 68 69 70 78 79 85 86 110 111 113 132 133 134 136 151 152 153 183 184 185 190 211

# Training set #19, partition #4
# Selected potential: 157 => 4QQB 1 UUU
# Members: 8 9 22 23 36 43 140 157 158

# Training set #19, partition #5
# Selected potential: 175 => 5MPG 1 UAG
# Members: 13 17 40 50 59 60 63 64 73 74 75 82 83 93 94 104 105 106 107 114 126 127 138 144 161 162 173 174 175 176 179 182 186 188 192 193 194 205

# Training set #19, partition #6
# Selected potential: 196 => 6DCL 5 UUA
# Members: 1 2 3 62 66 67 72 89 90 91 119 121 122 135 156 172 180 195 196 197 198

# COMBINE 2MKI 1 UUU 46.1 88.3
# COMBINE 2MKI 2 UUA 58.3 122.0
19 0 0 2 [ 44  96 150 156 174 195] ['1M5K 4 GCA', '2MGZ 9 UGC', '4N0T 10 AGA', '4QQB 1 UUU', '5MPG 1 UAG', '6DCL 5 UUA']
**************************************************

# Training set #20, partition #1
# Selected potential: 45 => 1M5K 4 GCA
# Members: 4 5 6 18 24 25 26 27 31 32 33 44 45 46 47 48 49 52 53 54 84 100 115 118 137 177 200 201 202 203 204

# Training set #20, partition #2
# Selected potential: 72 => 2KM8 1 UAU
# Members: 8 36 42 43 72 73 74 92 103 104 106 127 140 146 157 171

# Training set #20, partition #3
# Selected potential: 151 => 4N0T 10 AGA
# Members: 41 58 65 68 69 70 78 79 85 86 110 111 113 132 133 134 136 151 152 153 183 184 185 190 211

# Training set #20, partition #4
# Selected potential: 175 => 5MPG 1 UAG
# Members: 13 17 40 50 59 60 63 64 75 82 83 93 94 105 107 114 139 144 161 162 173 174 175 176 179 186 188 192 193 194 205

# Training set #20, partition #5
# Selected potential: 196 => 6DCL 5 UUA
# Members: 1 2 3 62 66 67 89 90 91 119 121 122 135 156 172 180 195 196 197 198

# Training set #20, partition #6
# Selected potential: 216 => 6GD3 1 UAU
# Members: 30 96 97 99 126 138 150 182 206 216 217 219

# COMBINE 6GX6 1 CAC 6.5 11.4
20 0 0 1 [ 44  71 150 174 195 215] ['1M5K 4 GCA', '2KM8 1 UAU', '4N0T 10 AGA', '5MPG 1 UAG', '6DCL 5 UUA', '6GD3 1 UAU']
**************************************************

# Training set #21, partition #1
# Selected potential: 45 => 1M5K 4 GCA
# Members: 4 5 6 18 24 25 26 27 31 32 33 44 45 46 47 48 49 52 53 54 84 115 118 137 171 177 200 201 202 203 204

# Training set #21, partition #2
# Selected potential: 151 => 4N0T 10 AGA
# Members: 41 58 65 68 69 70 78 79 85 86 110 111 113 132 133 134 136 151 152 153 183 184 185 190 211

# Training set #21, partition #3
# Selected potential: 157 => 4QQB 1 UUU
# Members: 8 9 22 23 36 43 140 157 158

# Training set #21, partition #4
# Selected potential: 175 => 5MPG 1 UAG
# Members: 13 17 40 50 59 60 63 64 73 74 75 82 83 93 94 104 105 106 107 114 127 139 144 161 162 173 174 175 176 179 186 188 192 193 194 205

# Training set #21, partition #5
# Selected potential: 196 => 6DCL 5 UUA
# Members: 1 2 3 62 66 67 72 89 90 91 119 121 122 135 156 172 180 195 196 197 198

# Training set #21, partition #6
# Selected potential: 216 => 6GD3 1 UAU
# Members: 30 96 97 99 126 138 150 182 206 216 217 219

# COMBINE 2MQO 1 ACA 62.6 109.3
# COMBINE 2MQO 2 CAC 45.1 98.5
# COMBINE 2MQO 3 ACA 3.6 8.8
21 1 1 3 [ 44 150 156 174 195 215] ['1M5K 4 GCA', '4N0T 10 AGA', '4QQB 1 UUU', '5MPG 1 UAG', '6DCL 5 UUA', '6GD3 1 UAU']
**************************************************

# Training set #22, partition #1
# Selected potential: 45 => 1M5K 4 GCA
# Members: 4 5 6 18 24 25 26 27 31 32 33 44 45 46 47 48 49 52 53 54 84 100 115 118 137 171 177 200 201 202 203 204

# Training set #22, partition #2
# Selected potential: 151 => 4N0T 10 AGA
# Members: 41 58 65 68 69 70 78 79 85 86 110 111 113 132 133 134 136 151 152 153 183 184 185 190 211

# Training set #22, partition #3
# Selected potential: 157 => 4QQB 1 UUU
# Members: 8 9 22 23 36 43 140 157 158

# Training set #22, partition #4
# Selected potential: 175 => 5MPG 1 UAG
# Members: 13 17 40 50 59 60 63 64 73 74 75 82 83 93 94 106 107 114 127 139 144 161 162 173 174 175 176 179 186 188 192 193 194 205

# Training set #22, partition #5
# Selected potential: 196 => 6DCL 5 UUA
# Members: 1 2 3 62 66 67 72 89 90 91 119 121 122 135 156 172 180 195 196 197 198

# Training set #22, partition #6
# Selected potential: 216 => 6GD3 1 UAU
# Members: 30 96 97 99 126 138 150 182 206 216 217 219

# COMBINE 2MQP 1 CAC 65.1 175.1
# COMBINE 2MQP 2 ACA 85.6 248.7
# COMBINE 2MQP 3 CAC 83.4 168.8
22 2 3 3 [ 44 150 156 174 195 215] ['1M5K 4 GCA', '4N0T 10 AGA', '4QQB 1 UUU', '5MPG 1 UAG', '6DCL 5 UUA', '6GD3 1 UAU']
**************************************************

# Training set #23, partition #1
# Selected potential: 45 => 1M5K 4 GCA
# Members: 4 5 6 18 24 25 26 27 31 32 33 44 45 46 47 48 49 52 53 54 84 100 115 118 137 171 177 200 201 202 203 204

# Training set #23, partition #2
# Selected potential: 97 => 2MGZ 9 UGC
# Members: 42 96 97 139 145 178 181 187 189 219

# Training set #23, partition #3
# Selected potential: 151 => 4N0T 10 AGA
# Members: 41 58 65 68 69 70 78 79 110 111 113 132 133 134 136 151 152 153 183 184 185 190 211

# Training set #23, partition #4
# Selected potential: 157 => 4QQB 1 UUU
# Members: 8 9 22 23 36 43 140 157 158

# Training set #23, partition #5
# Selected potential: 175 => 5MPG 1 UAG
# Members: 13 17 40 50 59 60 63 64 73 74 75 82 83 93 94 104 105 106 107 114 126 127 138 144 161 162 173 174 175 176 179 182 186 188 192 193 194 205

# Training set #23, partition #6
# Selected potential: 196 => 6DCL 5 UUA
# Members: 1 2 3 62 66 67 72 89 90 91 119 121 122 135 156 172 180 195 196 197 198

# COMBINE 2M8D 2 AAG 91.8 128.8
# COMBINE 2M8D 3 AGG 74.7 103.1
# COMBINE 2M8D 4 GGA 32.5 64.1
# COMBINE 2M8D 5 GAC 0.3 3.0
23 2 2 4 [ 44  96 150 156 174 195] ['1M5K 4 GCA', '2MGZ 9 UGC', '4N0T 10 AGA', '4QQB 1 UUU', '5MPG 1 UAG', '6DCL 5 UUA']
**************************************************

# Training set #24, partition #1
# Selected potential: 45 => 1M5K 4 GCA
# Members: 4 5 6 18 24 25 26 27 31 32 33 44 45 46 47 48 49 52 53 54 84 100 115 137 171 177 200 201 202 203 204

# Training set #24, partition #2
# Selected potential: 97 => 2MGZ 9 UGC
# Members: 42 96 97 139 145 178 181 187 189 219

# Training set #24, partition #3
# Selected potential: 151 => 4N0T 10 AGA
# Members: 41 58 65 68 69 70 78 79 85 86 110 111 113 132 133 134 136 151 152 153 183 184 185 190 211

# Training set #24, partition #4
# Selected potential: 157 => 4QQB 1 UUU
# Members: 8 9 22 23 36 43 140 157 158

# Training set #24, partition #5
# Selected potential: 175 => 5MPG 1 UAG
# Members: 13 17 40 50 59 60 63 64 73 74 75 82 83 93 94 104 105 106 107 114 126 127 138 144 161 162 173 174 175 176 179 182 186 188 192 193 194 205

# Training set #24, partition #6
# Selected potential: 196 => 6DCL 5 UUA
# Members: 1 2 3 62 66 67 72 89 90 91 119 121 122 135 156 172 180 195 196 197 198

# COMBINE 2XS7 1 GUU 80.7 209.1
24 1 1 1 [ 44  96 150 156 174 195] ['1M5K 4 GCA', '2MGZ 9 UGC', '4N0T 10 AGA', '4QQB 1 UUU', '5MPG 1 UAG', '6DCL 5 UUA']
**************************************************

# Training set #25, partition #1
# Selected potential: 45 => 1M5K 4 GCA
# Members: 4 5 6 18 24 25 26 27 31 32 33 44 45 46 47 48 49 52 53 54 84 100 115 118 137 171 177 200 201 202 203 204

# Training set #25, partition #2
# Selected potential: 97 => 2MGZ 9 UGC
# Members: 42 96 97 139 145 178 181 187 189 219

# Training set #25, partition #3
# Selected potential: 151 => 4N0T 10 AGA
# Members: 41 58 65 68 78 79 85 86 110 111 113 132 133 134 136 151 152 153 183 184 185 190 211

# Training set #25, partition #4
# Selected potential: 157 => 4QQB 1 UUU
# Members: 8 9 22 23 36 43 140 157 158

# Training set #25, partition #5
# Selected potential: 175 => 5MPG 1 UAG
# Members: 13 17 40 50 59 60 63 64 73 74 75 82 83 93 94 104 105 106 107 114 126 127 138 144 161 162 173 174 175 176 179 182 186 188 192 193 194 205

# Training set #25, partition #6
# Selected potential: 196 => 6DCL 5 UUA
# Members: 1 2 3 62 66 67 72 89 90 91 119 121 122 135 156 172 180 195 196 197 198

# COMBINE 2KG0 1 GGG 91.7 102.6
# COMBINE 2KG0 2 GGA 76.3 95.0
# COMBINE 2KG0 3 GAU 66.8 110.8
25 2 3 3 [ 44  96 150 156 174 195] ['1M5K 4 GCA', '2MGZ 9 UGC', '4N0T 10 AGA', '4QQB 1 UUU', '5MPG 1 UAG', '6DCL 5 UUA']
**************************************************

# Training set #26, partition #1
# Selected potential: 45 => 1M5K 4 GCA
# Members: 4 5 6 18 24 25 26 27 31 32 33 44 45 46 47 48 49 52 53 54 84 100 115 118 137 177 200 201 202 203 204

# Training set #26, partition #2
# Selected potential: 97 => 2MGZ 9 UGC
# Members: 42 96 97 139 145 178 181 187 189 219

# Training set #26, partition #3
# Selected potential: 151 => 4N0T 10 AGA
# Members: 41 58 65 68 69 70 78 79 85 86 110 111 113 132 133 134 136 151 152 153 183 184 185 190 211

# Training set #26, partition #4
# Selected potential: 157 => 4QQB 1 UUU
# Members: 8 9 22 23 36 43 140 157 158

# Training set #26, partition #5
# Selected potential: 175 => 5MPG 1 UAG
# Members: 13 17 40 50 59 60 63 64 73 74 75 82 83 93 94 104 105 106 107 114 126 127 138 144 161 162 173 174 175 176 179 182 186 188 192 193 194 205

# Training set #26, partition #6
# Selected potential: 196 => 6DCL 5 UUA
# Members: 1 2 3 62 66 67 72 89 90 91 119 121 122 135 156 180 195 196 197 198

# COMBINE 5DET 1 UCA 86.6 158.8
# COMBINE 5DET 2 CAC 97.0 198.0
26 2 2 2 [ 44  96 150 156 174 195] ['1M5K 4 GCA', '2MGZ 9 UGC', '4N0T 10 AGA', '4QQB 1 UUU', '5MPG 1 UAG', '6DCL 5 UUA']
**************************************************

# Training set #27, partition #1
# Selected potential: 45 => 1M5K 4 GCA
# Members: 4 5 6 18 24 25 26 27 31 32 33 44 45 46 47 48 49 52 53 54 84 100 115 118 137 171 177 200 201 202 203 204

# Training set #27, partition #2
# Selected potential: 97 => 2MGZ 9 UGC
# Members: 42 96 97 139 145 178 181 187 189 219

# Training set #27, partition #3
# Selected potential: 151 => 4N0T 10 AGA
# Members: 41 58 65 68 69 70 78 79 85 86 110 111 113 132 133 134 136 151 152 153 183 184 185 190 211

# Training set #27, partition #4
# Selected potential: 157 => 4QQB 1 UUU
# Members: 8 9 22 23 36 43 140 157 158

# Training set #27, partition #5
# Selected potential: 175 => 5MPG 1 UAG
# Members: 13 17 40 50 59 60 73 74 75 82 83 93 94 104 105 106 107 114 126 127 138 144 161 162 173 174 175 176 179 182 186 188 192 193 194 205

# Training set #27, partition #6
# Selected potential: 196 => 6DCL 5 UUA
# Members: 1 2 3 66 67 72 89 90 91 119 121 122 135 156 172 180 195 196 197 198

# COMBINE 2G4B 1 UUU 80.7 218.5
# COMBINE 2G4B 2 UUU 95.6 231.1
# COMBINE 2G4B 3 UUU 94.1 240.6
27 3 3 3 [ 44  96 150 156 174 195] ['1M5K 4 GCA', '2MGZ 9 UGC', '4N0T 10 AGA', '4QQB 1 UUU', '5MPG 1 UAG', '6DCL 5 UUA']
**************************************************

# Training set #28, partition #1
# Selected potential: 45 => 1M5K 4 GCA
# Members: 4 5 6 18 24 25 26 27 31 32 33 44 45 46 47 48 49 52 53 54 84 100 115 118 137 171 177 200 201 202 203 204

# Training set #28, partition #2
# Selected potential: 97 => 2MGZ 9 UGC
# Members: 42 96 97 139 145 178 181 187 189 219

# Training set #28, partition #3
# Selected potential: 151 => 4N0T 10 AGA
# Members: 41 58 65 68 69 70 78 79 85 86 110 111 113 132 133 134 136 151 152 153 183 184 185 190 211

# Training set #28, partition #4
# Selected potential: 157 => 4QQB 1 UUU
# Members: 8 9 22 23 36 43 140 157 158

# Training set #28, partition #5
# Selected potential: 175 => 5MPG 1 UAG
# Members: 13 17 40 50 59 60 63 64 73 74 75 82 83 93 94 104 105 106 107 114 126 127 138 144 161 162 173 174 175 176 179 182 186 188 192 193 194 205

# Training set #28, partition #6
# Selected potential: 196 => 6DCL 5 UUA
# Members: 1 2 3 62 66 67 72 89 90 91 121 122 135 156 172 180 195 196 197 198

# COMBINE 3MOJ 1 GUU 86.5 136.5
# COMBINE 3MOJ 2 UUC 42.7 57.2
28 1 1 2 [ 44  96 150 156 174 195] ['1M5K 4 GCA', '2MGZ 9 UGC', '4N0T 10 AGA', '4QQB 1 UUU', '5MPG 1 UAG', '6DCL 5 UUA']
**************************************************

# Training set #29, partition #1
# Selected potential: 45 => 1M5K 4 GCA
# Members: 4 5 6 18 24 25 26 27 31 32 33 44 45 46 47 48 49 52 53 54 84 100 115 118 137 171 177 200 201 202 203 204

# Training set #29, partition #2
# Selected potential: 97 => 2MGZ 9 UGC
# Members: 42 96 97 139 145 178 181 187 189 219

# Training set #29, partition #3
# Selected potential: 151 => 4N0T 10 AGA
# Members: 41 58 65 68 69 70 78 79 85 86 110 111 113 132 133 134 136 151 152 153 183 184 185 190 211

# Training set #29, partition #4
# Selected potential: 157 => 4QQB 1 UUU
# Members: 8 9 22 23 36 43 140 157 158

# Training set #29, partition #5
# Selected potential: 175 => 5MPG 1 UAG
# Members: 13 17 40 50 59 60 63 64 73 74 75 82 83 93 94 104 105 106 107 114 126 127 138 144 161 162 173 174 175 176 179 182 186 188 192 193 194 205

# Training set #29, partition #6
# Selected potential: 196 => 6DCL 5 UUA
# Members: 1 2 3 62 66 67 72 89 90 91 119 121 122 135 156 172 180 195 196 197 198

# COMBINE 3RW6 1 AAG 42.0 75.8
# COMBINE 3RW6 2 AGA 6.3 16.7
# COMBINE 3RW6 3 GAC 0.8 2.0
29 0 0 3 [ 44  96 150 156 174 195] ['1M5K 4 GCA', '2MGZ 9 UGC', '4N0T 10 AGA', '4QQB 1 UUU', '5MPG 1 UAG', '6DCL 5 UUA']
**************************************************

Successes: 80
