1A9N 2 AUU 0.0 2G4B 3 UUU
1A9N 3 UUG 0.0 2G4B 3 UUU
1A9N 4 UGC 0.0 2G4B 3 UUU
1A9N 5 GCA 0.9 2KM8 1 UAU
1A9N 6 CAG 7.5 2KM8 1 UAU
1A9N 7 AGU 8.4 5MPG 1 UAG
1DRZ 1 AUU 0.3 2KM8 1 UAU
1DRZ 2 UUG 0.0 2G4B 3 UUU
1DRZ 3 UGC 4.4 2KM8 1 UAU
1DRZ 4 GCA 1.8 2KM8 1 UAU
1DRZ 5 CAC 11.1 5MPG 1 UAG
1DRZ 6 ACU 0.0 2G4B 3 UUU
1DRZ 7 CUC 0.0 2G4B 3 UUU
1M5K 3 UGC 11.2 2KM8 1 UAU
1M5K 4 GCA 15.8 2KM8 1 UAU
1M5K 5 CAC 26.8 5MPG 1 UAG
1M5K 6 ACU 3.6 2KM8 1 UAU
1URN 3 UGC 8.4 2KM8 1 UAU
1URN 4 GCA 9.7 5MPG 1 UAG
1URN 5 CAC 10.8 5MPG 1 UAG
4YB1 1 CAC 0.0 2G4B 3 UUU
6F4G 2 UUG 4.2 2G4B 3 UUU
6F4G 3 UGC 0.4 2G4B 3 UUU
6F4G 4 GCA 1.0 2G4B 3 UUU
6F4G 5 CAG 0.0 2G4B 3 UUU
6F4G 6 AGU 0.0 2G4B 3 UUU
6F4H 5 CAC 22.5 5MPG 1 UAG
6F4H 6 ACC 18.6 5MPG 1 UAG
5HO4 1 AGG 1.3 1M5K 4 GCA
5HO4 2 GGA 0.0 1M5K 4 GCA
5MPG 1 UAG 38.3 6GD3 3 UUU
5MPG 2 AGG 46.5 1M5K 4 GCA
5MPG 3 GGU 54.4 1M5K 4 GCA
5MPG 4 GUC 0.6 4N0T 10 AGA
5MPL 1 CAG 58.0 1M5K 4 GCA
5MPL 2 AGU 48.6 1M5K 4 GCA
5MPL 3 GUU 4.8 4N0T 10 AGA
5WWE 1 GGG 0.0 1M5K 4 GCA
5WWE 2 GGA 0.0 1M5K 4 GCA
5WWG 1 AGG 3.1 1M5K 4 GCA
5WWG 2 GGA 12.7 4N0T 10 AGA
6DCL 1 UAG 66.0 4N0T 10 AGA
6DCL 2 AGA 36.4 4N0T 10 AGA
6DCL 3 GAU 6.5 4N0T 10 AGA
6DCL 4 AUU 0.0 1M5K 4 GCA
6DCL 5 UUA 0.4 4N0T 10 AGA
6DCL 6 UAG 7.6 3NNH 3 GUU
6DCL 7 AGC 21.9 3NNH 3 GUU
1B7F 1 UGU 0.0 1M5K 4 GCA
1B7F 2 GUU 0.0 1M5K 4 GCA
1B7F 3 UUU 0.0 1M5K 4 GCA
1B7F 4 UUU 0.0 1M5K 4 GCA
1B7F 5 UUU 3.7 6DCL 1 UAG
1B7F 6 UUU 26.4 6DCL 1 UAG
1B7F 7 UUU 30.9 6DCL 1 UAG
1B7F 8 UUU 7.3 4N0T 10 AGA
1FXL 1 UUU 0.0 1M5K 4 GCA
1FXL 2 UUU 2.6 1M5K 4 GCA
1FXL 3 UUA 2.4 1M5K 4 GCA
1FXL 4 UAU 0.0 1M5K 4 GCA
1FXL 5 AUU 3.7 6DCL 1 UAG
1FXL 6 UUU 44.4 6DCL 1 UAG
1G2E 1 UAU 0.0 1M5K 4 GCA
1G2E 2 AUU 0.0 1M5K 4 GCA
4ED5 1 UUU 0.0 1M5K 4 GCA
4ED5 2 UUU 0.9 1M5K 4 GCA
4ED5 3 UUA 3.3 1M5K 4 GCA
4ED5 4 UAU 2.5 4N0T 10 AGA
4ED5 5 AUU 14.0 4N0T 10 AGA
4QQB 1 UUU 0.0 1M5K 4 GCA
4QQB 2 UUU 0.3 1M5K 4 GCA
4QQB 3 UUU 1.8 1M5K 4 GCA
4QQB 4 UUU 8.0 1M5K 4 GCA
4QQB 5 UUU 12.4 1M5K 4 GCA
4QQB 6 UUG 0.8 4N0T 10 AGA
4QQB 7 UGA 1.0 4N0T 10 AGA
4QQB 8 GAG 7.9 4N0T 10 AGA
4QQB 10 GCA 21.8 6DCL 1 UAG
4QQB 12 ACG 5.1 4N0T 10 AGA
4QQB 13 CGU 0.2 4N0T 10 AGA
4QQB 14 GUG 0.0 1M5K 4 GCA
6G2K 1 UUU 2.7 1M5K 4 GCA
6G2K 2 UUU 24.9 1M5K 4 GCA
6G2K 3 UUU 19.9 4N0T 10 AGA
6G2K 4 UUU 22.0 4N0T 10 AGA
6GC5 3 UUU 11.2 6DCL 5 UUA
6GD2 2 UUA 0.4 1M5K 4 GCA
6GD2 3 UAU 6.6 5MPG 1 UAG
6GD2 4 AUU 2.3 5MPG 1 UAG
6GD3 1 UAU 2.8 5MPG 1 UAG
6GD3 2 AUU 9.0 5MPG 1 UAG
6GD3 3 UUU 22.1 4N0T 10 AGA
6GD3 4 UUA 15.1 4N0T 10 AGA
3NNH 2 UGU 95.1 6DCL 5 UUA
3NNH 3 GUU 95.7 6DCL 5 UUA
3NNH 4 UUU 21.6 6DCL 5 UUA
3NNH 5 UUU 1.2 5MPG 1 UAG
3NNH 6 UUG 4.3 5MPG 1 UAG
3NNH 7 UGU 19.4 5MPG 1 UAG
3NNH 8 GUU 55.9 5MPG 1 UAG
1ZH5 4 GUU 0.0 1M5K 4 GCA
1ZH5 5 UUU 0.0 1M5K 4 GCA
2VOD 4 UUU 5.1 1M5K 4 GCA
2VON 3 AUU 2.3 4N0T 10 AGA
2HYI 1 UUU 35.5 4N0T 10 AGA
2HYI 2 UUU 29.5 6DCL 5 UUA
2HYI 3 UUU 96.5 6DCL 5 UUA
2J0S 1 UUU 37.0 4N0T 10 AGA
4N0T 3 ACA 0.0 1DRZ 3 UGC
4N0T 5 AAU 0.0 1DRZ 3 UGC
4N0T 6 AUA 0.4 2MQO 1 ACA
4N0T 7 UAC 20.8 2MQO 1 ACA
4N0T 8 ACA 48.2 2MQO 1 ACA
4N0T 10 AGA 0.0 1DRZ 3 UGC
4N0T 11 GAG 0.0 1DRZ 3 UGC
4N0T 12 AGA 0.2 1DRZ 3 UGC
4N0T 13 GAU 1.7 1DRZ 3 UGC
4N0T 14 AUG 0.9 3NNH 3 GUU
4N0T 17 AUC 2.2 3NNH 3 GUU
5TF6 11 GAG 0.0 1DRZ 3 UGC
5TF6 12 AGA 0.0 1DRZ 3 UGC
5TF6 13 GAU 1.1 1DRZ 3 UGC
6ASO 13 GAU 2.8 1DRZ 3 UGC
6ASO 14 AUG 1.0 1DRZ 3 UGC
2KXN 1 AGA 33.8 5MPG 1 UAG
2KXN 2 GAA 39.5 5MPG 1 UAG
2KXN 3 AAC 7.2 1M5K 4 GCA
2RRA 1 AAG 17.6 4N0T 10 AGA
2RRA 2 AGA 60.7 5MPG 1 UAG
2RRA 3 GAA 76.2 1M5K 4 GCA
2CJK 1 AUA 12.1 4N0T 10 AGA
2CJK 2 UAU 81.6 4N0T 10 AGA
2CJK 3 AUA 44.9 5MPG 1 UAG
2CJK 4 UAU 13.7 1M5K 4 GCA
2CJK 5 AUA 0.2 4N0T 10 AGA
2KM8 1 UAU 19.6 6DCL 5 UUA
2KM8 2 AUA 8.7 5MPG 1 UAG
2KM8 3 UAU 34.7 5MPG 1 UAG
2KM8 4 AUA 74.5 5MPG 1 UAG
2KM8 5 UAU 20.3 5MPG 1 UAG
2KM8 6 AUA 4.9 4N0T 10 AGA
2KM8 7 UAA 50.5 4N0T 10 AGA
2KM8 8 AAU 36.8 4N0T 10 AGA
2KM8 9 AUA 0.2 4N0T 10 AGA
2KM8 10 UAA 0.0 1M5K 4 GCA
2MGZ 1 GCA 17.5 6DCL 5 UUA
2MGZ 2 CAU 0.6 6DCL 5 UUA
2MGZ 3 AUG 0.3 5MPG 1 UAG
2MGZ 4 UGG 2.1 5MPG 1 UAG
2MGZ 5 GGU 30.0 5MPG 1 UAG
2MGZ 6 GUG 54.9 5MPG 1 UAG
2MGZ 7 UGU 15.4 5MPG 1 UAG
2MGZ 8 GUG 5.4 5MPG 1 UAG
2MGZ 9 UGC 0.0 1M5K 4 GCA
4CIO 1 GUG 39.9 4N0T 10 AGA
4CIO 2 UGU 28.4 1M5K 4 GCA
4CIO 3 GUG 63.3 5MPG 1 UAG
4CIO 4 UGC 30.8 5MPG 1 UAG
1CVJ 1 AAA 8.5 5MPG 1 UAG
1CVJ 2 AAA 47.5 5MPG 1 UAG
1CVJ 3 AAA 21.1 1M5K 4 GCA
1CVJ 4 AAA 2.4 4N0T 10 AGA
1CVJ 5 AAA 6.3 4N0T 10 AGA
1CVJ 6 AAA 1.5 4N0T 10 AGA
4F02 6 AAA 0.4 4N0T 10 AGA
2MXY 1 UUU 28.7 5MPG 1 UAG
2MXY 2 UUU 48.8 5MPG 1 UAG
2MXY 3 UUU 6.4 1M5K 4 GCA
2MXY 4 UUC 0.0 1M5K 4 GCA
1FJE 1 AAU 2.6 4N0T 10 AGA
1FJE 2 AUC 1.3 1M5K 4 GCA
1FJE 3 UCC 55.6 1M5K 4 GCA
1FJE 4 CCC 55.0 1M5K 4 GCA
1FJE 5 CCG 12.3 1M5K 4 GCA
1FJE 7 GAA 7.2 4N0T 10 AGA
1FJE 8 AAG 0.0 1M5K 4 GCA
1RKJ 1 UCC 45.2 1M5K 4 GCA
1RKJ 2 CCC 15.9 1M5K 4 GCA
1RKJ 3 CCG 69.7 5MPG 1 UAG
1RKJ 5 GAG 0.0 1M5K 4 GCA
2N3O 1 UCU 20.5 4N0T 10 AGA
2N3O 2 CUU 13.6 4N0T 10 AGA
2N3O 3 UUU 1.0 4N0T 10 AGA
6GBM 1 AUU 0.5 4N0T 10 AGA
6GBM 2 UUC 28.4 4N0T 10 AGA
4BS2 2 GUG 71.5 4N0T 10 AGA
4BS2 3 UGA 34.2 4N0T 10 AGA
4BS2 4 GAA 16.3 4N0T 10 AGA
4BS2 5 AAU 18.0 6DCL 5 UUA
5O1Y 1 UAA 32.6 1M5K 4 GCA
2MKI 1 UUU 7.7 5MPG 1 UAG
2MKI 2 UUA 7.0 5MPG 1 UAG
6GX6 1 CAC 0.0 1M5K 4 GCA
2MQO 1 ACA 29.5 1M5K 4 GCA
2MQO 2 CAC 5.8 1M5K 4 GCA
2MQO 3 ACA 0.0 1M5K 4 GCA
2MQP 1 CAC 26.3 1M5K 4 GCA
2MQP 2 ACA 22.1 1M5K 4 GCA
2MQP 3 CAC 43.5 5MPG 1 UAG
2M8D 2 AAG 67.6 4N0T 10 AGA
2M8D 3 AGG 32.1 4N0T 10 AGA
2M8D 4 GGA 6.6 4N0T 10 AGA
2M8D 5 GAC 0.0 1M5K 4 GCA
2XS7 1 GUU 41.0 1M5K 4 GCA
2KG0 1 GGG 58.2 4N0T 10 AGA
2KG0 2 GGA 43.7 4N0T 10 AGA
2KG0 3 GAU 17.6 4N0T 10 AGA
5DET 1 UCA 41.5 1M5K 4 GCA
5DET 2 CAC 53.1 1M5K 4 GCA
2G4B 1 UUU 29.0 5MPG 1 UAG
2G4B 2 UUU 53.3 4N0T 10 AGA
2G4B 3 UUU 47.2 4N0T 10 AGA
3MOJ 1 GUU 64.3 6DCL 5 UUA
3MOJ 2 UUC 16.7 6DCL 5 UUA
3RW6 1 AAG 17.9 4N0T 10 AGA
3RW6 2 AGA 0.0 1M5K 4 GCA
3RW6 3 GAC 0.0 1M5K 4 GCA
1A9N 8.4
1DRZ 11.1
1M5K 26.8
1URN 10.8
4YB1 0.0
6F4G 4.2
6F4H 22.5
5HO4 1.3
5MPG 54.4
5MPL 58.0
5WWE 0.0
5WWG 12.7
6DCL 66.0
1B7F 30.9
1FXL 44.4
1G2E 0.0
4ED5 14.0
4QQB 21.8
6G2K 24.9
6GC5 11.2
6GD2 6.6
6GD3 22.1
3NNH 95.7
1ZH5 0.0
2VOD 5.1
2VON 2.3
2HYI 96.5
2J0S 37.0
4N0T 48.2
5TF6 1.1
6ASO 2.8
2KXN 39.5
2RRA 76.2
2CJK 81.6
2KM8 74.5
2MGZ 54.9
4CIO 63.3
1CVJ 47.5
4F02 0.4
2MXY 48.8
1FJE 55.6
1RKJ 69.7
2N3O 20.5
6GBM 28.4
4BS2 71.5
5O1Y 32.6
2MKI 7.7
6GX6 0.0
2MQO 29.5
2MQP 43.5
2M8D 67.6
2XS7 41.0
2KG0 58.2
5DET 53.1
2G4B 53.3
3MOJ 64.3
3RW6 17.9
