# Training set #1, partition #1
# Selected potential: 95 => 2MGZ 7 UGU
# Members: 40 59 79 82 94 95 99 106 107 113 118 133 134 137 144 161 162 211 215 218

# Training set #1, partition #2
# Selected potential: 100 => 2MQO 1 ACA
# Members: 18 31 32 48 65 68 74 83 84 100 101 103 104 105 110 111 150 165 171

# Training set #1, partition #3
# Selected potential: 183 => 5TF6 11 GAG
# Members: 69 70 85 86 128 132 136 151 152 153 154 168 183 184 185 189 190

# Training set #1, partition #4
# Selected potential: 192 => 6DCL 1 UAG
# Members: 13 14 17 41 50 60 63 64 73 75 76 92 93 96 114 115 126 127 138 139 173 175 176 177 179 180 182 186 188 192 193 194

# Training set #1, partition #5
# Selected potential: 196 => 6DCL 5 UUA
# Members: 62 66 67 72 89 90 91 119 121 122 135 156 172 195 196 197 198

# COMBINE 1A9N 2 AUU 100.0 101.3
# COMBINE 1A9N 3 UUG 99.7 139.4
# COMBINE 1A9N 4 UGC 76.0 110.2
# COMBINE 1A9N 5 GCA 66.8 94.8
# COMBINE 1A9N 6 CAG 92.5 145.7
# COMBINE 1A9N 7 AGU 98.8 148.8
# COMBINE 1DRZ 1 AUU 0.0 0.0
# COMBINE 1DRZ 2 UUG 0.0 0.0
# COMBINE 1DRZ 3 UGC 7.5 10.3
# COMBINE 1DRZ 4 GCA 47.9 67.5
# COMBINE 1DRZ 5 CAC 82.2 89.9
# COMBINE 1DRZ 6 ACU 81.9 88.3
# COMBINE 1DRZ 7 CUC 25.4 31.7
# COMBINE 1M5K 3 UGC 28.6 36.7
# COMBINE 1M5K 4 GCA 69.4 93.7
# COMBINE 1M5K 5 CAC 90.2 97.5
# COMBINE 1M5K 6 ACU 94.4 97.6
# COMBINE 1URN 3 UGC 33.1 44.8
# COMBINE 1URN 4 GCA 64.9 91.0
# COMBINE 1URN 5 CAC 84.7 89.5
# COMBINE 4YB1 1 CAC 0.0 0.0
# COMBINE 6F4G 2 UUG 0.0 0.2
# COMBINE 6F4G 3 UGC 4.8 7.0
# COMBINE 6F4G 4 GCA 27.5 33.4
# COMBINE 6F4G 5 CAG 30.6 41.9
# COMBINE 6F4G 6 AGU 44.3 58.6
# COMBINE 6F4H 5 CAC 89.2 127.8
# COMBINE 6F4H 6 ACC 61.2 96.5
1 14 15 28 [ 94  99 182 191 195] ['2MGZ 7 UGU', '2MQO 1 ACA', '5TF6 11 GAG', '6DCL 1 UAG', '6DCL 5 UUA']
**************************************************

# Training set #2, partition #1
# Selected potential: 45 => 1M5K 4 GCA
# Members: 3 4 5 18 24 25 26 27 31 32 33 44 45 46 47 48 49 52 53 54 60 74 83 84 100 115 118 137 138 171 172 200 201 204

# Training set #2, partition #2
# Selected potential: 122 => 3NNH 3 GUU
# Members: 6 82 89 96 97 114 119 120 121 122 123 127 134 139 202 203 209 212 219

# Training set #2, partition #3
# Selected potential: 151 => 4N0T 10 AGA
# Members: 41 58 64 65 68 69 70 78 79 85 86 94 110 113 132 133 136 151 152 153 183 184 185 190 211

# Training set #2, partition #4
# Selected potential: 157 => 4QQB 1 UUU
# Members: 8 9 22 23 36 43 72 140 157 158

# Training set #2, partition #5
# Selected potential: 218 => 6GD3 3 UUU
# Members: 17 40 50 59 62 63 75 99 103 104 105 106 107 111 112 126 144 161 162 215 218

# COMBINE 5HO4 1 AGG 21.8 43.3
# COMBINE 5HO4 2 GGA 7.0 15.4
# COMBINE 5MPG 1 UAG 89.7 191.2
# COMBINE 5MPG 2 AGG 94.6 166.8
# COMBINE 5MPG 3 GGU 92.2 145.2
# COMBINE 5MPG 4 GUC 22.5 40.0
# COMBINE 5MPL 1 CAG 98.2 212.8
# COMBINE 5MPL 2 AGU 84.0 119.2
# COMBINE 5MPL 3 GUU 7.4 15.4
# COMBINE 5WWE 1 GGG 0.4 1.1
# COMBINE 5WWE 2 GGA 0.0 0.0
# COMBINE 5WWG 1 AGG 27.1 53.4
# COMBINE 5WWG 2 GGA 43.0 60.2
# COMBINE 6DCL 1 UAG 88.5 177.8
# COMBINE 6DCL 2 AGA 70.0 109.2
# COMBINE 6DCL 3 GAU 36.8 46.2
# COMBINE 6DCL 4 AUU 0.0 0.0
# COMBINE 6DCL 5 UUA 9.8 12.8
# COMBINE 6DCL 6 UAG 40.6 61.3
# COMBINE 6DCL 7 AGC 73.4 99.8
2 8 8 20 [ 44 121 150 156 217] ['1M5K 4 GCA', '3NNH 3 GUU', '4N0T 10 AGA', '4QQB 1 UUU', '6GD3 3 UUU']
**************************************************

# Training set #3, partition #1
# Selected potential: 45 => 1M5K 4 GCA
# Members: 4 5 6 24 25 26 27 31 32 33 44 45 46 47 48 49 52 53 54 74 84 100 107 115 118 137 171 200 201 202 203 204

# Training set #3, partition #2
# Selected potential: 151 => 4N0T 10 AGA
# Members: 58 64 65 68 69 70 78 79 85 86 110 111 113 132 133 134 136 151 152 153 183 184 185 190 211

# Training set #3, partition #3
# Selected potential: 188 => 5WWG 1 AGG
# Members: 17 18 50 60 75 76 83 92 93 94 103 114 139 173 174 175 176 177 178 179 180 186 187 188 189 192 193 194 205

# Training set #3, partition #4
# Selected potential: 196 => 6DCL 5 UUA
# Members: 1 2 3 62 66 67 72 89 90 91 119 121 122 135 156 172 195 196 197 198

# Training set #3, partition #5
# Selected potential: 216 => 6GD3 1 UAU
# Members: 30 63 96 97 99 104 106 126 127 138 150 182 206 216 217 219

# COMBINE 1B7F 1 UGU 0.0 0.0
# COMBINE 1B7F 2 GUU 1.9 2.7
# COMBINE 1B7F 3 UUU 4.3 6.3
# COMBINE 1B7F 4 UUU 24.0 31.4
# COMBINE 1B7F 5 UUU 53.8 78.6
# COMBINE 1B7F 6 UUU 68.4 146.8
# COMBINE 1B7F 7 UUU 70.8 129.5
# COMBINE 1B7F 8 UUU 28.2 49.9
# COMBINE 1FXL 1 UUU 24.5 29.4
# COMBINE 1FXL 2 UUU 26.8 40.3
# COMBINE 1FXL 3 UUA 18.1 24.9
# COMBINE 1FXL 4 UAU 12.3 17.9
# COMBINE 1FXL 5 AUU 20.4 31.4
# COMBINE 1FXL 6 UUU 72.5 136.6
# COMBINE 1G2E 1 UAU 3.3 11.3
# COMBINE 1G2E 2 AUU 14.4 17.1
# COMBINE 4ED5 1 UUU 24.9 29.6
# COMBINE 4ED5 2 UUU 33.6 48.8
# COMBINE 4ED5 3 UUA 14.8 19.5
# COMBINE 4ED5 4 UAU 26.6 35.9
# COMBINE 4ED5 5 AUU 50.5 62.2
# COMBINE 4QQB 1 UUU 4.5 7.2
# COMBINE 4QQB 2 UUU 15.3 23.6
# COMBINE 4QQB 3 UUU 37.5 48.6
# COMBINE 4QQB 4 UUU 52.9 71.7
# COMBINE 4QQB 5 UUU 70.9 159.7
# COMBINE 4QQB 6 UUG 48.4 76.1
# COMBINE 4QQB 7 UGA 15.3 19.8
# COMBINE 4QQB 8 GAG 35.3 46.8
# COMBINE 4QQB 10 GCA 61.7 83.5
# COMBINE 4QQB 12 ACG 35.0 51.4
# COMBINE 4QQB 13 CGU 4.3 7.2
# COMBINE 4QQB 14 GUG 0.7 1.8
3 2 5 33 [ 44 150 187 195 215] ['1M5K 4 GCA', '4N0T 10 AGA', '5WWG 1 AGG', '6DCL 5 UUA', '6GD3 1 UAU']
**************************************************

# Training set #4, partition #1
# Selected potential: 45 => 1M5K 4 GCA
# Members: 4 5 6 18 24 25 26 27 31 32 33 44 45 46 47 48 49 52 53 54 84 100 115 118 137 177 200 201 202 203 204

# Training set #4, partition #2
# Selected potential: 72 => 2KM8 1 UAU
# Members: 8 36 42 43 72 73 74 92 103 104 106 127 140 146 157 171

# Training set #4, partition #3
# Selected potential: 151 => 4N0T 10 AGA
# Members: 41 58 65 68 69 70 78 79 85 86 110 111 113 132 133 134 136 151 152 153 183 184 185 190 211

# Training set #4, partition #4
# Selected potential: 175 => 5MPG 1 UAG
# Members: 13 17 40 50 59 60 63 64 75 82 83 93 94 105 107 114 126 138 139 144 161 162 173 174 175 176 179 182 186 188 192 193 194 205

# Training set #4, partition #5
# Selected potential: 196 => 6DCL 5 UUA
# Members: 1 2 3 62 66 67 89 90 91 119 121 122 135 156 172 180 195 196 197 198

# COMBINE 6G2K 1 UUU 31.7 46.6
# COMBINE 6G2K 2 UUU 64.4 124.6
# COMBINE 6G2K 3 UUU 67.8 134.8
# COMBINE 6G2K 4 UUU 53.0 68.9
# COMBINE 6GC5 3 UUU 42.8 65.1
# COMBINE 6GD2 2 UUA 12.5 19.5
# COMBINE 6GD2 3 UAU 27.8 40.3
# COMBINE 6GD2 4 AUU 25.2 35.5
# COMBINE 6GD3 1 UAU 50.5 78.4
# COMBINE 6GD3 2 AUU 44.7 93.9
# COMBINE 6GD3 3 UUU 69.5 133.5
# COMBINE 6GD3 4 UUA 80.9 168.9
4 0 4 12 [ 44  71 150 174 195] ['1M5K 4 GCA', '2KM8 1 UAU', '4N0T 10 AGA', '5MPG 1 UAG', '6DCL 5 UUA']
**************************************************

# Training set #5, partition #1
# Selected potential: 45 => 1M5K 4 GCA
# Members: 4 5 6 18 24 25 26 27 31 32 33 44 45 46 47 48 49 52 53 54 84 100 115 118 137 171 177 200 201 202 203 204

# Training set #5, partition #2
# Selected potential: 97 => 2MGZ 9 UGC
# Members: 42 96 97 139 145 178 181 187 189 219

# Training set #5, partition #3
# Selected potential: 151 => 4N0T 10 AGA
# Members: 41 58 65 68 69 70 78 79 85 86 110 111 113 132 133 134 136 151 152 153 183 184 185 190 211

# Training set #5, partition #4
# Selected potential: 175 => 5MPG 1 UAG
# Members: 13 17 40 50 59 60 63 64 73 74 75 82 83 93 94 104 105 106 107 114 138 144 161 162 173 174 175 176 179 182 186 188 192 193 194 205

# Training set #5, partition #5
# Selected potential: 196 => 6DCL 5 UUA
# Members: 1 2 3 62 66 67 72 89 90 91 119 135 156 172 180 195 196 197 198

# COMBINE 3NNH 2 UGU 100.0 178.4
# COMBINE 3NNH 3 GUU 100.0 212.5
# COMBINE 3NNH 4 UUU 62.2 132.7
# COMBINE 3NNH 5 UUU 12.9 18.9
# COMBINE 3NNH 6 UUG 27.8 45.8
# COMBINE 3NNH 7 UGU 75.7 153.0
# COMBINE 3NNH 8 GUU 95.6 307.5
5 4 5 7 [ 44  96 150 174 195] ['1M5K 4 GCA', '2MGZ 9 UGC', '4N0T 10 AGA', '5MPG 1 UAG', '6DCL 5 UUA']
**************************************************

# Training set #6, partition #1
# Selected potential: 45 => 1M5K 4 GCA
# Members: 4 5 6 18 24 25 26 27 31 32 33 44 45 46 47 48 49 52 53 54 84 100 115 118 137 177 200 201 202 203 204

# Training set #6, partition #2
# Selected potential: 72 => 2KM8 1 UAU
# Members: 8 36 42 43 72 73 74 92 103 104 106 127 140 146 157 171

# Training set #6, partition #3
# Selected potential: 151 => 4N0T 10 AGA
# Members: 41 58 65 68 69 70 78 79 85 86 110 111 113 132 133 134 136 151 152 153 183 184 185 190 211

# Training set #6, partition #4
# Selected potential: 175 => 5MPG 1 UAG
# Members: 13 17 40 50 59 60 63 64 75 82 83 93 94 105 107 114 126 138 139 144 161 162 173 174 175 176 179 182 186 188 192 193 194 205

# Training set #6, partition #5
# Selected potential: 196 => 6DCL 5 UUA
# Members: 1 2 3 62 66 67 89 90 91 119 121 122 135 156 172 180 195 196 197 198

# COMBINE 1ZH5 4 GUU 0.0 0.6
# COMBINE 1ZH5 5 UUU 0.9 1.4
# COMBINE 2VOD 4 UUU 42.7 80.7
# COMBINE 2VON 3 AUU 17.4 26.7
6 0 0 4 [ 44  71 150 174 195] ['1M5K 4 GCA', '2KM8 1 UAU', '4N0T 10 AGA', '5MPG 1 UAG', '6DCL 5 UUA']
**************************************************

# Training set #7, partition #1
# Selected potential: 45 => 1M5K 4 GCA
# Members: 3 4 5 6 18 24 25 26 27 31 32 33 44 45 46 47 48 49 52 53 54 84 100 115 118 137 172 177 200 201 202 203 204

# Training set #7, partition #2
# Selected potential: 64 => 2G4B 3 UUU
# Members: 9 16 62 63 64 89 90 91 96 156 209 212 219 220

# Training set #7, partition #3
# Selected potential: 72 => 2KM8 1 UAU
# Members: 8 36 42 43 72 73 74 92 103 104 106 121 122 127 140 146 157 171 197 198

# Training set #7, partition #4
# Selected potential: 151 => 4N0T 10 AGA
# Members: 41 58 69 70 78 79 85 86 110 111 113 132 133 134 136 151 152 153 183 184 185 190 211

# Training set #7, partition #5
# Selected potential: 175 => 5MPG 1 UAG
# Members: 13 17 40 50 59 60 75 82 83 93 94 105 107 114 126 138 139 144 161 162 173 174 175 176 179 180 182 186 188 192 193 194 205

# COMBINE 2HYI 1 UUU 73.0 88.0
# COMBINE 2HYI 2 UUU 29.4 39.9
# COMBINE 2HYI 3 UUU 0.0 0.6
# COMBINE 2J0S 1 UUU 72.0 83.5
7 2 2 4 [ 44  63  71 150 174] ['1M5K 4 GCA', '2G4B 3 UUU', '2KM8 1 UAU', '4N0T 10 AGA', '5MPG 1 UAG']
**************************************************

# Training set #8, partition #1
# Selected potential: 24 => 1DRZ 3 UGC
# Members: 3 19 20 22 23 24 25 31 32 33 38 44 45 49 52 53 69 70 71 79 85 118 136 199 200

# Training set #8, partition #2
# Selected potential: 100 => 2MQO 1 ACA
# Members: 4 5 6 18 26 27 46 47 48 54 65 68 83 84 100 101 103 104 110 111 165 171 204

# Training set #8, partition #3
# Selected potential: 174 => 5HO4 2 GGA
# Members: 14 21 41 66 67 92 133 134 174 177 178 186 187 189 194 211 212

# Training set #8, partition #4
# Selected potential: 175 => 5MPG 1 UAG
# Members: 13 17 40 50 59 60 62 63 64 73 74 75 82 93 94 105 106 107 114 115 126 127 138 139 144 161 162 173 175 176 179 182 188 192 193 205

# Training set #8, partition #5
# Selected potential: 197 => 6DCL 6 UAG
# Members: 1 2 16 42 72 76 90 121 122 172 180 196 197 198 202 203 219 220

# COMBINE 4N0T 3 ACA 2.1 3.5
# COMBINE 4N0T 5 AAU 0.2 0.2
# COMBINE 4N0T 6 AUA 8.7 14.2
# COMBINE 4N0T 7 UAC 53.6 68.3
# COMBINE 4N0T 8 ACA 77.9 83.3
# COMBINE 4N0T 10 AGA 19.9 25.1
# COMBINE 4N0T 11 GAG 20.6 24.9
# COMBINE 4N0T 12 AGA 43.3 49.6
# COMBINE 4N0T 13 GAU 26.8 34.9
# COMBINE 4N0T 14 AUG 5.1 9.9
# COMBINE 4N0T 17 AUC 66.7 110.7
# COMBINE 5TF6 11 GAG 41.2 48.6
# COMBINE 5TF6 12 AGA 64.1 68.3
# COMBINE 5TF6 13 GAU 44.1 51.3
# COMBINE 6ASO 13 GAU 32.6 56.3
# COMBINE 6ASO 14 AUG 22.0 28.0
8 3 3 16 [ 23  99 173 174 196] ['1DRZ 3 UGC', '2MQO 1 ACA', '5HO4 2 GGA', '5MPG 1 UAG', '6DCL 6 UAG']
**************************************************

# Training set #9, partition #1
# Selected potential: 45 => 1M5K 4 GCA
# Members: 4 5 6 18 24 25 26 27 31 32 33 44 45 46 47 48 49 52 53 54 74 100 118 127 137 171 177 200 201 202 203 204

# Training set #9, partition #2
# Selected potential: 151 => 4N0T 10 AGA
# Members: 58 65 68 69 70 78 79 85 86 110 132 133 134 136 151 152 153 183 184 185 190 211

# Training set #9, partition #3
# Selected potential: 192 => 6DCL 1 UAG
# Members: 13 14 17 41 50 60 64 73 75 76 92 93 94 95 96 104 107 138 139 165 173 175 176 179 180 182 186 188 192 193 194

# Training set #9, partition #4
# Selected potential: 196 => 6DCL 5 UUA
# Members: 1 2 3 62 66 67 72 89 90 91 119 121 122 135 156 172 195 196 197 198

# Training set #9, partition #5
# Selected potential: 218 => 6GD3 3 UUU
# Members: 40 59 63 99 103 105 106 111 112 126 144 161 162 215 218

# COMBINE 2KXN 1 AGA 76.9 156.7
# COMBINE 2KXN 2 GAA 81.4 198.7
# COMBINE 2KXN 3 AAC 50.7 65.9
# COMBINE 2RRA 1 AAG 69.8 107.7
# COMBINE 2RRA 2 AGA 95.9 237.0
# COMBINE 2RRA 3 GAA 99.0 286.0
9 5 5 6 [ 44 150 191 195 217] ['1M5K 4 GCA', '4N0T 10 AGA', '6DCL 1 UAG', '6DCL 5 UUA', '6GD3 3 UUU']
**************************************************

# Training set #10, partition #1
# Selected potential: 45 => 1M5K 4 GCA
# Members: 4 5 6 18 24 25 26 27 31 32 33 44 45 46 47 48 49 52 53 54 84 100 115 118 137 171 177 200 201 202 203 204

# Training set #10, partition #2
# Selected potential: 151 => 4N0T 10 AGA
# Members: 41 65 68 69 70 85 86 110 111 113 132 133 134 136 151 152 153 183 184 185 190 211

# Training set #10, partition #3
# Selected potential: 157 => 4QQB 1 UUU
# Members: 8 9 22 23 36 43 140 157 158

# Training set #10, partition #4
# Selected potential: 175 => 5MPG 1 UAG
# Members: 13 17 40 50 63 64 82 83 93 94 104 105 106 107 114 126 127 138 139 144 161 162 173 174 175 176 179 182 186 188 192 193 194 205

# Training set #10, partition #5
# Selected potential: 196 => 6DCL 5 UUA
# Members: 1 2 3 62 66 67 89 90 91 119 121 122 135 156 172 180 195 196 197 198

# COMBINE 2CJK 1 AUA 49.1 56.7
# COMBINE 2CJK 2 UAU 97.2 102.1
# COMBINE 2CJK 3 AUA 94.1 155.2
# COMBINE 2CJK 4 UAU 78.0 143.7
# COMBINE 2CJK 5 AUA 3.9 6.4
# COMBINE 2KM8 1 UAU 97.5 191.5
# COMBINE 2KM8 2 AUA 72.4 131.0
# COMBINE 2KM8 3 UAU 85.3 154.3
# COMBINE 2KM8 4 AUA 94.6 160.3
# COMBINE 2KM8 5 UAU 56.2 96.2
# COMBINE 2KM8 6 AUA 19.0 23.9
# COMBINE 2KM8 7 UAA 75.3 78.7
# COMBINE 2KM8 8 AAU 62.6 68.3
# COMBINE 2KM8 9 AUA 4.1 5.8
# COMBINE 2KM8 10 UAA 0.0 0.0
10 9 9 15 [ 44 150 156 174 195] ['1M5K 4 GCA', '4N0T 10 AGA', '4QQB 1 UUU', '5MPG 1 UAG', '6DCL 5 UUA']
**************************************************

# Training set #11, partition #1
# Selected potential: 45 => 1M5K 4 GCA
# Members: 4 5 6 18 24 25 26 27 31 32 33 44 45 46 47 48 49 52 53 54 84 100 115 118 171 177 200 201 202 203 204

# Training set #11, partition #2
# Selected potential: 151 => 4N0T 10 AGA
# Members: 41 58 65 68 69 70 78 79 85 86 110 111 113 132 133 134 151 152 153 183 184 185 190 211

# Training set #11, partition #3
# Selected potential: 157 => 4QQB 1 UUU
# Members: 8 9 22 23 36 43 140 157 158

# Training set #11, partition #4
# Selected potential: 175 => 5MPG 1 UAG
# Members: 13 17 40 50 59 60 63 64 73 74 75 82 83 104 105 106 107 114 126 127 144 161 162 173 174 175 176 179 182 186 188 192 193 194 205

# Training set #11, partition #5
# Selected potential: 196 => 6DCL 5 UUA
# Members: 1 2 3 62 66 67 72 119 121 122 135 156 172 180 195 196 197 198

# COMBINE 2MGZ 1 GCA 100.0 100.0
# COMBINE 2MGZ 2 CAU 92.5 98.2
# COMBINE 2MGZ 3 AUG 66.4 90.3
# COMBINE 2MGZ 4 UGG 56.5 115.0
# COMBINE 2MGZ 5 GGU 80.2 148.7
# COMBINE 2MGZ 6 GUG 91.6 243.2
# COMBINE 2MGZ 7 UGU 57.7 112.9
# COMBINE 2MGZ 8 GUG 39.5 93.6
# COMBINE 2MGZ 9 UGC 2.9 6.1
# COMBINE 4CIO 1 GUG 73.6 123.2
# COMBINE 4CIO 2 UGU 70.8 151.7
# COMBINE 4CIO 3 GUG 96.0 278.1
# COMBINE 4CIO 4 UGC 77.3 146.9
11 9 9 13 [ 44 150 156 174 195] ['1M5K 4 GCA', '4N0T 10 AGA', '4QQB 1 UUU', '5MPG 1 UAG', '6DCL 5 UUA']
**************************************************

# Training set #12, partition #1
# Selected potential: 45 => 1M5K 4 GCA
# Members: 4 5 6 24 25 26 27 31 32 33 44 45 46 47 48 49 52 53 54 84 100 115 118 137 171 177 200 201 202 203 204

# Training set #12, partition #2
# Selected potential: 151 => 4N0T 10 AGA
# Members: 41 58 65 68 69 70 78 79 85 86 110 111 113 132 133 134 136 151 152 153 183 184 185 190 211

# Training set #12, partition #3
# Selected potential: 157 => 4QQB 1 UUU
# Members: 8 9 22 23 36 43 140 157 158

# Training set #12, partition #4
# Selected potential: 175 => 5MPG 1 UAG
# Members: 13 40 50 59 60 63 64 73 74 75 82 83 93 94 104 105 106 107 114 126 127 138 139 144 161 162 173 174 175 176 179 182 186 188 192 193 194 205

# Training set #12, partition #5
# Selected potential: 196 => 6DCL 5 UUA
# Members: 1 2 3 62 66 67 72 89 90 91 119 121 122 135 156 172 180 195 196 197 198

# COMBINE 1CVJ 1 AAA 48.2 76.0
# COMBINE 1CVJ 2 AAA 80.7 121.8
# COMBINE 1CVJ 3 AAA 74.6 104.6
# COMBINE 1CVJ 4 AAA 10.2 13.6
# COMBINE 1CVJ 5 AAA 25.2 28.5
# COMBINE 1CVJ 6 AAA 13.7 19.8
# COMBINE 4F02 6 AAA 11.2 17.8
12 2 2 7 [ 44 150 156 174 195] ['1M5K 4 GCA', '4N0T 10 AGA', '4QQB 1 UUU', '5MPG 1 UAG', '6DCL 5 UUA']
**************************************************

# Training set #13, partition #1
# Selected potential: 45 => 1M5K 4 GCA
# Members: 4 5 6 18 24 25 26 27 31 32 33 44 45 46 47 48 49 52 53 54 84 100 115 118 137 171 177 200 201 202 203 204

# Training set #13, partition #2
# Selected potential: 151 => 4N0T 10 AGA
# Members: 41 58 65 68 69 70 78 79 85 86 110 111 113 132 133 134 136 151 152 153 183 184 185 190 211

# Training set #13, partition #3
# Selected potential: 175 => 5MPG 1 UAG
# Members: 13 17 40 50 59 60 63 64 73 74 75 82 83 93 94 104 105 114 127 139 144 161 162 173 174 175 176 179 186 188 192 193 194 205

# Training set #13, partition #4
# Selected potential: 196 => 6DCL 5 UUA
# Members: 1 2 3 62 66 67 72 89 90 91 119 121 122 135 156 172 180 195 196 197 198

# Training set #13, partition #5
# Selected potential: 216 => 6GD3 1 UAU
# Members: 30 96 97 99 126 138 150 182 206 216 217 219

# COMBINE 2MXY 1 UUU 80.2 167.0
# COMBINE 2MXY 2 UUU 92.8 245.7
# COMBINE 2MXY 3 UUU 35.3 67.7
# COMBINE 2MXY 4 UUC 3.5 6.2
13 2 2 4 [ 44 150 174 195 215] ['1M5K 4 GCA', '4N0T 10 AGA', '5MPG 1 UAG', '6DCL 5 UUA', '6GD3 1 UAU']
**************************************************

# Training set #14, partition #1
# Selected potential: 45 => 1M5K 4 GCA
# Members: 4 5 6 18 24 25 26 27 44 45 46 47 52 53 54 84 100 115 118 137 177 200 201 202 203 204

# Training set #14, partition #2
# Selected potential: 72 => 2KM8 1 UAU
# Members: 8 36 42 43 72 73 74 92 103 104 106 127 140 146 157 171

# Training set #14, partition #3
# Selected potential: 151 => 4N0T 10 AGA
# Members: 41 58 65 68 69 70 78 79 85 86 110 111 113 132 133 134 136 151 152 153 183 184 185 190 211

# Training set #14, partition #4
# Selected potential: 175 => 5MPG 1 UAG
# Members: 13 17 40 59 60 63 64 75 82 83 93 94 105 107 114 126 138 139 144 161 162 173 174 175 176 179 182 186 188 192 193 194 205

# Training set #14, partition #5
# Selected potential: 196 => 6DCL 5 UUA
# Members: 1 2 3 62 66 67 89 90 91 119 121 122 135 156 172 180 195 196 197 198

# COMBINE 1FJE 1 AAU 22.4 29.7
# COMBINE 1FJE 2 AUC 22.7 30.2
# COMBINE 1FJE 3 UCC 86.1 113.7
# COMBINE 1FJE 4 CCC 93.5 196.4
# COMBINE 1FJE 5 CCG 78.7 161.4
# COMBINE 1FJE 7 GAA 35.0 43.6
# COMBINE 1FJE 8 AAG 0.0 0.3
# COMBINE 1RKJ 1 UCC 90.7 101.0
# COMBINE 1RKJ 2 CCC 63.5 104.2
# COMBINE 1RKJ 3 CCG 90.8 182.0
# COMBINE 1RKJ 5 GAG 0.0 0.0
14 6 6 11 [ 44  71 150 174 195] ['1M5K 4 GCA', '2KM8 1 UAU', '4N0T 10 AGA', '5MPG 1 UAG', '6DCL 5 UUA']
**************************************************

# Training set #15, partition #1
# Selected potential: 45 => 1M5K 4 GCA
# Members: 4 5 6 18 24 25 26 27 31 32 33 44 45 46 47 48 49 52 53 54 84 100 115 118 137 171 177 200 201 202 203 204

# Training set #15, partition #2
# Selected potential: 151 => 4N0T 10 AGA
# Members: 41 58 65 68 69 70 78 79 85 86 113 132 133 134 136 151 152 153 183 184 185 190 211

# Training set #15, partition #3
# Selected potential: 175 => 5MPG 1 UAG
# Members: 13 17 40 50 59 60 63 64 73 74 75 82 83 93 94 104 105 106 107 114 127 139 144 161 162 173 174 175 176 179 186 188 192 193 194 205

# Training set #15, partition #4
# Selected potential: 196 => 6DCL 5 UUA
# Members: 1 2 3 62 66 67 72 89 90 91 119 121 122 135 156 172 180 195 196 197 198

# Training set #15, partition #5
# Selected potential: 216 => 6GD3 1 UAU
# Members: 30 96 97 99 126 138 150 182 206 216 217 219

# COMBINE 2N3O 1 UCU 69.3 114.4
# COMBINE 2N3O 2 CUU 72.2 127.7
# COMBINE 2N3O 3 UUU 33.0 51.1
15 2 2 3 [ 44 150 174 195 215] ['1M5K 4 GCA', '4N0T 10 AGA', '5MPG 1 UAG', '6DCL 5 UUA', '6GD3 1 UAU']
**************************************************

# Training set #16, partition #1
# Selected potential: 45 => 1M5K 4 GCA
# Members: 4 5 6 18 24 25 26 27 31 32 33 44 45 46 47 48 49 52 53 54 84 100 115 118 137 177 200 201 202 203 204

# Training set #16, partition #2
# Selected potential: 72 => 2KM8 1 UAU
# Members: 8 36 42 43 72 73 74 92 103 104 106 127 140 146 157 171

# Training set #16, partition #3
# Selected potential: 151 => 4N0T 10 AGA
# Members: 41 58 65 68 69 70 78 79 85 86 110 111 113 132 133 134 136 151 152 153 183 184 185 190

# Training set #16, partition #4
# Selected potential: 175 => 5MPG 1 UAG
# Members: 13 17 40 50 59 60 63 64 75 82 83 93 94 105 107 114 126 138 139 144 161 162 173 174 175 176 179 182 186 188 192 193 194 205

# Training set #16, partition #5
# Selected potential: 196 => 6DCL 5 UUA
# Members: 1 2 3 62 66 67 89 90 91 119 121 122 135 156 172 180 195 196 197 198

# COMBINE 6GBM 1 AUU 13.2 21.9
# COMBINE 6GBM 2 UUC 79.5 157.7
16 1 1 2 [ 44  71 150 174 195] ['1M5K 4 GCA', '2KM8 1 UAU', '4N0T 10 AGA', '5MPG 1 UAG', '6DCL 5 UUA']
**************************************************

# Training set #17, partition #1
# Selected potential: 45 => 1M5K 4 GCA
# Members: 4 5 6 18 24 25 26 27 31 32 33 44 45 46 47 48 49 52 53 54 84 100 115 118 137 171 177 200 201 202 203 204

# Training set #17, partition #2
# Selected potential: 151 => 4N0T 10 AGA
# Members: 41 58 65 68 69 70 78 79 85 86 110 111 113 136 151 152 153 183 184 185 190 211

# Training set #17, partition #3
# Selected potential: 175 => 5MPG 1 UAG
# Members: 13 17 40 50 59 60 63 64 73 74 75 82 83 93 94 104 105 106 107 114 127 139 144 161 162 173 174 175 176 179 186 188 192 193 194 205

# Training set #17, partition #4
# Selected potential: 196 => 6DCL 5 UUA
# Members: 1 2 3 62 66 67 72 89 90 91 119 121 122 156 172 180 195 196 197 198

# Training set #17, partition #5
# Selected potential: 216 => 6GD3 1 UAU
# Members: 30 96 97 99 126 138 150 182 206 216 217 219

# COMBINE 4BS2 2 GUG 98.3 215.7
# COMBINE 4BS2 3 UGA 93.9 177.8
# COMBINE 4BS2 4 GAA 75.1 132.2
# COMBINE 4BS2 5 AAU 73.1 93.0
17 4 4 4 [ 44 150 174 195 215] ['1M5K 4 GCA', '4N0T 10 AGA', '5MPG 1 UAG', '6DCL 5 UUA', '6GD3 1 UAU']
**************************************************

# Training set #18, partition #1
# Selected potential: 45 => 1M5K 4 GCA
# Members: 4 5 6 18 24 25 26 27 31 32 33 44 45 46 47 48 49 52 53 54 84 100 115 118 137 177 200 201 202 203 204

# Training set #18, partition #2
# Selected potential: 72 => 2KM8 1 UAU
# Members: 8 36 42 43 72 73 74 92 103 104 106 127 140 146 157 171

# Training set #18, partition #3
# Selected potential: 151 => 4N0T 10 AGA
# Members: 41 58 65 68 69 70 78 79 85 86 110 111 113 132 133 134 136 151 152 153 183 184 185 190 211

# Training set #18, partition #4
# Selected potential: 175 => 5MPG 1 UAG
# Members: 13 17 40 50 59 60 63 64 75 82 83 93 94 105 107 114 126 138 139 144 161 162 173 174 175 176 179 186 188 192 193 194 205

# Training set #18, partition #5
# Selected potential: 196 => 6DCL 5 UUA
# Members: 1 2 3 62 66 67 89 90 91 119 121 122 135 156 172 180 195 196 197 198

# COMBINE 5O1Y 1 UAA 76.1 137.6
18 1 1 1 [ 44  71 150 174 195] ['1M5K 4 GCA', '2KM8 1 UAU', '4N0T 10 AGA', '5MPG 1 UAG', '6DCL 5 UUA']
**************************************************

# Training set #19, partition #1
# Selected potential: 45 => 1M5K 4 GCA
# Members: 4 5 6 18 24 25 26 27 31 32 33 44 45 46 47 48 49 52 53 54 84 100 115 118 137 171 177 200 201 202 203 204

# Training set #19, partition #2
# Selected potential: 151 => 4N0T 10 AGA
# Members: 41 58 65 68 69 70 78 79 85 86 110 111 113 132 133 134 136 151 152 153 183 184 185 190 211

# Training set #19, partition #3
# Selected potential: 157 => 4QQB 1 UUU
# Members: 8 9 22 23 36 43 140 157 158

# Training set #19, partition #4
# Selected potential: 175 => 5MPG 1 UAG
# Members: 13 17 40 50 59 60 63 64 73 74 75 82 83 93 94 104 105 106 107 114 126 127 138 139 144 161 162 173 174 175 176 179 182 186 188 192 193 194 205

# Training set #19, partition #5
# Selected potential: 196 => 6DCL 5 UUA
# Members: 1 2 3 62 66 67 72 89 90 91 119 121 122 135 156 172 180 195 196 197 198

# COMBINE 2MKI 1 UUU 48.6 65.2
# COMBINE 2MKI 2 UUA 59.8 90.1
19 0 0 2 [ 44 150 156 174 195] ['1M5K 4 GCA', '4N0T 10 AGA', '4QQB 1 UUU', '5MPG 1 UAG', '6DCL 5 UUA']
**************************************************

# Training set #20, partition #1
# Selected potential: 45 => 1M5K 4 GCA
# Members: 4 5 6 18 24 25 26 27 31 32 33 44 45 46 47 48 49 52 53 54 84 100 115 118 137 171 177 200 201 202 203 204

# Training set #20, partition #2
# Selected potential: 151 => 4N0T 10 AGA
# Members: 41 58 65 68 69 70 78 79 85 86 110 111 113 132 133 134 136 151 152 153 183 184 185 190 211

# Training set #20, partition #3
# Selected potential: 175 => 5MPG 1 UAG
# Members: 13 17 40 50 59 60 63 64 73 74 75 82 83 93 94 104 105 106 107 114 127 139 144 161 162 173 174 175 176 179 186 188 192 193 194 205

# Training set #20, partition #4
# Selected potential: 196 => 6DCL 5 UUA
# Members: 1 2 3 62 66 67 72 89 90 91 119 121 122 135 156 172 180 195 196 197 198

# Training set #20, partition #5
# Selected potential: 216 => 6GD3 1 UAU
# Members: 30 96 97 99 126 138 150 182 206 216 217 219

# COMBINE 6GX6 1 CAC 8.3 11.4
20 0 0 1 [ 44 150 174 195 215] ['1M5K 4 GCA', '4N0T 10 AGA', '5MPG 1 UAG', '6DCL 5 UUA', '6GD3 1 UAU']
**************************************************

# Training set #21, partition #1
# Selected potential: 45 => 1M5K 4 GCA
# Members: 4 5 6 18 24 25 26 27 31 32 33 44 45 46 47 48 49 52 53 54 84 115 118 137 171 177 200 201 202 203 204

# Training set #21, partition #2
# Selected potential: 151 => 4N0T 10 AGA
# Members: 41 58 65 68 69 70 78 79 85 86 110 111 113 132 133 134 136 151 152 153 183 184 185 190 211

# Training set #21, partition #3
# Selected potential: 157 => 4QQB 1 UUU
# Members: 8 9 22 23 36 43 140 157 158

# Training set #21, partition #4
# Selected potential: 175 => 5MPG 1 UAG
# Members: 13 17 40 50 59 60 63 64 73 74 75 82 83 93 94 104 105 106 107 114 126 127 138 139 144 161 162 173 174 175 176 179 182 186 188 192 193 194 205

# Training set #21, partition #5
# Selected potential: 196 => 6DCL 5 UUA
# Members: 1 2 3 62 66 67 72 89 90 91 119 121 122 135 156 172 180 195 196 197 198

# COMBINE 2MQO 1 ACA 66.6 100.6
# COMBINE 2MQO 2 CAC 38.2 62.4
# COMBINE 2MQO 3 ACA 1.4 2.5
21 1 1 3 [ 44 150 156 174 195] ['1M5K 4 GCA', '4N0T 10 AGA', '4QQB 1 UUU', '5MPG 1 UAG', '6DCL 5 UUA']
**************************************************

# Training set #22, partition #1
# Selected potential: 45 => 1M5K 4 GCA
# Members: 4 5 6 18 24 25 26 27 31 32 33 44 45 46 47 48 49 52 53 54 84 100 115 118 137 171 177 200 201 202 203 204

# Training set #22, partition #2
# Selected potential: 151 => 4N0T 10 AGA
# Members: 41 58 65 68 69 70 78 79 85 86 110 111 113 132 133 134 136 151 152 153 183 184 185 190 211

# Training set #22, partition #3
# Selected potential: 175 => 5MPG 1 UAG
# Members: 13 17 40 50 59 60 63 64 73 74 75 82 83 93 94 106 107 114 127 139 144 161 162 173 174 175 176 179 186 188 192 193 194 205

# Training set #22, partition #4
# Selected potential: 196 => 6DCL 5 UUA
# Members: 1 2 3 62 66 67 72 89 90 91 119 121 122 135 156 172 180 195 196 197 198

# Training set #22, partition #5
# Selected potential: 216 => 6GD3 1 UAU
# Members: 30 96 97 99 126 138 150 182 206 216 217 219

# COMBINE 2MQP 1 CAC 63.7 129.0
# COMBINE 2MQP 2 ACA 86.6 217.3
# COMBINE 2MQP 3 CAC 89.2 164.1
22 2 3 3 [ 44 150 174 195 215] ['1M5K 4 GCA', '4N0T 10 AGA', '5MPG 1 UAG', '6DCL 5 UUA', '6GD3 1 UAU']
**************************************************

# Training set #23, partition #1
# Selected potential: 45 => 1M5K 4 GCA
# Members: 4 5 6 18 24 25 26 27 31 32 33 44 45 46 47 48 49 52 53 54 84 100 115 118 137 171 177 200 201 202 203 204

# Training set #23, partition #2
# Selected potential: 97 => 2MGZ 9 UGC
# Members: 42 96 97 139 145 178 181 187 189 219

# Training set #23, partition #3
# Selected potential: 151 => 4N0T 10 AGA
# Members: 41 58 65 68 69 70 78 79 110 111 113 132 133 134 136 151 152 153 183 184 185 190 211

# Training set #23, partition #4
# Selected potential: 175 => 5MPG 1 UAG
# Members: 13 17 40 50 59 60 63 64 73 74 75 82 83 93 94 104 105 106 107 114 126 127 138 144 161 162 173 174 175 176 179 182 186 188 192 193 194 205

# Training set #23, partition #5
# Selected potential: 196 => 6DCL 5 UUA
# Members: 1 2 3 62 66 67 72 89 90 91 119 121 122 135 156 172 180 195 196 197 198

# COMBINE 2M8D 2 AAG 94.7 128.8
# COMBINE 2M8D 3 AGG 80.5 103.1
# COMBINE 2M8D 4 GGA 46.3 64.1
# COMBINE 2M8D 5 GAC 0.8 3.0
23 2 2 4 [ 44  96 150 174 195] ['1M5K 4 GCA', '2MGZ 9 UGC', '4N0T 10 AGA', '5MPG 1 UAG', '6DCL 5 UUA']
**************************************************

# Training set #24, partition #1
# Selected potential: 45 => 1M5K 4 GCA
# Members: 4 5 6 18 24 25 26 27 31 32 33 44 45 46 47 48 49 52 53 54 84 100 115 137 171 177 200 201 202 203 204

# Training set #24, partition #2
# Selected potential: 151 => 4N0T 10 AGA
# Members: 41 58 65 68 69 70 78 79 85 86 110 111 113 132 133 134 136 151 152 153 183 184 185 190 211

# Training set #24, partition #3
# Selected potential: 157 => 4QQB 1 UUU
# Members: 8 9 22 23 36 43 140 157 158

# Training set #24, partition #4
# Selected potential: 175 => 5MPG 1 UAG
# Members: 13 17 40 50 59 60 63 64 73 74 75 82 83 93 94 104 105 106 107 114 126 127 138 139 144 161 162 173 174 175 176 179 182 186 188 192 193 194 205

# Training set #24, partition #5
# Selected potential: 196 => 6DCL 5 UUA
# Members: 1 2 3 62 66 67 72 89 90 91 119 121 122 135 156 172 180 195 196 197 198

# COMBINE 2XS7 1 GUU 82.9 184.0
24 1 1 1 [ 44 150 156 174 195] ['1M5K 4 GCA', '4N0T 10 AGA', '4QQB 1 UUU', '5MPG 1 UAG', '6DCL 5 UUA']
**************************************************

# Training set #25, partition #1
# Selected potential: 45 => 1M5K 4 GCA
# Members: 4 5 6 18 24 25 26 27 31 32 33 44 45 46 47 48 49 52 53 54 84 100 115 118 137 171 177 200 201 202 203 204

# Training set #25, partition #2
# Selected potential: 151 => 4N0T 10 AGA
# Members: 41 58 65 68 78 79 85 86 110 111 113 132 133 134 136 151 152 153 183 184 185 190 211

# Training set #25, partition #3
# Selected potential: 157 => 4QQB 1 UUU
# Members: 8 9 22 23 36 43 140 157 158

# Training set #25, partition #4
# Selected potential: 175 => 5MPG 1 UAG
# Members: 13 17 40 50 59 60 63 64 73 74 75 82 83 93 94 104 105 106 107 114 126 127 138 139 144 161 162 173 174 175 176 179 182 186 188 192 193 194 205

# Training set #25, partition #5
# Selected potential: 196 => 6DCL 5 UUA
# Members: 1 2 3 62 66 67 72 89 90 91 119 121 122 135 156 172 180 195 196 197 198

# COMBINE 2KG0 1 GGG 94.7 102.6
# COMBINE 2KG0 2 GGA 82.0 95.0
# COMBINE 2KG0 3 GAU 70.7 96.7
25 2 3 3 [ 44 150 156 174 195] ['1M5K 4 GCA', '4N0T 10 AGA', '4QQB 1 UUU', '5MPG 1 UAG', '6DCL 5 UUA']
**************************************************

# Training set #26, partition #1
# Selected potential: 45 => 1M5K 4 GCA
# Members: 4 5 6 18 24 25 26 27 31 32 33 44 45 46 47 48 49 52 53 54 84 100 115 118 137 177 200 201 202 203 204

# Training set #26, partition #2
# Selected potential: 151 => 4N0T 10 AGA
# Members: 41 58 65 68 69 70 78 79 85 86 110 111 113 132 133 134 136 151 152 153 183 184 185 190 211

# Training set #26, partition #3
# Selected potential: 157 => 4QQB 1 UUU
# Members: 8 9 22 23 36 43 140 157 158

# Training set #26, partition #4
# Selected potential: 175 => 5MPG 1 UAG
# Members: 13 17 40 50 59 60 63 64 73 74 75 82 83 93 94 104 105 106 107 114 126 127 138 139 144 161 162 173 174 175 176 179 182 186 188 192 193 194 205

# Training set #26, partition #5
# Selected potential: 196 => 6DCL 5 UUA
# Members: 1 2 3 62 66 67 72 89 90 91 119 121 122 135 156 180 195 196 197 198

# COMBINE 5DET 1 UCA 90.8 155.6
# COMBINE 5DET 2 CAC 98.2 189.4
26 2 2 2 [ 44 150 156 174 195] ['1M5K 4 GCA', '4N0T 10 AGA', '4QQB 1 UUU', '5MPG 1 UAG', '6DCL 5 UUA']
**************************************************

# Training set #27, partition #1
# Selected potential: 45 => 1M5K 4 GCA
# Members: 4 5 6 18 24 25 26 27 31 32 33 44 45 46 47 48 49 52 53 54 84 100 115 118 137 171 177 200 201 202 203 204

# Training set #27, partition #2
# Selected potential: 97 => 2MGZ 9 UGC
# Members: 42 96 97 139 145 178 181 187 189 219

# Training set #27, partition #3
# Selected potential: 151 => 4N0T 10 AGA
# Members: 41 58 65 68 69 70 78 79 85 86 110 111 113 132 133 134 136 151 152 153 183 184 185 190 211

# Training set #27, partition #4
# Selected potential: 175 => 5MPG 1 UAG
# Members: 13 17 40 50 59 60 73 74 75 82 83 93 94 104 105 106 107 114 126 127 138 144 161 162 173 174 175 176 179 182 186 188 192 193 194 205

# Training set #27, partition #5
# Selected potential: 196 => 6DCL 5 UUA
# Members: 1 2 3 66 67 72 89 90 91 119 121 122 135 156 172 180 195 196 197 198

# COMBINE 2G4B 1 UUU 91.8 218.5
# COMBINE 2G4B 2 UUU 97.4 230.4
# COMBINE 2G4B 3 UUU 96.2 209.9
27 3 3 3 [ 44  96 150 174 195] ['1M5K 4 GCA', '2MGZ 9 UGC', '4N0T 10 AGA', '5MPG 1 UAG', '6DCL 5 UUA']
**************************************************

# Training set #28, partition #1
# Selected potential: 45 => 1M5K 4 GCA
# Members: 4 5 6 18 24 25 26 27 31 32 33 44 45 46 47 48 49 52 53 54 84 100 115 118 137 171 177 200 201 202 203 204

# Training set #28, partition #2
# Selected potential: 97 => 2MGZ 9 UGC
# Members: 42 96 97 139 145 178 181 187 189 219

# Training set #28, partition #3
# Selected potential: 151 => 4N0T 10 AGA
# Members: 41 58 65 68 69 70 78 79 85 86 110 111 113 132 133 134 136 151 152 153 183 184 185 190 211

# Training set #28, partition #4
# Selected potential: 175 => 5MPG 1 UAG
# Members: 13 17 40 50 59 60 63 64 73 74 75 82 83 93 94 104 105 106 107 114 126 127 138 144 161 162 173 174 175 176 179 182 186 188 192 193 194 205

# Training set #28, partition #5
# Selected potential: 196 => 6DCL 5 UUA
# Members: 1 2 3 62 66 67 72 89 90 91 121 122 135 156 172 180 195 196 197 198

# COMBINE 3MOJ 1 GUU 90.0 136.5
# COMBINE 3MOJ 2 UUC 48.4 57.2
28 1 1 2 [ 44  96 150 174 195] ['1M5K 4 GCA', '2MGZ 9 UGC', '4N0T 10 AGA', '5MPG 1 UAG', '6DCL 5 UUA']
**************************************************

# Training set #29, partition #1
# Selected potential: 45 => 1M5K 4 GCA
# Members: 4 5 6 18 24 25 26 27 31 32 33 44 45 46 47 48 49 52 53 54 84 100 115 118 137 171 177 200 201 202 203 204

# Training set #29, partition #2
# Selected potential: 97 => 2MGZ 9 UGC
# Members: 42 96 97 139 145 178 181 187 189 219

# Training set #29, partition #3
# Selected potential: 151 => 4N0T 10 AGA
# Members: 41 58 65 68 69 70 78 79 85 86 110 111 113 132 133 134 136 151 152 153 183 184 185 190 211

# Training set #29, partition #4
# Selected potential: 175 => 5MPG 1 UAG
# Members: 13 17 40 50 59 60 63 64 73 74 75 82 83 93 94 104 105 106 107 114 126 127 138 144 161 162 173 174 175 176 179 182 186 188 192 193 194 205

# Training set #29, partition #5
# Selected potential: 196 => 6DCL 5 UUA
# Members: 1 2 3 62 66 67 72 89 90 91 119 121 122 135 156 172 180 195 196 197 198

# COMBINE 3RW6 1 AAG 44.6 68.7
# COMBINE 3RW6 2 AGA 4.6 8.1
# COMBINE 3RW6 3 GAC 0.2 0.6
29 0 0 3 [ 44  96 150 174 195] ['1M5K 4 GCA', '2MGZ 9 UGC', '4N0T 10 AGA', '5MPG 1 UAG', '6DCL 5 UUA']
**************************************************

Successes: 99
