# Training set #1, partition #1
# Selected potential: 151 => 4N0T 10 AGA
# Members: 58 63 65 68 69 70 78 79 85 86 110 111 113 132 133 134 136 151 152 153 183 184 185 190 211

# Training set #1, partition #2
# Selected potential: 192 => 6DCL 1 UAG
# Members: 13 14 17 18 41 50 59 60 64 73 74 75 76 83 92 93 94 95 96 103 104 107 114 115 126 127 138 139 165 173 175 176 177 179 180 182 186 188 192 193 194

# Training set #1, partition #3
# Selected potential: 196 => 6DCL 5 UUA
# Members: 62 66 67 72 89 90 91 119 121 122 135 156 172 195 196 197 198

# COMBINE 1A9N 2 AUU 100.0 100.1
# COMBINE 1A9N 3 UUG 100.0 100.1
# COMBINE 1A9N 4 UGC 88.8 77.1
# COMBINE 1A9N 5 GCA 36.9 26.0
# COMBINE 1A9N 6 CAG 64.2 58.6
# COMBINE 1A9N 7 AGU 65.4 49.4
# COMBINE 1DRZ 1 AUU 0.0 0.0
# COMBINE 1DRZ 2 UUG 0.5 0.3
# COMBINE 1DRZ 3 UGC 0.7 0.2
# COMBINE 1DRZ 4 GCA 6.7 3.4
# COMBINE 1DRZ 5 CAC 3.7 2.0
# COMBINE 1DRZ 6 ACU 0.7 0.1
# COMBINE 1DRZ 7 CUC 0.0 0.0
# COMBINE 1M5K 3 UGC 1.2 0.5
# COMBINE 1M5K 4 GCA 12.5 6.4
# COMBINE 1M5K 5 CAC 9.0 3.6
# COMBINE 1M5K 6 ACU 4.8 1.1
# COMBINE 1URN 3 UGC 2.9 1.2
# COMBINE 1URN 4 GCA 13.0 6.3
# COMBINE 1URN 5 CAC 1.1 0.3
# COMBINE 4YB1 1 CAC 0.0 0.0
# COMBINE 6F4G 2 UUG 3.0 0.2
# COMBINE 6F4G 3 UGC 0.0 0.0
# COMBINE 6F4G 4 GCA 2.6 0.7
# COMBINE 6F4G 5 CAG 9.3 2.4
# COMBINE 6F4G 6 AGU 0.4 0.1
# COMBINE 6F4H 5 CAC 51.8 37.8
# COMBINE 6F4H 6 ACC 59.5 43.8
1 3 5 28 [150 191 195] ['4N0T 10 AGA', '6DCL 1 UAG', '6DCL 5 UUA']
**************************************************

# Training set #2, partition #1
# Selected potential: 45 => 1M5K 4 GCA
# Members: 3 4 5 6 18 24 25 26 27 31 32 33 44 45 46 47 48 49 52 53 54 60 74 83 84 100 115 118 127 137 138 171 172 200 201 202 203 204

# Training set #2, partition #2
# Selected potential: 151 => 4N0T 10 AGA
# Members: 41 58 64 65 68 69 70 78 79 85 86 94 110 113 132 133 134 136 151 152 153 183 184 185 190 211

# Training set #2, partition #3
# Selected potential: 218 => 6GD3 3 UUU
# Members: 17 40 50 59 62 63 75 99 103 104 105 106 107 111 112 126 144 161 162 215 218

# COMBINE 5HO4 1 AGG 37.3 39.7
# COMBINE 5HO4 2 GGA 11.2 5.4
# COMBINE 5MPG 1 UAG 97.2 179.5
# COMBINE 5MPG 2 AGG 98.8 166.6
# COMBINE 5MPG 3 GGU 97.1 145.2
# COMBINE 5MPG 4 GUC 43.0 40.0
# COMBINE 5MPL 1 CAG 99.7 189.2
# COMBINE 5MPL 2 AGU 92.9 118.8
# COMBINE 5MPL 3 GUU 15.3 14.3
# COMBINE 5WWE 1 GGG 2.7 0.9
# COMBINE 5WWE 2 GGA 0.0 0.0
# COMBINE 5WWG 1 AGG 49.9 52.6
# COMBINE 5WWG 2 GGA 77.6 59.1
# COMBINE 6DCL 1 UAG 94.0 127.2
# COMBINE 6DCL 2 AGA 85.0 91.6
# COMBINE 6DCL 3 GAU 57.0 43.7
# COMBINE 6DCL 4 AUU 0.1 0.0
# COMBINE 6DCL 5 UUA 17.8 12.6
# COMBINE 6DCL 6 UAG 23.9 16.1
# COMBINE 6DCL 7 AGC 29.4 20.0
2 7 8 20 [ 44 150 217] ['1M5K 4 GCA', '4N0T 10 AGA', '6GD3 3 UUU']
**************************************************

# Training set #3, partition #1
# Selected potential: 45 => 1M5K 4 GCA
# Members: 3 4 5 6 18 24 25 26 27 31 32 33 44 45 46 47 48 49 52 53 54 74 84 100 115 118 127 137 171 172 177 200 201 202 203 204

# Training set #3, partition #2
# Selected potential: 151 => 4N0T 10 AGA
# Members: 58 63 65 68 69 70 78 79 85 86 110 111 113 132 133 134 136 151 152 153 183 184 185 190 211

# Training set #3, partition #3
# Selected potential: 192 => 6DCL 1 UAG
# Members: 17 50 59 60 64 73 75 76 83 92 93 94 95 96 103 104 107 114 121 126 138 139 173 175 176 179 180 182 186 188 192 193 194 198

# COMBINE 1B7F 1 UGU 0.0 0.0
# COMBINE 1B7F 2 GUU 0.0 0.0
# COMBINE 1B7F 3 UUU 0.7 0.2
# COMBINE 1B7F 4 UUU 6.5 3.6
# COMBINE 1B7F 5 UUU 36.6 41.6
# COMBINE 1B7F 6 UUU 84.8 142.2
# COMBINE 1B7F 7 UUU 88.5 130.7
# COMBINE 1B7F 8 UUU 38.1 33.8
# COMBINE 1FXL 1 UUU 2.5 1.4
# COMBINE 1FXL 2 UUU 15.3 11.1
# COMBINE 1FXL 3 UUA 19.1 16.3
# COMBINE 1FXL 4 UAU 12.6 6.1
# COMBINE 1FXL 5 AUU 65.9 55.8
# COMBINE 1FXL 6 UUU 97.5 157.2
# COMBINE 1G2E 1 UAU 1.3 0.6
# COMBINE 1G2E 2 AUU 0.1 0.0
# COMBINE 4ED5 1 UUU 1.1 0.4
# COMBINE 4ED5 2 UUU 13.5 10.6
# COMBINE 4ED5 3 UUA 15.7 12.6
# COMBINE 4ED5 4 UAU 39.3 32.2
# COMBINE 4ED5 5 AUU 73.0 67.5
# COMBINE 4QQB 1 UUU 4.0 0.9
# COMBINE 4QQB 2 UUU 17.1 10.9
# COMBINE 4QQB 3 UUU 29.7 21.5
# COMBINE 4QQB 4 UUU 49.4 39.9
# COMBINE 4QQB 5 UUU 78.6 102.8
# COMBINE 4QQB 6 UUG 49.6 43.2
# COMBINE 4QQB 7 UGA 35.6 24.7
# COMBINE 4QQB 8 GAG 50.0 44.4
# COMBINE 4QQB 10 GCA 72.8 72.9
# COMBINE 4QQB 12 ACG 63.1 60.6
# COMBINE 4QQB 13 CGU 13.8 7.2
# COMBINE 4QQB 14 GUG 2.1 1.3
3 4 8 33 [ 44 150 191] ['1M5K 4 GCA', '4N0T 10 AGA', '6DCL 1 UAG']
**************************************************

# Training set #4, partition #1
# Selected potential: 45 => 1M5K 4 GCA
# Members: 3 4 5 6 18 24 25 26 27 31 32 33 44 45 46 47 48 49 52 53 54 84 100 115 118 137 171 172 177 200 201 202 203 204

# Training set #4, partition #2
# Selected potential: 151 => 4N0T 10 AGA
# Members: 41 58 65 68 69 70 78 79 85 86 110 111 113 132 133 134 136 151 152 153 183 184 185 190 211

# Training set #4, partition #3
# Selected potential: 175 => 5MPG 1 UAG
# Members: 13 17 40 50 59 60 62 63 64 73 74 75 82 83 93 94 104 105 106 107 114 126 127 138 139 144 161 162 173 174 175 176 179 180 182 186 188 192 193 194 197 205

# COMBINE 6G2K 1 UUU 26.7 19.4
# COMBINE 6G2K 2 UUU 68.3 96.2
# COMBINE 6G2K 3 UUU 80.9 128.4
# COMBINE 6G2K 4 UUU 59.7 59.2
# COMBINE 6GC5 3 UUU 17.6 12.3
# COMBINE 6GD2 2 UUA 12.6 8.3
# COMBINE 6GD2 3 UAU 42.5 37.9
# COMBINE 6GD2 4 AUU 43.7 35.3
# COMBINE 6GD3 1 UAU 29.0 25.5
# COMBINE 6GD3 2 AUU 56.3 63.1
# COMBINE 6GD3 3 UUU 80.1 122.9
# COMBINE 6GD3 4 UUA 77.8 79.6
4 0 4 12 [ 44 150 174] ['1M5K 4 GCA', '4N0T 10 AGA', '5MPG 1 UAG']
**************************************************

# Training set #5, partition #1
# Selected potential: 45 => 1M5K 4 GCA
# Members: 3 4 5 6 18 24 25 26 27 31 32 33 44 45 46 47 48 49 52 53 54 84 100 115 118 137 171 172 177 200 201 202 203 204

# Training set #5, partition #2
# Selected potential: 151 => 4N0T 10 AGA
# Members: 41 58 65 68 69 70 78 79 85 86 110 111 113 132 133 134 136 151 152 153 183 184 185 190 211

# Training set #5, partition #3
# Selected potential: 175 => 5MPG 1 UAG
# Members: 13 17 40 50 59 60 62 63 64 73 74 75 82 83 93 94 104 105 106 107 114 138 139 144 161 162 173 174 175 176 179 180 182 186 188 192 193 194 197 205

# COMBINE 3NNH 2 UGU 30.4 20.6
# COMBINE 3NNH 3 GUU 41.1 42.1
# COMBINE 3NNH 4 UUU 36.1 31.2
# COMBINE 3NNH 5 UUU 17.7 13.0
# COMBINE 3NNH 6 UUG 43.1 44.2
# COMBINE 3NNH 7 UGU 82.4 119.2
# COMBINE 3NNH 8 GUU 98.1 210.7
5 2 2 7 [ 44 150 174] ['1M5K 4 GCA', '4N0T 10 AGA', '5MPG 1 UAG']
**************************************************

# Training set #6, partition #1
# Selected potential: 45 => 1M5K 4 GCA
# Members: 3 4 5 6 18 24 25 26 27 31 32 33 44 45 46 47 48 49 52 53 54 84 100 115 118 137 171 172 177 200 201 202 203 204

# Training set #6, partition #2
# Selected potential: 151 => 4N0T 10 AGA
# Members: 41 58 65 68 69 70 78 79 85 86 110 111 113 132 133 134 136 151 152 153 183 184 185 190 211

# Training set #6, partition #3
# Selected potential: 175 => 5MPG 1 UAG
# Members: 13 17 40 50 59 60 62 63 64 73 74 75 82 83 93 94 104 105 106 107 114 126 127 138 139 144 161 162 173 174 175 176 179 180 182 186 188 192 193 194 197 205

# COMBINE 1ZH5 4 GUU 0.0 0.0
# COMBINE 1ZH5 5 UUU 2.9 1.4
# COMBINE 2VOD 4 UUU 63.4 80.7
# COMBINE 2VON 3 AUU 30.6 23.7
6 0 1 4 [ 44 150 174] ['1M5K 4 GCA', '4N0T 10 AGA', '5MPG 1 UAG']
**************************************************

# Training set #7, partition #1
# Selected potential: 45 => 1M5K 4 GCA
# Members: 3 4 5 6 18 24 25 26 27 31 32 33 44 45 46 47 48 49 52 53 54 84 100 115 118 137 171 172 177 200 201 202 203 204

# Training set #7, partition #2
# Selected potential: 151 => 4N0T 10 AGA
# Members: 41 58 69 70 78 79 85 86 110 111 113 132 133 134 136 151 152 153 183 184 185 190 211

# Training set #7, partition #3
# Selected potential: 175 => 5MPG 1 UAG
# Members: 13 17 40 50 59 60 62 63 64 73 74 75 82 83 93 94 104 105 106 107 114 126 127 138 139 144 161 162 173 174 175 176 179 180 182 186 188 192 193 194 197 205

# COMBINE 2HYI 1 UUU 89.2 87.4
# COMBINE 2HYI 2 UUU 41.8 33.3
# COMBINE 2HYI 3 UUU 2.9 0.6
# COMBINE 2J0S 1 UUU 86.9 83.1
7 2 2 4 [ 44 150 174] ['1M5K 4 GCA', '4N0T 10 AGA', '5MPG 1 UAG']
**************************************************

# Training set #8, partition #1
# Selected potential: 24 => 1DRZ 3 UGC
# Members: 3 19 20 22 23 24 25 31 32 33 38 44 45 48 49 52 53 69 70 71 79 85 118 136 177 199 200

# Training set #8, partition #2
# Selected potential: 122 => 3NNH 3 GUU
# Members: 4 5 6 89 96 97 119 120 121 122 123 126 127 132 133 134 172 198 201 202 203 209 212 219

# Training set #8, partition #3
# Selected potential: 175 => 5MPG 1 UAG
# Members: 13 17 40 46 50 59 60 62 63 64 73 74 75 82 83 93 94 104 105 106 107 114 115 138 139 144 161 162 173 174 175 176 179 180 182 186 188 192 193 194 197 205

# COMBINE 4N0T 3 ACA 40.3 14.6
# COMBINE 4N0T 5 AAU 0.0 0.0
# COMBINE 4N0T 6 AUA 1.1 0.5
# COMBINE 4N0T 7 UAC 15.4 10.7
# COMBINE 4N0T 8 ACA 1.0 0.6
# COMBINE 4N0T 10 AGA 4.7 0.7
# COMBINE 4N0T 11 GAG 4.1 2.3
# COMBINE 4N0T 12 AGA 1.8 0.9
# COMBINE 4N0T 13 GAU 5.2 4.1
# COMBINE 4N0T 14 AUG 16.7 10.3
# COMBINE 4N0T 17 AUC 73.9 53.9
# COMBINE 5TF6 11 GAG 0.0 0.0
# COMBINE 5TF6 12 AGA 0.4 0.2
# COMBINE 5TF6 13 GAU 3.3 2.9
# COMBINE 6ASO 13 GAU 20.8 19.5
# COMBINE 6ASO 14 AUG 10.0 9.0
8 0 1 16 [ 23 121 174] ['1DRZ 3 UGC', '3NNH 3 GUU', '5MPG 1 UAG']
**************************************************

# Training set #9, partition #1
# Selected potential: 45 => 1M5K 4 GCA
# Members: 3 4 5 6 18 24 25 26 27 31 32 33 44 45 46 47 48 49 52 53 54 100 118 137 171 172 177 200 201 202 203 204

# Training set #9, partition #2
# Selected potential: 151 => 4N0T 10 AGA
# Members: 41 58 65 68 69 70 78 79 85 86 110 111 132 133 134 136 151 152 153 183 184 185 190 211

# Training set #9, partition #3
# Selected potential: 175 => 5MPG 1 UAG
# Members: 13 17 40 50 59 60 62 63 64 73 74 75 93 94 104 105 106 107 126 127 138 139 144 161 162 173 174 175 176 179 180 182 186 188 192 193 194 197 205

# COMBINE 2KXN 1 AGA 89.3 155.4
# COMBINE 2KXN 2 GAA 88.0 161.9
# COMBINE 2KXN 3 AAC 70.7 62.6
# COMBINE 2RRA 1 AAG 80.5 79.2
# COMBINE 2RRA 2 AGA 98.4 185.7
# COMBINE 2RRA 3 GAA 99.4 212.1
9 6 6 6 [ 44 150 174] ['1M5K 4 GCA', '4N0T 10 AGA', '5MPG 1 UAG']
**************************************************

# Training set #10, partition #1
# Selected potential: 45 => 1M5K 4 GCA
# Members: 3 4 5 6 18 24 25 26 27 31 32 33 44 45 46 47 48 49 52 53 54 84 100 115 118 137 171 172 177 200 201 202 203 204

# Training set #10, partition #2
# Selected potential: 151 => 4N0T 10 AGA
# Members: 41 65 68 69 70 85 86 110 111 113 132 133 134 136 151 152 153 183 184 185 190 211

# Training set #10, partition #3
# Selected potential: 175 => 5MPG 1 UAG
# Members: 13 17 40 50 62 63 64 82 83 93 94 104 105 106 107 114 126 127 138 139 144 161 162 173 174 175 176 179 180 182 186 188 192 193 194 197 205

# COMBINE 2CJK 1 AUA 66.2 56.7
# COMBINE 2CJK 2 UAU 99.0 102.1
# COMBINE 2CJK 3 AUA 99.7 155.2
# COMBINE 2CJK 4 UAU 93.9 143.6
# COMBINE 2CJK 5 AUA 12.3 6.4
# COMBINE 2KM8 1 UAU 44.8 37.1
# COMBINE 2KM8 2 AUA 82.2 97.7
# COMBINE 2KM8 3 UAU 95.9 153.4
# COMBINE 2KM8 4 AUA 98.5 152.0
# COMBINE 2KM8 5 UAU 67.6 69.9
# COMBINE 2KM8 6 AUA 30.2 22.1
# COMBINE 2KM8 7 UAA 83.1 78.7
# COMBINE 2KM8 8 AAU 74.4 68.0
# COMBINE 2KM8 9 AUA 11.2 5.8
# COMBINE 2KM8 10 UAA 0.0 0.0
10 8 10 15 [ 44 150 174] ['1M5K 4 GCA', '4N0T 10 AGA', '5MPG 1 UAG']
**************************************************

# Training set #11, partition #1
# Selected potential: 45 => 1M5K 4 GCA
# Members: 3 4 5 6 18 24 25 26 27 31 32 33 44 45 46 47 48 49 52 53 54 84 100 115 118 171 172 177 200 201 202 203 204

# Training set #11, partition #2
# Selected potential: 151 => 4N0T 10 AGA
# Members: 41 58 65 68 69 70 78 79 85 86 110 111 113 132 133 134 151 152 153 183 184 185 190 211

# Training set #11, partition #3
# Selected potential: 175 => 5MPG 1 UAG
# Members: 13 17 40 50 59 60 62 63 64 73 74 75 82 83 104 105 106 107 114 126 127 144 161 162 173 174 175 176 179 180 182 186 188 192 193 194 197 205

# COMBINE 2MGZ 1 GCA 0.2 0.0
# COMBINE 2MGZ 2 CAU 0.0 0.0
# COMBINE 2MGZ 3 AUG 14.3 10.6
# COMBINE 2MGZ 4 UGG 53.7 71.8
# COMBINE 2MGZ 5 GGU 93.4 130.8
# COMBINE 2MGZ 6 GUG 97.0 242.9
# COMBINE 2MGZ 7 UGU 75.0 111.6
# COMBINE 2MGZ 8 GUG 60.3 93.2
# COMBINE 2MGZ 9 UGC 9.3 6.1
# COMBINE 4CIO 1 GUG 83.6 122.8
# COMBINE 4CIO 2 UGU 81.1 143.5
# COMBINE 4CIO 3 GUG 98.4 242.8
# COMBINE 4CIO 4 UGC 85.2 106.7
11 6 8 13 [ 44 150 174] ['1M5K 4 GCA', '4N0T 10 AGA', '5MPG 1 UAG']
**************************************************

# Training set #12, partition #1
# Selected potential: 45 => 1M5K 4 GCA
# Members: 3 4 5 6 24 25 26 27 31 32 33 44 45 46 47 48 49 52 53 54 84 100 115 118 137 171 172 177 200 201 202 203 204

# Training set #12, partition #2
# Selected potential: 151 => 4N0T 10 AGA
# Members: 41 58 65 68 69 70 78 79 85 86 110 111 113 132 133 134 136 151 152 153 183 184 185 190 211

# Training set #12, partition #3
# Selected potential: 175 => 5MPG 1 UAG
# Members: 13 40 50 59 60 62 63 64 73 74 75 82 83 93 94 104 105 106 107 114 126 127 138 139 144 161 162 173 174 175 176 179 180 182 186 188 192 193 194 197 205

# COMBINE 1CVJ 1 AAA 60.7 49.9
# COMBINE 1CVJ 2 AAA 90.0 117.1
# COMBINE 1CVJ 3 AAA 90.4 102.8
# COMBINE 1CVJ 4 AAA 19.7 13.6
# COMBINE 1CVJ 5 AAA 33.3 28.5
# COMBINE 1CVJ 6 AAA 25.7 19.8
# COMBINE 4F02 6 AAA 29.3 17.8
12 2 3 7 [ 44 150 174] ['1M5K 4 GCA', '4N0T 10 AGA', '5MPG 1 UAG']
**************************************************

# Training set #13, partition #1
# Selected potential: 45 => 1M5K 4 GCA
# Members: 3 4 5 6 18 24 25 26 27 31 32 33 44 45 46 47 48 49 52 53 54 84 100 115 118 137 171 172 177 200 201 202 203 204

# Training set #13, partition #2
# Selected potential: 151 => 4N0T 10 AGA
# Members: 41 58 65 68 69 70 78 79 85 86 110 111 113 132 133 134 136 151 152 153 183 184 185 190 211

# Training set #13, partition #3
# Selected potential: 175 => 5MPG 1 UAG
# Members: 13 17 40 50 59 60 62 63 64 73 74 75 82 83 93 94 104 105 114 126 127 138 139 144 161 162 173 174 175 176 179 180 182 186 188 192 193 194 197 205

# COMBINE 2MXY 1 UUU 82.2 95.3
# COMBINE 2MXY 2 UUU 96.8 203.9
# COMBINE 2MXY 3 UUU 51.8 58.6
# COMBINE 2MXY 4 UUC 0.1 0.0
13 2 2 4 [ 44 150 174] ['1M5K 4 GCA', '4N0T 10 AGA', '5MPG 1 UAG']
**************************************************

# Training set #14, partition #1
# Selected potential: 4 => 1A9N 5 GCA
# Members: 1 2 3 4 5 6 24 25 26 27 44 45 46 47 52 53 54 60 121 146 171 172 198 199 200 201 202 203 204

# Training set #14, partition #2
# Selected potential: 151 => 4N0T 10 AGA
# Members: 41 58 65 68 69 70 78 79 85 86 110 111 113 132 133 134 136 151 152 153 183 184 185 190 211

# Training set #14, partition #3
# Selected potential: 175 => 5MPG 1 UAG
# Members: 13 17 40 59 62 63 64 73 74 75 82 83 93 94 104 105 106 107 114 115 126 127 138 139 144 161 162 173 174 175 176 177 179 180 182 186 188 192 193 194 197 205

# COMBINE 1FJE 1 AAU 37.6 29.7
# COMBINE 1FJE 2 AUC 16.0 9.8
# COMBINE 1FJE 3 UCC 38.7 29.7
# COMBINE 1FJE 4 CCC 76.6 96.3
# COMBINE 1FJE 5 CCG 66.0 65.2
# COMBINE 1FJE 7 GAA 54.7 43.4
# COMBINE 1FJE 8 AAG 0.3 0.1
# COMBINE 1RKJ 1 UCC 15.9 11.3
# COMBINE 1RKJ 2 CCC 45.0 45.0
# COMBINE 1RKJ 3 CCG 92.6 123.6
# COMBINE 1RKJ 5 GAG 0.4 0.0
14 1 3 11 [  3 150 174] ['1A9N 5 GCA', '4N0T 10 AGA', '5MPG 1 UAG']
**************************************************

# Training set #15, partition #1
# Selected potential: 45 => 1M5K 4 GCA
# Members: 3 4 5 6 18 24 25 26 27 31 32 33 44 45 46 47 48 49 52 53 54 84 100 115 118 137 171 172 177 200 201 202 203 204

# Training set #15, partition #2
# Selected potential: 151 => 4N0T 10 AGA
# Members: 41 58 65 68 69 70 78 79 85 86 113 132 133 134 136 151 152 153 183 184 185 190 211

# Training set #15, partition #3
# Selected potential: 175 => 5MPG 1 UAG
# Members: 13 17 40 50 59 60 62 63 64 73 74 75 82 83 93 94 104 105 106 107 114 126 127 138 139 144 161 162 173 174 175 176 179 180 182 186 188 192 193 194 197 205

# COMBINE 2N3O 1 UCU 81.7 94.5
# COMBINE 2N3O 2 CUU 82.6 90.4
# COMBINE 2N3O 3 UUU 18.0 12.1
15 2 2 3 [ 44 150 174] ['1M5K 4 GCA', '4N0T 10 AGA', '5MPG 1 UAG']
**************************************************

# Training set #16, partition #1
# Selected potential: 45 => 1M5K 4 GCA
# Members: 3 4 5 6 18 24 25 26 27 31 32 33 44 45 46 47 48 49 52 53 54 84 100 115 118 137 171 172 177 200 201 202 203 204

# Training set #16, partition #2
# Selected potential: 151 => 4N0T 10 AGA
# Members: 41 58 65 68 69 70 78 79 85 86 110 111 113 132 133 134 136 151 152 153 183 184 185 190

# Training set #16, partition #3
# Selected potential: 175 => 5MPG 1 UAG
# Members: 13 17 40 50 59 60 62 63 64 73 74 75 82 83 93 94 104 105 106 107 114 126 127 138 139 144 161 162 173 174 175 176 179 180 182 186 188 192 193 194 197 205

# COMBINE 6GBM 1 AUU 28.8 17.2
# COMBINE 6GBM 2 UUC 90.0 157.4
16 1 1 2 [ 44 150 174] ['1M5K 4 GCA', '4N0T 10 AGA', '5MPG 1 UAG']
**************************************************

# Training set #17, partition #1
# Selected potential: 45 => 1M5K 4 GCA
# Members: 3 4 5 6 18 24 25 26 27 31 32 33 44 45 46 47 48 49 52 53 54 84 100 115 118 137 171 172 177 200 201 202 203 204

# Training set #17, partition #2
# Selected potential: 151 => 4N0T 10 AGA
# Members: 41 58 65 68 69 70 78 79 85 86 110 111 113 136 151 152 153 183 184 185 190 211

# Training set #17, partition #3
# Selected potential: 175 => 5MPG 1 UAG
# Members: 13 17 40 50 59 60 62 63 64 73 74 75 82 83 93 94 104 105 106 107 114 126 127 138 139 144 161 162 173 174 175 176 179 180 182 186 188 192 193 194 197 205

# COMBINE 4BS2 2 GUG 99.1 131.2
# COMBINE 4BS2 3 UGA 98.4 147.2
# COMBINE 4BS2 4 GAA 86.1 95.1
# COMBINE 4BS2 5 AAU 23.7 15.2
17 3 3 4 [ 44 150 174] ['1M5K 4 GCA', '4N0T 10 AGA', '5MPG 1 UAG']
**************************************************

# Training set #18, partition #1
# Selected potential: 45 => 1M5K 4 GCA
# Members: 3 4 5 6 18 24 25 26 27 31 32 33 44 45 46 47 48 49 52 53 54 84 100 115 118 137 171 172 177 200 201 202 203 204

# Training set #18, partition #2
# Selected potential: 151 => 4N0T 10 AGA
# Members: 41 58 65 68 69 70 78 79 85 86 110 111 113 132 133 134 136 151 152 153 183 184 185 190 211

# Training set #18, partition #3
# Selected potential: 175 => 5MPG 1 UAG
# Members: 13 17 40 50 59 60 62 63 64 73 74 75 82 83 93 94 104 105 106 107 114 126 127 138 139 144 161 162 173 174 175 176 179 180 186 188 192 193 194 197 205

# COMBINE 5O1Y 1 UAA 86.6 125.3
18 1 1 1 [ 44 150 174] ['1M5K 4 GCA', '4N0T 10 AGA', '5MPG 1 UAG']
**************************************************

# Training set #19, partition #1
# Selected potential: 45 => 1M5K 4 GCA
# Members: 3 4 5 6 18 24 25 26 27 31 32 33 44 45 46 47 48 49 52 53 54 84 100 115 118 137 171 172 177 200 201 202 203 204

# Training set #19, partition #2
# Selected potential: 151 => 4N0T 10 AGA
# Members: 41 58 65 68 69 70 78 79 85 86 110 111 113 132 133 134 136 151 152 153 183 184 185 190 211

# Training set #19, partition #3
# Selected potential: 175 => 5MPG 1 UAG
# Members: 13 17 40 50 59 60 62 63 64 73 74 75 82 83 93 94 104 105 106 107 114 126 127 138 139 144 161 162 173 174 175 176 179 180 182 186 188 192 193 194 197 205

# COMBINE 2MKI 1 UUU 47.5 39.4
# COMBINE 2MKI 2 UUA 66.3 61.3
19 0 1 2 [ 44 150 174] ['1M5K 4 GCA', '4N0T 10 AGA', '5MPG 1 UAG']
**************************************************

# Training set #20, partition #1
# Selected potential: 45 => 1M5K 4 GCA
# Members: 3 4 5 6 18 24 25 26 27 31 32 33 44 45 46 47 48 49 52 53 54 84 100 115 118 137 171 172 177 200 201 202 203 204

# Training set #20, partition #2
# Selected potential: 151 => 4N0T 10 AGA
# Members: 41 58 65 68 69 70 78 79 85 86 110 111 113 132 133 134 136 151 152 153 183 184 185 190 211

# Training set #20, partition #3
# Selected potential: 175 => 5MPG 1 UAG
# Members: 13 17 40 50 59 60 62 63 64 73 74 75 82 83 93 94 104 105 106 107 114 126 127 138 139 144 161 162 173 174 175 176 179 180 182 186 188 192 193 194 197 205

# COMBINE 6GX6 1 CAC 1.1 0.1
20 0 0 1 [ 44 150 174] ['1M5K 4 GCA', '4N0T 10 AGA', '5MPG 1 UAG']
**************************************************

# Training set #21, partition #1
# Selected potential: 45 => 1M5K 4 GCA
# Members: 3 4 5 6 18 24 25 26 27 31 32 33 44 45 46 47 48 49 52 53 54 84 115 118 137 171 172 177 200 201 202 203 204

# Training set #21, partition #2
# Selected potential: 151 => 4N0T 10 AGA
# Members: 41 58 65 68 69 70 78 79 85 86 110 111 113 132 133 134 136 151 152 153 183 184 185 190 211

# Training set #21, partition #3
# Selected potential: 175 => 5MPG 1 UAG
# Members: 13 17 40 50 59 60 62 63 64 73 74 75 82 83 93 94 104 105 106 107 114 126 127 138 139 144 161 162 173 174 175 176 179 180 182 186 188 192 193 194 197 205

# COMBINE 2MQO 1 ACA 80.8 100.6
# COMBINE 2MQO 2 CAC 61.5 62.4
# COMBINE 2MQO 3 ACA 4.9 2.5
21 1 2 3 [ 44 150 174] ['1M5K 4 GCA', '4N0T 10 AGA', '5MPG 1 UAG']
**************************************************

# Training set #22, partition #1
# Selected potential: 45 => 1M5K 4 GCA
# Members: 3 4 5 6 18 24 25 26 27 31 32 33 44 45 46 47 48 49 52 53 54 84 100 115 118 137 171 172 177 200 201 202 203 204

# Training set #22, partition #2
# Selected potential: 151 => 4N0T 10 AGA
# Members: 41 58 65 68 69 70 78 79 85 86 110 111 113 132 133 134 136 151 152 153 183 184 185 190 211

# Training set #22, partition #3
# Selected potential: 175 => 5MPG 1 UAG
# Members: 13 17 40 50 59 60 62 63 64 73 74 75 82 83 93 94 106 107 114 126 127 138 139 144 161 162 173 174 175 176 179 180 182 186 188 192 193 194 197 205

# COMBINE 2MQP 1 CAC 75.0 91.1
# COMBINE 2MQP 2 ACA 90.6 140.7
# COMBINE 2MQP 3 CAC 98.7 134.3
22 2 3 3 [ 44 150 174] ['1M5K 4 GCA', '4N0T 10 AGA', '5MPG 1 UAG']
**************************************************

# Training set #23, partition #1
# Selected potential: 45 => 1M5K 4 GCA
# Members: 3 4 5 6 18 24 25 26 27 31 32 33 44 45 46 47 48 49 52 53 54 84 100 115 118 137 171 172 177 200 201 202 203 204

# Training set #23, partition #2
# Selected potential: 151 => 4N0T 10 AGA
# Members: 41 58 65 68 69 70 78 79 110 111 113 132 133 134 136 151 152 153 183 184 185 190 211

# Training set #23, partition #3
# Selected potential: 175 => 5MPG 1 UAG
# Members: 13 17 40 50 59 60 62 63 64 73 74 75 82 83 93 94 104 105 106 107 114 126 127 138 139 144 161 162 173 174 175 176 179 180 182 186 188 192 193 194 197 205

# COMBINE 2M8D 2 AAG 98.8 98.8
# COMBINE 2M8D 3 AGG 94.0 103.0
# COMBINE 2M8D 4 GGA 78.3 64.1
# COMBINE 2M8D 5 GAC 9.2 3.0
23 2 3 4 [ 44 150 174] ['1M5K 4 GCA', '4N0T 10 AGA', '5MPG 1 UAG']
**************************************************

# Training set #24, partition #1
# Selected potential: 45 => 1M5K 4 GCA
# Members: 3 4 5 6 18 24 25 26 27 31 32 33 44 45 46 47 48 49 52 53 54 84 100 115 137 171 172 177 200 201 202 203 204

# Training set #24, partition #2
# Selected potential: 151 => 4N0T 10 AGA
# Members: 41 58 65 68 69 70 78 79 85 86 110 111 113 132 133 134 136 151 152 153 183 184 185 190 211

# Training set #24, partition #3
# Selected potential: 175 => 5MPG 1 UAG
# Members: 13 17 40 50 59 60 62 63 64 73 74 75 82 83 93 94 104 105 106 107 114 126 127 138 139 144 161 162 173 174 175 176 179 180 182 186 188 192 193 194 197 205

# COMBINE 2XS7 1 GUU 90.1 183.9
24 1 1 1 [ 44 150 174] ['1M5K 4 GCA', '4N0T 10 AGA', '5MPG 1 UAG']
**************************************************

# Training set #25, partition #1
# Selected potential: 45 => 1M5K 4 GCA
# Members: 3 4 5 6 18 24 25 26 27 31 32 33 44 45 46 47 48 49 52 53 54 84 100 115 118 137 171 172 177 200 201 202 203 204

# Training set #25, partition #2
# Selected potential: 151 => 4N0T 10 AGA
# Members: 41 58 65 68 78 79 85 86 110 111 113 132 133 134 136 151 152 153 183 184 185 190 211

# Training set #25, partition #3
# Selected potential: 175 => 5MPG 1 UAG
# Members: 13 17 40 50 59 60 62 63 64 73 74 75 82 83 93 94 104 105 106 107 114 126 127 138 139 144 161 162 173 174 175 176 179 180 182 186 188 192 193 194 197 205

# COMBINE 2KG0 1 GGG 98.9 101.9
# COMBINE 2KG0 2 GGA 90.5 83.0
# COMBINE 2KG0 3 GAU 56.4 48.5
25 2 2 3 [ 44 150 174] ['1M5K 4 GCA', '4N0T 10 AGA', '5MPG 1 UAG']
**************************************************

# Training set #26, partition #1
# Selected potential: 45 => 1M5K 4 GCA
# Members: 3 4 5 6 18 24 25 26 27 31 32 33 44 45 46 47 48 49 52 53 54 84 100 115 118 137 177 200 201 202 203 204

# Training set #26, partition #2
# Selected potential: 151 => 4N0T 10 AGA
# Members: 41 58 65 68 69 70 78 79 85 86 110 111 113 132 133 134 136 151 152 153 183 184 185 190 211

# Training set #26, partition #3
# Selected potential: 175 => 5MPG 1 UAG
# Members: 13 17 40 50 59 60 62 63 64 73 74 75 82 83 93 94 104 105 106 107 114 126 127 138 139 144 161 162 173 174 175 176 179 180 182 186 188 192 193 194 197 205

# COMBINE 5DET 1 UCA 92.0 88.4
# COMBINE 5DET 2 CAC 90.5 86.8
26 2 2 2 [ 44 150 174] ['1M5K 4 GCA', '4N0T 10 AGA', '5MPG 1 UAG']
**************************************************

# Training set #27, partition #1
# Selected potential: 45 => 1M5K 4 GCA
# Members: 3 4 5 6 18 24 25 26 27 31 32 33 44 45 46 47 48 49 52 53 54 84 100 115 118 137 171 172 177 200 201 202 203 204

# Training set #27, partition #2
# Selected potential: 151 => 4N0T 10 AGA
# Members: 41 58 65 68 69 70 78 79 85 86 110 111 113 132 133 134 136 151 152 153 183 184 185 190 211

# Training set #27, partition #3
# Selected potential: 175 => 5MPG 1 UAG
# Members: 13 17 40 50 59 60 73 74 75 82 83 93 94 104 105 106 107 114 126 127 138 139 144 161 162 173 174 175 176 179 180 182 186 188 192 193 194 197 205

# COMBINE 2G4B 1 UUU 90.2 96.9
# COMBINE 2G4B 2 UUU 98.1 170.4
# COMBINE 2G4B 3 UUU 97.8 155.8
27 3 3 3 [ 44 150 174] ['1M5K 4 GCA', '4N0T 10 AGA', '5MPG 1 UAG']
**************************************************

# Training set #28, partition #1
# Selected potential: 45 => 1M5K 4 GCA
# Members: 3 4 5 6 18 24 25 26 27 31 32 33 44 45 46 47 48 49 52 53 54 84 100 115 118 137 171 172 177 200 201 202 203 204

# Training set #28, partition #2
# Selected potential: 151 => 4N0T 10 AGA
# Members: 41 58 65 68 69 70 78 79 85 86 110 111 113 132 133 134 136 151 152 153 183 184 185 190 211

# Training set #28, partition #3
# Selected potential: 175 => 5MPG 1 UAG
# Members: 13 17 40 50 59 60 62 63 64 73 74 75 82 83 93 94 104 105 106 107 114 126 127 138 139 144 161 162 173 174 175 176 179 180 182 186 188 192 193 194 197 205

# COMBINE 3MOJ 1 GUU 46.8 33.1
# COMBINE 3MOJ 2 UUC 2.1 0.6
28 0 0 2 [ 44 150 174] ['1M5K 4 GCA', '4N0T 10 AGA', '5MPG 1 UAG']
**************************************************

# Training set #29, partition #1
# Selected potential: 45 => 1M5K 4 GCA
# Members: 3 4 5 6 18 24 25 26 27 31 32 33 44 45 46 47 48 49 52 53 54 84 100 115 118 137 171 172 177 200 201 202 203 204

# Training set #29, partition #2
# Selected potential: 151 => 4N0T 10 AGA
# Members: 41 58 65 68 69 70 78 79 85 86 110 111 113 132 133 134 136 151 152 153 183 184 185 190 211

# Training set #29, partition #3
# Selected potential: 175 => 5MPG 1 UAG
# Members: 13 17 40 50 59 60 62 63 64 73 74 75 82 83 93 94 104 105 106 107 114 126 127 138 139 144 161 162 173 174 175 176 179 180 182 186 188 192 193 194 197 205

# COMBINE 3RW6 1 AAG 48.2 45.5
# COMBINE 3RW6 2 AGA 5.5 3.4
# COMBINE 3RW6 3 GAC 0.2 0.1
29 0 0 3 [ 44 150 174] ['1M5K 4 GCA', '4N0T 10 AGA', '5MPG 1 UAG']
**************************************************

Successes: 87
