# case histo ATTRACT
1A9N 2 AUU 0.2 13.7
1A9N 3 UUG 0.0 49.7
1A9N 4 UGC 0.0 52.0
1A9N 5 GCA 30.2 59.7
1A9N 6 CAG 68.9 17.4
1A9N 7 AGU 68.5 4.9
1DRZ 1 AUU 26.3 3.9
1DRZ 2 UUG 3.1 15.0
1DRZ 3 UGC 22.5 20.2
1DRZ 4 GCA 30.7 30.8
1DRZ 5 CAC 61.9 38.9
1DRZ 6 ACU 1.1 67.1
1DRZ 7 CUC 0.0 53.7
1M5K 3 UGC 37.7 36.4
1M5K 4 GCA 60.6 64.5
1M5K 5 CAC 82.1 78.8
1M5K 6 ACU 35.6 79.5
1URN 3 UGC 33.0 68.9
1URN 4 GCA 54.3 57.4
1URN 5 CAC 61.1 49.0
4YB1 1 CAC 0.0 2.8
6F4G 2 UUG 11.3 30.9
6F4G 3 UGC 6.8 44.9
6F4G 4 GCA 11.6 53.0
6F4G 5 CAG 0.7 37.3
6F4G 6 AGU 0.1 27.9
6F4H 5 CAC 60.1 0.0
6F4H 6 ACC 69.9 3.2
5HO4 1 AGG 29.1 16.4
5HO4 2 GGA 12.8 27.9
5MPG 1 UAG 93.4 30.4
5MPG 2 AGG 97.2 72.1
5MPG 3 GGU 94.8 30.7
5MPG 4 GUC 31.0 20.3
5MPL 1 CAG 99.0 40.8
5MPL 2 AGU 88.9 18.9
5MPL 3 GUU 10.6 20.2
5WWE 1 GGG 1.0 41.8
5WWE 2 GGA 0.0 72.3
5WWG 1 AGG 35.8 48.9
5WWG 2 GGA 59.1 5.5
6DCL 1 UAG 90.9 25.7
6DCL 2 AGA 78.2 42.9
6DCL 3 GAU 43.7 55.8
6DCL 4 AUU 0.0 34.6
6DCL 5 UUA 12.8 27.0
6DCL 6 UAG 49.5 39.4
6DCL 7 AGC 80.8 16.2
1B7F 1 UGU 0.0 42.7
1B7F 2 GUU 0.0 15.6
1B7F 3 UUU 0.2 47.7
1B7F 4 UUU 3.4 54.1
1B7F 5 UUU 28.9 39.3
1B7F 6 UUU 79.8 19.6
1B7F 7 UUU 83.1 51.9
1B7F 8 UUU 30.6 39.0
1FXL 1 UUU 1.4 36.8
1FXL 2 UUU 11.1 54.3
1FXL 3 UUA 16.3 53.9
1FXL 4 UAU 5.8 22.1
1FXL 5 AUU 52.2 69.0
1FXL 6 UUU 95.2 81.7
1G2E 1 UAU 10.2 50.1
1G2E 2 AUU 0.0 53.4
4ED5 1 UUU 0.4 59.4
4ED5 2 UUU 10.6 37.2
4ED5 3 UUA 12.6 51.5
4ED5 4 UAU 29.9 19.0
4ED5 5 AUU 61.6 13.8
4QQB 1 UUU 0.9 12.1
4QQB 2 UUU 10.9 18.8
4QQB 3 UUU 21.5 30.7
4QQB 4 UUU 39.2 54.2
4QQB 5 UUU 69.2 69.7
4QQB 6 UUG 32.4 44.6
4QQB 7 UGA 24.6 24.0
4QQB 8 GAG 39.7 25.0
4QQB 10 GCA 65.4 30.5
4QQB 12 ACG 49.6 21.4
4QQB 13 CGU 7.1 11.1
4QQB 14 GUG 1.8 44.3
6G2K 1 UUU 19.3 71.9
6G2K 2 UUU 61.6 53.5
6G2K 3 UUU 73.2 25.3
6G2K 4 UUU 58.7 29.0
6GC5 3 UUU 48.3 28.1
6GD2 2 UUA 7.5 8.2
6GD2 3 UAU 32.9 12.8
6GD2 4 AUU 32.2 21.1
6GD3 1 UAU 22.1 19.4
6GD3 2 AUU 45.8 30.5
6GD3 3 UUU 74.7 38.1
6GD3 4 UUA 78.2 54.4
3NNH 2 UGU 100.0 60.9
3NNH 3 GUU 100.0 56.4
3NNH 4 UUU 63.2 60.6
3NNH 5 UUU 16.2 62.4
3NNH 6 UUG 34.1 68.3
3NNH 7 UGU 83.5 64.0
3NNH 8 GUU 97.7 48.7
1ZH5 4 GUU 0.6 15.7
1ZH5 5 UUU 1.3 31.6
2VOD 4 UUU 51.5 52.5
2VON 3 AUU 22.8 32.3
2HYI 1 UUU 81.7 80.4
2HYI 2 UUU 86.0 83.1
2HYI 3 UUU 100.0 61.2
2J0S 1 UUU 78.7 45.7
4N0T 3 ACA 14.6 51.0
4N0T 5 AAU 0.0 34.4
4N0T 6 AUA 13.7 23.9
4N0T 7 UAC 59.7 33.6
4N0T 8 ACA 82.7 57.4
4N0T 10 AGA 0.6 58.3
4N0T 11 GAG 2.3 68.2
4N0T 12 AGA 0.9 62.4
4N0T 13 GAU 4.1 64.8
4N0T 14 AUG 10.3 7.3
4N0T 17 AUC 53.9 13.7
5TF6 11 GAG 0.0 4.9
5TF6 12 AGA 0.2 20.4
5TF6 13 GAU 2.9 32.1
6ASO 13 GAU 16.7 13.5
6ASO 14 AUG 8.0 9.8
2KXN 1 AGA 84.3 21.7
2KXN 2 GAA 83.2 28.4
2KXN 3 AAC 60.5 50.9
2RRA 1 AAG 79.9 60.8
2RRA 2 AGA 97.8 18.9
2RRA 3 GAA 98.6 42.4
2CJK 1 AUA 56.7 34.6
2CJK 2 UAU 98.5 25.6
2CJK 3 AUA 95.7 20.6
2CJK 4 UAU 86.6 79.4
2CJK 5 AUA 6.4 61.8
2KM8 1 UAU 89.0 38.3
2KM8 2 AUA 75.4 22.4
2KM8 3 UAU 90.5 39.0
2KM8 4 AUA 96.4 19.5
2KM8 5 UAU 63.9 21.1
2KM8 6 AUA 23.4 30.7
2KM8 7 UAA 78.5 73.2
2KM8 8 AAU 67.9 35.6
2KM8 9 AUA 5.8 7.6
2KM8 10 UAA 0.0 3.1
2MGZ 1 GCA 100.0 16.1
2MGZ 2 CAU 98.2 58.4
2MGZ 3 AUG 80.6 90.1
2MGZ 4 UGG 67.8 24.5
2MGZ 5 GGU 86.9 43.8
2MGZ 6 GUG 94.4 44.8
2MGZ 7 UGU 65.0 46.7
2MGZ 8 GUG 48.3 38.1
2MGZ 9 UGC 4.9 5.4
4CIO 1 GUG 78.1 29.1
4CIO 2 UGU 74.8 32.0
4CIO 3 GUG 96.2 30.5
4CIO 4 UGC 78.4 43.6
1CVJ 1 AAA 51.2 78.1
1CVJ 2 AAA 85.5 84.5
1CVJ 3 AAA 82.6 47.9
1CVJ 4 AAA 13.6 38.9
1CVJ 5 AAA 28.5 75.7
1CVJ 6 AAA 19.8 16.4
4F02 6 AAA 17.8 12.9
2MXY 1 UUU 74.2 18.2
2MXY 2 UUU 95.3 0.0
2MXY 3 UUU 41.0 11.7
2MXY 4 UUC 0.0 36.3
1FJE 1 AAU 29.7 78.8
1FJE 2 AUC 30.1 16.5
1FJE 3 UCC 89.4 84.7
1FJE 4 CCC 95.2 83.3
1FJE 5 CCG 80.8 25.4
1FJE 7 GAA 43.5 2.0
1FJE 8 AAG 0.3 47.2
1RKJ 1 UCC 94.4 55.0
1RKJ 2 CCC 62.6 4.2
1RKJ 3 CCG 92.8 70.8
1RKJ 5 GAG 0.0 30.6
2N3O 1 UCU 73.0 36.1
2N3O 2 CUU 71.9 52.3
2N3O 3 UUU 10.9 22.1
6GBM 1 AUU 17.0 2.4
6GBM 2 UUC 84.7 67.1
4BS2 2 GUG 96.4 13.7
4BS2 3 UGA 95.0 42.4
4BS2 4 GAA 82.6 27.0
4BS2 5 AAU 80.7 82.1
5O1Y 1 UAA 80.6 72.5
2MKI 1 UUU 37.7 33.9
2MKI 2 UUA 54.5 30.7
6GX6 1 CAC 0.1 41.6
2MQO 1 ACA 72.7 40.2
2MQO 2 CAC 48.1 24.5
2MQO 3 ACA 2.5 29.6
2MQP 1 CAC 65.0 54.5
2MQP 2 ACA 82.6 71.8
2MQP 3 CAC 95.6 27.2
2M8D 2 AAG 97.6 10.3
2M8D 3 AGG 88.1 68.7
2M8D 4 GGA 57.9 63.9
2M8D 5 GAC 2.7 55.7
2XS7 1 GUU 86.2 59.2
2KG0 1 GGG 96.7 62.3
2KG0 2 GGA 84.7 56.9
2KG0 3 GAU 48.8 72.7
5DET 1 UCA 94.4 92.3
5DET 2 CAC 99.4 50.9
2G4B 1 UUU 98.2 24.6
2G4B 2 UUU 97.8 40.6
2G4B 3 UUU 96.3 67.4
3MOJ 1 GUU 92.9 24.3
3MOJ 2 UUC 56.1 47.9
3RW6 1 AAG 45.5 65.0
3RW6 2 AGA 3.4 64.4
3RW6 3 GAC 0.1 57.9
