1A9N 2 AUU 100.0 100.0
1A9N 3 UUG 100.0 100.0
1A9N 4 UGC 100.0 96.7
1A9N 5 GCA 100.0 100.0
1A9N 6 CAG 99.9 98.4
1A9N 7 AGU 98.5 90.7
SKIP 1A9N 11 CCU
1B7F 1 UGU 0.0 0.0
1B7F 2 GUU 0.0 0.0
1B7F 3 UUU 1.8 0.2
1B7F 4 UUU 12.3 3.4
1B7F 5 UUU 26.4 28.9
1B7F 6 UUU 72.1 85.2
1B7F 7 UUU 52.3 70.6
1B7F 8 UUU 0.2 29.0
1CVJ 1 AAA 26.9 51.2
1CVJ 2 AAA 86.5 85.5
1CVJ 3 AAA 85.8 82.6
1CVJ 4 AAA 5.6 13.6
1CVJ 5 AAA 16.5 28.5
1CVJ 6 AAA 44.3 19.8
1DRZ 1 AUU 0.0 0.0
1DRZ 2 UUG 40.8 23.5
1DRZ 3 UGC 90.7 96.0
1DRZ 4 GCA 99.8 100.0
1DRZ 5 CAC 98.2 98.3
1DRZ 6 ACU 98.4 94.5
1DRZ 7 CUC 0.0 0.0
1FJE 1 AAU 14.8 29.7
1FJE 2 AUC 38.3 30.1
1FJE 3 UCC 94.5 89.4
1FJE 4 CCC 95.4 95.2
1FJE 5 CCG 90.3 80.8
SKIP 1FJE 7 GAA
SKIP 1FJE 8 AAG
1FXL 1 UUU 1.9 1.4
1FXL 2 UUU 22.4 11.1
1FXL 3 UUA 15.5 16.3
1FXL 4 UAU 11.0 8.6
SKIP 1FXL 5 AUU
1FXL 6 UUU 82.4 76.2
1G2E 1 UAU 37.1 9.6
1G2E 2 AUU 0.0 0.1
1M5K 3 UGC 98.3 99.4
SKIP 1M5K 4 GCA
1M5K 5 CAC 100.0 100.0
1M5K 6 ACU 99.8 98.4
1RKJ 1 UCC 96.5 94.4
1RKJ 2 CCC 74.3 62.6
SKIP 1RKJ 3 CCG
SKIP 1RKJ 5 GAG
1URN 3 UGC 97.7 98.7
SKIP 1URN 4 GCA
1URN 5 CAC 99.1 99.2
1ZH5 4 GUU 0.0 0.6
1ZH5 5 UUU 2.4 1.3
2CJK 1 AUA 47.7 56.7
2CJK 2 UAU 99.5 98.5
2CJK 3 AUA 96.2 95.7
2CJK 4 UAU 85.9 86.6
2CJK 5 AUA 10.2 6.4
2G4B 1 UUU 99.8 98.2
2G4B 2 UUU 93.0 97.8
2G4B 3 UUU 78.1 96.3
2HYI 1 UUU 71.8 81.7
2HYI 2 UUU 50.5 86.0
2HYI 3 UUU 90.6 100.0
2J0S 1 UUU 76.9 78.7
2KG0 1 GGG 99.2 96.7
2KG0 2 GGA 93.7 84.7
2KG0 3 GAU 65.1 48.8
2KM8 1 UAU 90.2 89.0
2KM8 2 AUA 66.8 75.4
2KM8 3 UAU 91.8 90.5
2KM8 4 AUA 96.3 96.4
2KM8 5 UAU 59.4 63.9
2KM8 6 AUA 13.3 23.4
2KM8 7 UAA 82.3 78.5
2KM8 8 AAU 74.2 67.9
2KM8 9 AUA 21.0 5.8
2KM8 10 UAA 1.1 0.0
2KXN 1 AGA 88.5 84.3
2KXN 2 GAA 88.3 83.2
2KXN 3 AAC 78.5 60.5
2M8D 2 AAG 100.0 97.6
2M8D 3 AGG 93.5 88.1
2M8D 4 GGA 50.7 57.9
2M8D 5 GAC 4.0 2.7
2MGZ 1 GCA 100.0 100.0
2MGZ 2 CAU 99.8 98.2
2MGZ 3 AUG 97.7 80.6
2MGZ 4 UGG 99.3 67.8
2MGZ 5 GGU 88.0 86.9
2MGZ 6 GUG 94.6 94.4
2MGZ 7 UGU 62.5 65.0
2MGZ 8 GUG 65.0 48.3
2MGZ 9 UGC 29.3 4.9
2MKI 1 UUU 38.1 37.7
2MKI 2 UUA 68.4 54.5
2MQO 1 ACA 80.1 72.7
2MQO 2 CAC 60.9 48.1
2MQO 3 ACA 0.5 2.5
2MQP 1 CAC 78.3 65.0
2MQP 2 ACA 94.8 82.6
2MQP 3 CAC 97.0 95.6
2MXY 1 UUU 69.5 74.2
2MXY 2 UUU 94.9 95.3
2MXY 3 UUU 40.0 41.0
2MXY 4 UUC 0.1 0.0
2N3O 1 UCU 81.0 73.0
2N3O 2 CUU 84.6 71.9
2N3O 3 UUU 30.7 10.9
2RRA 1 AAG 87.9 79.9
2RRA 2 AGA 97.8 97.8
2RRA 3 GAA 99.3 98.6
2VOD 4 UUU 34.7 51.5
2VON 3 AUU 32.2 22.8
2XS7 1 GUU 86.4 86.2
3MOJ 1 GUU 94.0 92.9
3MOJ 2 UUC 43.7 56.1
3NNH 2 UGU 100.0 100.0
3NNH 3 GUU 100.0 100.0
3NNH 4 UUU 75.5 63.2
3NNH 5 UUU 18.6 16.2
3NNH 6 UUG 63.7 34.1
3NNH 7 UGU 94.7 83.5
3NNH 8 GUU 96.5 97.7
3RW6 1 AAG 49.1 45.5
3RW6 2 AGA 4.2 3.4
3RW6 3 GAC 0.0 0.1
SKIP 4BS2 1 UGU
4BS2 2 GUG 99.1 96.4
4BS2 3 UGA 98.6 95.0
4BS2 4 GAA 93.2 82.6
4BS2 5 AAU 75.4 80.7
4CIO 1 GUG 74.5 78.1
4CIO 2 UGU 73.2 74.8
4CIO 3 GUG 95.7 96.2
4CIO 4 UGC 79.0 78.4
SKIP 4ED5 1 UUU
4ED5 2 UUU 14.1 10.6
4ED5 3 UUA 14.6 12.6
4ED5 4 UAU 37.5 30.5
4ED5 5 AUU 91.6 87.6
SKIP 4F02 6 AAA
4N0T 3 ACA 24.3 2.1
4N0T 5 AAU 0.0 0.0
SKIP 4N0T 6 AUA
4N0T 7 UAC 4.8 0.6
4N0T 8 ACA 38.8 12.1
4N0T 10 AGA 99.2 99.9
SKIP 4N0T 11 GAG
4N0T 12 AGA 70.0 62.7
4N0T 13 GAU 52.8 55.9
4N0T 14 AUG 20.6 8.7
4N0T 17 AUC 59.8 83.0
4QQB 1 UUU 6.1 0.9
4QQB 2 UUU 20.6 10.9
4QQB 3 UUU 29.9 22.2
4QQB 4 UUU 43.3 49.8
4QQB 5 UUU 94.8 96.4
4QQB 6 UUG 89.2 83.7
4QQB 7 UGA 24.2 18.5
4QQB 8 GAG 37.7 35.7
4QQB 10 GCA 86.0 13.6
SKIP 4QQB 11 CAC
4QQB 12 ACG 1.5 40.5
4QQB 13 CGU 5.8 7.1
4QQB 14 GUG 18.9 1.8
4YB1 1 CAC 0.0 0.0
5DET 1 UCA 99.5 94.4
5DET 2 CAC 100.0 99.4
5HO4 1 AGG 100.0 100.0
5HO4 2 GGA 93.4 78.4
5MPG 1 UAG 100.0 100.0
5MPG 2 AGG 100.0 100.0
5MPG 3 GGU 98.7 97.9
5MPG 4 GUC 31.5 31.1
5MPL 1 CAG 100.0 100.0
5MPL 2 AGU 100.0 98.9
5MPL 3 GUU 94.2 13.2
5O1Y 1 UAA 83.3 80.6
5TF6 11 GAG 97.3 99.2
5TF6 12 AGA 84.8 81.7
5TF6 13 GAU 70.0 74.4
5WWE 1 GGG 90.9 88.8
SKIP 5WWE 2 GGA
SKIP 5WWG 1 AGG
SKIP 5WWG 2 GGA
SKIP 6ASO 13 GAU
SKIP 6ASO 14 AUG
SKIP 6DCL 1 UAG
SKIP 6DCL 2 AGA
SKIP 6DCL 3 GAU
SKIP 6DCL 4 AUU
SKIP 6DCL 5 UUA
SKIP 6DCL 6 UAG
SKIP 6DCL 7 AGC
SKIP 6F4G 2 UUG
6F4G 3 UGC 96.6 63.6
6F4G 4 GCA 99.9 98.5
6F4G 5 CAG 94.0 69.3
6F4G 6 AGU 91.1 63.7
6F4H 5 CAC 97.8 97.3
6F4H 6 ACC 81.8 77.0
6G2K 1 UUU 52.3 19.3
6G2K 2 UUU 53.0 61.6
6G2K 3 UUU 51.0 73.2
6G2K 4 UUU 23.5 58.7
6GBM 1 AUU 17.4 17.0
6GBM 2 UUC 98.9 84.7
6GC5 3 UUU 84.5 48.3
6GD2 2 UUA 4.8 7.5
6GD2 3 UAU 39.5 32.9
6GD2 4 AUU 41.4 32.2
6GD3 1 UAU 21.5 22.1
6GD3 2 AUU 55.9 45.8
6GD3 3 UUU 66.5 74.7
6GD3 4 UUA 91.6 78.2
6GX6 1 CAC 1.8 0.1
193 115 113
