1A9N 2 AUU 100.0 100.0
1A9N 3 UUG 100.0 100.0
1A9N 4 UGC 100.0 100.0
1A9N 5 GCA 100.0 99.9
1A9N 6 CAG 99.9 98.0
1A9N 7 AGU 100.0 98.6
1A9N 11 CCU 100.0 100.0
1B7F 1 UGU 0.0 6.0
1B7F 2 GUU 0.0 0.1
1B7F 3 UUU 1.9 0.2
1B7F 4 UUU 12.7 0.5
1B7F 5 UUU 25.9 12.6
1B7F 6 UUU 69.7 67.7
1B7F 7 UUU 45.8 33.2
1B7F 8 UUU 0.5 3.1
1CVJ 1 AAA 14.5 27.4
1CVJ 2 AAA 85.0 72.8
1CVJ 3 AAA 85.5 84.2
1CVJ 4 AAA 4.0 1.5
1CVJ 5 AAA 14.7 8.4
1CVJ 6 AAA 54.2 32.4
1DRZ 1 AUU 0.0 0.0
1DRZ 2 UUG 29.4 18.1
1DRZ 3 UGC 79.2 35.5
1DRZ 4 GCA 98.5 88.6
1DRZ 5 CAC 97.8 93.1
SKIP 1DRZ 6 ACU
1DRZ 7 CUC 0.0 37.5
SKIP 1FJE 1 AAU
SKIP 1FJE 2 AUC
SKIP 1FJE 3 UCC
SKIP 1FJE 4 CCC
SKIP 1FJE 5 CCG
SKIP 1FJE 7 GAA
SKIP 1FJE 8 AAG
1FXL 1 UUU 2.4 1.3
1FXL 2 UUU 23.1 0.0
SKIP 1FXL 3 UUA
SKIP 1FXL 4 UAU
SKIP 1FXL 5 AUU
1FXL 6 UUU 79.0 46.4
SKIP 1G2E 1 UAU
SKIP 1G2E 2 AUU
SKIP 1M5K 3 UGC
SKIP 1M5K 4 GCA
SKIP 1M5K 5 CAC
SKIP 1M5K 6 ACU
SKIP 1RKJ 1 UCC
SKIP 1RKJ 2 CCC
SKIP 1RKJ 3 CCG
SKIP 1RKJ 5 GAG
SKIP 1URN 3 UGC
SKIP 1URN 4 GCA
SKIP 1URN 5 CAC
1ZH5 4 GUU 0.0 0.0
1ZH5 5 UUU 2.8 0.0
2CJK 1 AUA 37.6 0.4
2CJK 2 UAU 97.7 4.3
2CJK 3 AUA 95.5 78.9
2CJK 4 UAU 83.3 64.0
2CJK 5 AUA 6.8 0.6
2G4B 1 UUU 100.0 67.9
2G4B 2 UUU 96.2 54.5
2G4B 3 UUU 72.3 22.3
2HYI 1 UUU 73.7 73.0
2HYI 2 UUU 46.0 47.2
2HYI 3 UUU 40.4 21.8
2J0S 1 UUU 78.5 55.1
2KG0 1 GGG 99.3 99.1
2KG0 2 GGA 95.1 96.0
2KG0 3 GAU 68.5 45.8
2KM8 1 UAU 88.6 97.9
2KM8 2 AUA 59.5 79.8
2KM8 3 UAU 92.0 90.7
2KM8 4 AUA 95.8 91.7
2KM8 5 UAU 53.1 39.7
2KM8 6 AUA 8.4 0.2
2KM8 7 UAA 74.3 21.4
2KM8 8 AAU 66.5 2.0
2KM8 9 AUA 11.4 0.0
2KM8 10 UAA 1.4 0.6
2KXN 1 AGA 90.0 83.3
2KXN 2 GAA 90.6 95.9
2KXN 3 AAC 81.8 70.0
2M8D 2 AAG 100.0 91.8
2M8D 3 AGG 94.3 71.0
2M8D 4 GGA 45.0 16.2
2M8D 5 GAC 3.7 7.6
2MGZ 1 GCA 100.0 100.0
2MGZ 2 CAU 99.6 100.0
2MGZ 3 AUG 97.8 78.0
2MGZ 4 UGG 98.2 36.6
2MGZ 5 GGU 80.7 57.7
2MGZ 6 GUG 94.0 88.8
2MGZ 7 UGU 61.3 43.8
2MGZ 8 GUG 74.7 65.3
2MGZ 9 UGC 37.9 42.0
2MKI 1 UUU 41.7 35.9
2MKI 2 UUA 70.2 62.1
2MQO 1 ACA 79.7 77.9
2MQO 2 CAC 55.0 46.3
2MQO 3 ACA 0.4 1.4
2MQP 1 CAC 82.6 91.8
2MQP 2 ACA 96.2 97.6
2MQP 3 CAC 96.9 96.1
2MXY 1 UUU 66.1 78.8
2MXY 2 UUU 93.8 95.7
2MXY 3 UUU 46.1 56.1
2MXY 4 UUC 0.2 1.0
2N3O 1 UCU 83.0 84.7
2N3O 2 CUU 85.8 86.5
2N3O 3 UUU 26.4 5.4
2RRA 1 AAG 86.7 66.2
2RRA 2 AGA 97.9 97.0
2RRA 3 GAA 99.4 99.6
2VOD 4 UUU 31.1 12.9
2VON 3 AUU 31.8 33.3
2XS7 1 GUU 87.0 90.5
3MOJ 1 GUU 91.0 99.3
3MOJ 2 UUC 37.1 58.7
3NNH 2 UGU 100.0 98.0
3NNH 3 GUU 100.0 91.4
3NNH 4 UUU 75.1 49.7
3NNH 5 UUU 16.5 9.6
3NNH 6 UUG 68.7 32.3
3NNH 7 UGU 94.6 86.6
3NNH 8 GUU 97.5 97.5
3RW6 1 AAG 49.1 41.1
3RW6 2 AGA 4.9 5.1
3RW6 3 GAC 0.0 0.2
SKIP 4BS2 1 UGU
4BS2 2 GUG 99.4 88.3
4BS2 3 UGA 98.6 91.4
4BS2 4 GAA 93.2 89.8
4BS2 5 AAU 63.6 39.3
4CIO 1 GUG 74.6 64.0
4CIO 2 UGU 71.5 43.4
4CIO 3 GUG 95.7 93.6
4CIO 4 UGC 79.3 61.9
SKIP 4ED5 1 UUU
4ED5 2 UUU 14.1 0.0
4ED5 3 UUA 13.5 0.3
4ED5 4 UAU 37.8 7.7
4ED5 5 AUU 92.0 65.4
SKIP 4F02 6 AAA
4N0T 3 ACA 39.6 75.7
4N0T 5 AAU 0.0 0.0
SKIP 4N0T 6 AUA
4N0T 7 UAC 11.8 21.6
4N0T 8 ACA 43.8 58.5
4N0T 10 AGA 96.1 44.0
SKIP 4N0T 11 GAG
4N0T 12 AGA 68.9 66.4
4N0T 13 GAU 51.1 58.7
SKIP 4N0T 14 AUG
SKIP 4N0T 17 AUC
4QQB 1 UUU 6.9 1.2
4QQB 2 UUU 19.9 2.6
4QQB 3 UUU 29.3 4.4
4QQB 4 UUU 42.4 30.0
4QQB 5 UUU 93.9 92.2
4QQB 6 UUG 90.3 92.2
4QQB 7 UGA 23.5 5.2
4QQB 8 GAG 34.1 36.5
4QQB 10 GCA 88.5 67.1
SKIP 4QQB 11 CAC
4QQB 12 ACG 2.9 12.0
4QQB 13 CGU 5.5 15.6
4QQB 14 GUG 16.0 15.2
4YB1 1 CAC 0.0 0.0
5DET 1 UCA 99.5 98.5
5DET 2 CAC 100.0 100.0
5HO4 1 AGG 100.0 99.3
5HO4 2 GGA 92.4 72.8
5MPG 1 UAG 100.0 99.2
5MPG 2 AGG 100.0 99.7
5MPG 3 GGU 98.7 96.5
5MPG 4 GUC 32.3 26.6
5MPL 1 CAG 100.0 100.0
5MPL 2 AGU 100.0 100.0
5MPL 3 GUU 98.4 75.1
5O1Y 1 UAA 84.5 81.0
5TF6 11 GAG 96.9 93.3
5TF6 12 AGA 84.0 78.7
5TF6 13 GAU 68.3 81.0
5WWE 1 GGG 91.0 80.7
SKIP 5WWE 2 GGA
SKIP 5WWG 1 AGG
SKIP 5WWG 2 GGA
SKIP 6ASO 13 GAU
SKIP 6ASO 14 AUG
SKIP 6DCL 1 UAG
SKIP 6DCL 2 AGA
SKIP 6DCL 3 GAU
SKIP 6DCL 4 AUU
SKIP 6DCL 5 UUA
SKIP 6DCL 6 UAG
SKIP 6DCL 7 AGC
SKIP 6F4G 2 UUG
6F4G 3 UGC 98.0 96.8
6F4G 4 GCA 99.9 98.3
6F4G 5 CAG 98.4 99.0
6F4G 6 AGU 96.2 67.7
6F4H 5 CAC 97.7 93.2
6F4H 6 ACC 84.6 74.2
6G2K 1 UUU 57.8 0.3
6G2K 2 UUU 50.4 33.6
6G2K 3 UUU 48.2 50.9
6G2K 4 UUU 18.6 33.5
6GBM 1 AUU 15.4 3.2
6GBM 2 UUC 98.8 81.2
6GC5 3 UUU 94.7 19.2
6GD2 2 UUA 3.9 1.3
6GD2 3 UAU 39.4 38.6
6GD2 4 AUU 42.6 30.3
6GD3 1 UAU 22.1 5.3
6GD3 2 AUU 60.8 63.6
6GD3 3 UUU 64.1 55.7
6GD3 4 UUA 94.6 57.6
6GX6 1 CAC 1.8 1.5
175 103 85
