1A9N 2 AUU 100.0 100.0
1A9N 3 UUG 100.0 100.0
1A9N 4 UGC 100.0 100.0
1A9N 5 GCA 100.0 99.9
1A9N 6 CAG 99.9 98.0
1A9N 7 AGU 100.0 98.6
1A9N 11 CCU 100.0 100.0
1B7F 1 UGU 0.0 6.0
1B7F 2 GUU 0.0 0.1
1B7F 3 UUU 2.0 0.2
1B7F 4 UUU 13.2 0.5
1B7F 5 UUU 25.1 12.6
1B7F 6 UUU 66.6 67.7
1B7F 7 UUU 39.9 33.2
1B7F 8 UUU 5.3 3.1
1CVJ 1 AAA 7.1 27.4
1CVJ 2 AAA 81.3 72.8
1CVJ 3 AAA 84.6 84.2
1CVJ 4 AAA 3.1 1.5
1CVJ 5 AAA 12.9 8.4
1CVJ 6 AAA 61.5 32.4
1DRZ 1 AUU 0.0 0.0
1DRZ 2 UUG 17.3 18.1
1DRZ 3 UGC 58.8 35.5
1DRZ 4 GCA 93.7 88.6
1DRZ 5 CAC 97.3 93.1
1DRZ 6 ACU 99.4 85.5
1DRZ 7 CUC 0.0 37.5
1FJE 1 AAU 8.9 0.0
1FJE 2 AUC 27.7 1.6
1FJE 3 UCC 93.4 52.9
1FJE 4 CCC 94.9 93.6
1FJE 5 CCG 89.7 96.0
1FJE 7 GAA 50.5 41.5
1FJE 8 AAG 0.4 0.3
1FXL 1 UUU 3.8 1.3
1FXL 2 UUU 24.0 0.0
1FXL 3 UUA 9.0 0.6
1FXL 4 UAU 15.6 8.5
1FXL 5 AUU 87.7 71.5
1FXL 6 UUU 75.5 46.4
1G2E 1 UAU 54.8 86.4
1G2E 2 AUU 0.3 3.3
1M5K 3 UGC 88.1 86.5
1M5K 4 GCA 98.4 97.9
1M5K 5 CAC 99.6 98.3
1M5K 6 ACU 100.0 96.7
1RKJ 1 UCC 98.4 99.9
1RKJ 2 CCC 77.4 84.7
1RKJ 3 CCG 99.0 99.5
1RKJ 5 GAG 5.9 2.6
1URN 3 UGC 91.7 86.6
1URN 4 GCA 98.8 98.2
1URN 5 CAC 98.7 96.3
1ZH5 4 GUU 0.0 0.0
1ZH5 5 UUU 3.5 0.0
2CJK 1 AUA 29.1 0.4
2CJK 2 UAU 91.6 4.3
2CJK 3 AUA 88.0 78.9
2CJK 4 UAU 80.1 64.0
2CJK 5 AUA 4.0 0.6
2G4B 1 UUU 99.5 67.9
2G4B 2 UUU 95.7 54.5
2G4B 3 UUU 66.0 22.3
2HYI 1 UUU 75.7 73.0
2HYI 2 UUU 45.6 47.2
2HYI 3 UUU 22.4 21.8
2J0S 1 UUU 80.2 55.1
2KG0 1 GGG 99.3 99.1
2KG0 2 GGA 94.7 96.0
2KG0 3 GAU 69.8 45.8
2KM8 1 UAU 83.4 97.9
2KM8 2 AUA 51.5 79.8
2KM8 3 UAU 92.3 90.7
2KM8 4 AUA 95.1 91.7
2KM8 5 UAU 45.8 39.7
2KM8 6 AUA 7.9 0.2
2KM8 7 UAA 61.6 21.4
2KM8 8 AAU 51.3 2.0
2KM8 9 AUA 5.4 0.0
2KM8 10 UAA 1.5 0.6
2KXN 1 AGA 90.8 83.3
2KXN 2 GAA 92.4 95.9
2KXN 3 AAC 83.5 70.0
2M8D 2 AAG 100.0 91.8
2M8D 3 AGG 94.9 71.0
2M8D 4 GGA 43.4 16.2
2M8D 5 GAC 4.1 7.6
2MGZ 1 GCA 100.0 100.0
2MGZ 2 CAU 99.6 100.0
2MGZ 3 AUG 96.0 78.0
2MGZ 4 UGG 96.3 36.6
2MGZ 5 GGU 70.2 57.7
2MGZ 6 GUG 93.0 88.8
2MGZ 7 UGU 60.7 43.8
2MGZ 8 GUG 80.8 65.3
2MGZ 9 UGC 51.6 42.0
2MKI 1 UUU 45.9 35.9
2MKI 2 UUA 70.6 62.1
2MQO 1 ACA 77.1 77.9
2MQO 2 CAC 50.8 46.3
2MQO 3 ACA 0.4 1.4
2MQP 1 CAC 86.6 91.8
2MQP 2 ACA 97.1 97.6
2MQP 3 CAC 96.6 96.1
2MXY 1 UUU 61.1 78.8
2MXY 2 UUU 92.8 95.7
2MXY 3 UUU 52.8 56.1
2MXY 4 UUC 0.7 1.0
2N3O 1 UCU 86.0 84.7
2N3O 2 CUU 89.8 86.5
2N3O 3 UUU 24.2 5.4
2RRA 1 AAG 85.8 66.2
2RRA 2 AGA 98.0 97.0
2RRA 3 GAA 99.7 99.6
2VOD 4 UUU 28.8 12.9
2VON 3 AUU 30.7 33.3
2XS7 1 GUU 87.8 90.5
3MOJ 1 GUU 88.6 99.3
3MOJ 2 UUC 29.4 58.7
3NNH 2 UGU 100.0 98.0
3NNH 3 GUU 100.0 91.4
3NNH 4 UUU 70.7 49.7
3NNH 5 UUU 13.6 9.6
3NNH 6 UUG 72.4 32.3
3NNH 7 UGU 95.7 86.6
3NNH 8 GUU 97.8 97.5
3RW6 1 AAG 49.1 41.1
3RW6 2 AGA 6.5 5.1
3RW6 3 GAC 0.0 0.2
SKIP 4BS2 1 UGU
4BS2 2 GUG 99.5 88.3
4BS2 3 UGA 98.3 91.4
4BS2 4 GAA 92.6 89.8
4BS2 5 AAU 44.7 39.3
4CIO 1 GUG 74.3 64.0
4CIO 2 UGU 68.8 43.4
4CIO 3 GUG 95.7 93.6
4CIO 4 UGC 79.0 61.9
4ED5 1 UUU 3.4 0.1
4ED5 2 UUU 13.7 0.0
4ED5 3 UUA 10.9 0.3
4ED5 4 UAU 38.5 7.7
4ED5 5 AUU 91.5 65.4
4F02 6 AAA 24.4 27.1
4N0T 3 ACA 49.3 75.7
4N0T 5 AAU 0.0 0.0
4N0T 6 AUA 0.0 2.2
4N0T 7 UAC 22.2 21.6
4N0T 8 ACA 54.2 58.5
4N0T 10 AGA 54.3 44.0
4N0T 11 GAG 64.3 64.6
4N0T 12 AGA 67.3 66.4
4N0T 13 GAU 48.0 58.7
4N0T 14 AUG 19.6 21.7
4N0T 17 AUC 63.3 100.0
4QQB 1 UUU 7.6 1.2
4QQB 2 UUU 19.4 2.6
4QQB 3 UUU 27.8 4.4
4QQB 4 UUU 41.0 30.0
4QQB 5 UUU 93.1 92.2
4QQB 6 UUG 90.9 92.2
4QQB 7 UGA 24.0 5.2
4QQB 8 GAG 33.7 36.5
4QQB 10 GCA 90.1 67.1
SKIP 4QQB 11 CAC
4QQB 12 ACG 8.4 12.0
4QQB 13 CGU 4.6 15.6
4QQB 14 GUG 12.6 15.2
4YB1 1 CAC 0.0 0.0
5DET 1 UCA 99.3 98.5
5DET 2 CAC 100.0 100.0
5HO4 1 AGG 99.8 99.3
5HO4 2 GGA 90.2 72.8
5MPG 1 UAG 99.7 99.2
5MPG 2 AGG 99.8 99.7
5MPG 3 GGU 98.6 96.5
5MPG 4 GUC 33.3 26.6
5MPL 1 CAG 100.0 100.0
5MPL 2 AGU 100.0 100.0
5MPL 3 GUU 99.5 75.1
5O1Y 1 UAA 85.1 81.0
5TF6 11 GAG 94.9 93.3
5TF6 12 AGA 82.6 78.7
5TF6 13 GAU 65.4 81.0
5WWE 1 GGG 91.0 80.7
5WWE 2 GGA 64.7 19.6
5WWG 1 AGG 99.5 99.0
5WWG 2 GGA 98.8 97.6
6ASO 13 GAU 27.1 23.6
6ASO 14 AUG 16.0 16.0
6DCL 1 UAG 100.0 98.4
6DCL 2 AGA 97.6 75.3
6DCL 3 GAU 79.1 48.4
6DCL 4 AUU 12.1 13.6
6DCL 5 UUA 83.9 88.7
6DCL 6 UAG 99.6 100.0
6DCL 7 AGC 100.0 100.0
6F4G 2 UUG 72.1 32.1
6F4G 3 UGC 98.4 96.8
6F4G 4 GCA 100.0 98.3
6F4G 5 CAG 99.8 99.0
6F4G 6 AGU 99.3 67.7
6F4H 5 CAC 97.6 93.2
6F4H 6 ACC 86.9 74.2
6G2K 1 UUU 63.4 0.3
6G2K 2 UUU 46.9 33.6
6G2K 3 UUU 45.7 50.9
6G2K 4 UUU 13.5 33.5
6GBM 1 AUU 14.1 3.2
6GBM 2 UUC 98.8 81.2
6GC5 3 UUU 93.3 19.2
6GD2 2 UUA 2.8 1.3
6GD2 3 UAU 38.7 38.6
6GD2 4 AUU 43.8 30.3
6GD3 1 UAU 23.2 5.3
6GD3 2 AUU 65.5 63.6
6GD3 3 UUU 61.5 55.7
6GD3 4 UUA 96.1 57.6
6GX6 1 CAC 2.2 1.5
218 128 109
