1A9N 2 AUU 100.0 100.0
1A9N 3 UUG 100.0 100.0
1A9N 4 UGC 100.0 96.7
1A9N 5 GCA 100.0 100.0
1A9N 6 CAG 99.4 98.4
1A9N 7 AGU 95.9 90.7
SKIP 1A9N 11 CCU
1B7F 1 UGU 0.0 0.0
1B7F 2 GUU 0.0 0.0
1B7F 3 UUU 1.6 0.2
1B7F 4 UUU 11.9 3.4
1B7F 5 UUU 26.8 28.9
1B7F 6 UUU 73.9 85.2
1B7F 7 UUU 59.3 70.6
1B7F 8 UUU 0.4 29.0
1CVJ 1 AAA 40.6 51.2
1CVJ 2 AAA 86.6 85.5
1CVJ 3 AAA 85.6 82.6
1CVJ 4 AAA 9.7 13.6
1CVJ 5 AAA 24.6 28.5
1CVJ 6 AAA 33.5 19.8
1DRZ 1 AUU 0.0 0.0
1DRZ 2 UUG 48.4 23.5
1DRZ 3 UGC 95.5 96.0
1DRZ 4 GCA 100.0 100.0
1DRZ 5 CAC 98.4 98.3
1DRZ 6 ACU 97.8 94.5
1DRZ 7 CUC 0.0 0.0
1FJE 1 AAU 21.5 29.7
1FJE 2 AUC 42.1 30.1
1FJE 3 UCC 93.9 89.4
1FJE 4 CCC 95.3 95.2
1FJE 5 CCG 91.1 80.8
1FJE 7 GAA 49.7 43.5
1FJE 8 AAG 0.2 0.3
1FXL 1 UUU 1.5 1.4
1FXL 2 UUU 21.8 11.1
1FXL 3 UUA 17.8 16.3
1FXL 4 UAU 9.9 8.6
1FXL 5 AUU 85.8 77.8
1FXL 6 UUU 85.0 76.2
1G2E 1 UAU 18.7 9.6
1G2E 2 AUU 0.0 0.1
1M5K 3 UGC 99.1 99.4
1M5K 4 GCA 100.0 100.0
1M5K 5 CAC 100.0 100.0
1M5K 6 ACU 99.7 98.4
1RKJ 1 UCC 94.8 94.4
1RKJ 2 CCC 72.9 62.6
1RKJ 3 CCG 97.3 92.8
1RKJ 5 GAG 0.4 0.0
1URN 3 UGC 98.5 98.7
1URN 4 GCA 100.0 100.0
1URN 5 CAC 99.2 99.2
1ZH5 4 GUU 0.0 0.6
1ZH5 5 UUU 1.9 1.3
2CJK 1 AUA 61.4 56.7
2CJK 2 UAU 99.7 98.5
2CJK 3 AUA 96.7 95.7
2CJK 4 UAU 87.5 86.6
2CJK 5 AUA 15.1 6.4
2G4B 1 UUU 99.6 98.2
2G4B 2 UUU 92.2 97.8
2G4B 3 UUU 83.2 96.3
2HYI 1 UUU 69.9 81.7
2HYI 2 UUU 68.3 86.0
2HYI 3 UUU 100.0 100.0
2J0S 1 UUU 74.9 78.7
2KG0 1 GGG 98.7 96.7
2KG0 2 GGA 90.4 84.7
2KG0 3 GAU 58.8 48.8
2KM8 1 UAU 90.4 89.0
2KM8 2 AUA 73.1 75.4
2KM8 3 UAU 92.5 90.5
2KM8 4 AUA 96.5 96.4
2KM8 5 UAU 64.9 63.9
2KM8 6 AUA 23.7 23.4
2KM8 7 UAA 85.2 78.5
2KM8 8 AAU 78.1 67.9
2KM8 9 AUA 30.5 5.8
2KM8 10 UAA 0.5 0.0
2KXN 1 AGA 86.6 84.3
2KXN 2 GAA 85.7 83.2
2KXN 3 AAC 73.8 60.5
2M8D 2 AAG 98.8 97.6
2M8D 3 AGG 92.0 88.1
2M8D 4 GGA 57.7 57.9
2M8D 5 GAC 4.3 2.7
2MGZ 1 GCA 100.0 100.0
2MGZ 2 CAU 99.9 98.2
2MGZ 3 AUG 95.9 80.6
2MGZ 4 UGG 99.2 67.8
2MGZ 5 GGU 91.4 86.9
2MGZ 6 GUG 95.0 94.4
2MGZ 7 UGU 63.3 65.0
2MGZ 8 GUG 59.1 48.3
2MGZ 9 UGC 22.8 4.9
2MKI 1 UUU 37.1 37.7
2MKI 2 UUA 66.7 54.5
2MQO 1 ACA 78.7 72.7
2MQO 2 CAC 63.2 48.1
2MQO 3 ACA 0.8 2.5
2MQP 1 CAC 74.9 65.0
2MQP 2 ACA 93.6 82.6
2MQP 3 CAC 96.7 95.6
2MXY 1 UUU 71.6 74.2
2MXY 2 UUU 95.3 95.3
2MXY 3 UUU 34.2 41.0
2MXY 4 UUC 0.0 0.0
2N3O 1 UCU 80.3 73.0
2N3O 2 CUU 84.9 71.9
2N3O 3 UUU 35.3 10.9
2RRA 1 AAG 85.7 79.9
2RRA 2 AGA 97.5 97.8
2RRA 3 GAA 98.9 98.6
2VOD 4 UUU 37.0 51.5
2VON 3 AUU 31.7 22.8
2XS7 1 GUU 86.1 86.2
3MOJ 1 GUU 94.9 92.9
3MOJ 2 UUC 46.2 56.1
3NNH 2 UGU 100.0 100.0
3NNH 3 GUU 100.0 100.0
3NNH 4 UUU 71.4 63.2
3NNH 5 UUU 18.9 16.2
3NNH 6 UUG 58.3 34.1
3NNH 7 UGU 94.2 83.5
3NNH 8 GUU 97.1 97.7
3RW6 1 AAG 44.6 45.5
3RW6 2 AGA 4.2 3.4
3RW6 3 GAC 0.0 0.1
SKIP 4BS2 1 UGU
4BS2 2 GUG 98.5 96.4
4BS2 3 UGA 98.3 95.0
4BS2 4 GAA 92.6 82.6
4BS2 5 AAU 79.6 80.7
4CIO 1 GUG 73.9 78.1
4CIO 2 UGU 74.5 74.8
4CIO 3 GUG 95.8 96.2
4CIO 4 UGC 78.4 78.4
4ED5 1 UUU 1.8 0.3
4ED5 2 UUU 14.0 10.6
4ED5 3 UUA 15.7 12.6
4ED5 4 UAU 36.4 30.5
4ED5 5 AUU 89.9 87.6
SKIP 4F02 6 AAA
4N0T 3 ACA 13.9 2.1
4N0T 5 AAU 0.0 0.0
SKIP 4N0T 6 AUA
4N0T 7 UAC 1.7 0.6
4N0T 8 ACA 47.6 12.1
4N0T 10 AGA 99.9 99.9
SKIP 4N0T 11 GAG
4N0T 12 AGA 68.1 62.7
4N0T 13 GAU 52.8 55.9
4N0T 14 AUG 21.2 8.7
4N0T 17 AUC 55.0 83.0
4QQB 1 UUU 6.0 0.9
4QQB 2 UUU 20.9 10.9
4QQB 3 UUU 30.6 22.2
4QQB 4 UUU 44.0 49.8
4QQB 5 UUU 95.1 96.4
4QQB 6 UUG 89.4 83.7
4QQB 7 UGA 26.1 18.5
4QQB 8 GAG 37.3 35.7
4QQB 10 GCA 84.8 13.6
SKIP 4QQB 11 CAC
4QQB 12 ACG 1.1 40.5
4QQB 13 CGU 6.0 7.1
4QQB 14 GUG 20.6 1.8
4YB1 1 CAC 0.0 0.0
5DET 1 UCA 99.0 94.4
5DET 2 CAC 100.0 99.4
5HO4 1 AGG 100.0 100.0
5HO4 2 GGA 93.7 78.4
5MPG 1 UAG 100.0 100.0
5MPG 2 AGG 100.0 100.0
5MPG 3 GGU 98.7 97.9
5MPG 4 GUC 32.1 31.1
5MPL 1 CAG 100.0 100.0
5MPL 2 AGU 100.0 98.9
5MPL 3 GUU 84.7 13.2
5O1Y 1 UAA 81.9 80.6
5TF6 11 GAG 99.2 99.2
5TF6 12 AGA 84.1 81.7
5TF6 13 GAU 71.1 74.4
5WWE 1 GGG 91.1 88.8
5WWE 2 GGA 61.2 29.2
5WWG 1 AGG 99.8 99.9
SKIP 5WWG 2 GGA
SKIP 6ASO 13 GAU
SKIP 6ASO 14 AUG
6DCL 1 UAG 100.0 100.0
SKIP 6DCL 2 AGA
SKIP 6DCL 3 GAU
6DCL 4 AUU 59.4 66.4
6DCL 5 UUA 100.0 100.0
6DCL 6 UAG 100.0 100.0
SKIP 6DCL 7 AGC
6F4G 2 UUG 46.4 0.9
6F4G 3 UGC 92.8 63.6
6F4G 4 GCA 99.9 98.5
6F4G 5 CAG 86.0 69.3
6F4G 6 AGU 81.5 63.7
6F4H 5 CAC 97.7 97.3
6F4H 6 ACC 79.6 77.0
6G2K 1 UUU 47.6 19.3
6G2K 2 UUU 54.4 61.6
6G2K 3 UUU 53.7 73.2
6G2K 4 UUU 27.0 58.7
6GBM 1 AUU 21.8 17.0
6GBM 2 UUC 98.8 84.7
6GC5 3 UUU 68.6 48.3
6GD2 2 UUA 5.4 7.5
6GD2 3 UAU 39.1 32.9
6GD2 4 AUU 39.4 32.2
6GD3 1 UAU 21.9 22.1
6GD3 2 AUU 51.2 45.8
6GD3 3 UUU 68.7 74.7
6GD3 4 UUA 89.7 78.2
6GX6 1 CAC 2.5 0.1
208 124 122
